Finished reading the input models
Sampling the object sizes that will be assigned to the initial objects in the LRU stack ...
Initializing the LRU stack ...  0 % complete
Initializing the LRU stack ...  0 % complete
Initializing the LRU stack ...  0 % complete
Initializing the LRU stack ...  0 % complete
Initializing the LRU stack ...  0 % complete
Initializing the LRU stack ...  1 % complete
Initializing the LRU stack ...  1 % complete
Initializing the LRU stack ...  1 % complete
Initializing the LRU stack ...  1 % complete
Initializing the LRU stack ...  1 % complete
Initializing the LRU stack ...  2 % complete
Initializing the LRU stack ...  2 % complete
Initializing the LRU stack ...  2 % complete
Initializing the LRU stack ...  2 % complete
Initializing the LRU stack ...  2 % complete
Initializing the LRU stack ...  3 % complete
Initializing the LRU stack ...  3 % complete
Initializing the LRU stack ...  3 % complete
Initializing the LRU stack ...  3 % complete
Initializing the LRU stack ...  3 % complete
Initializing the LRU stack ...  4 % complete
Initializing the LRU stack ...  4 % complete
Initializing the LRU stack ...  4 % complete
Initializing the LRU stack ...  4 % complete
Initializing the LRU stack ...  4 % complete
Initializing the LRU stack ...  5 % complete
Initializing the LRU stack ...  5 % complete
Initializing the LRU stack ...  5 % complete
Initializing the LRU stack ...  5 % complete
Initializing the LRU stack ...  5 % complete
Initializing the LRU stack ...  6 % complete
Initializing the LRU stack ...  6 % complete
Initializing the LRU stack ...  6 % complete
Initializing the LRU stack ...  6 % complete
Initializing the LRU stack ...  6 % complete
Initializing the LRU stack ...  7 % complete
Initializing the LRU stack ...  7 % complete
Initializing the LRU stack ...  7 % complete
Initializing the LRU stack ...  7 % complete
Initializing the LRU stack ...  7 % complete
Initializing the LRU stack ...  8 % complete
Initializing the LRU stack ...  8 % complete
Initializing the LRU stack ...  8 % complete
Initializing the LRU stack ...  8 % complete
Initializing the LRU stack ...  8 % complete
Initializing the LRU stack ...  9 % complete
Initializing the LRU stack ...  9 % complete
Initializing the LRU stack ...  9 % complete
Initializing the LRU stack ...  9 % complete
Initializing the LRU stack ...  9 % complete
Initializing the LRU stack ...  10 % complete
Initializing the LRU stack ...  10 % complete
Initializing the LRU stack ...  10 % complete
Initializing the LRU stack ...  10 % complete
Initializing the LRU stack ...  10 % complete
Initializing the LRU stack ...  11 % complete
Initializing the LRU stack ...  11 % complete
Initializing the LRU stack ...  11 % complete
Initializing the LRU stack ...  11 % complete
Initializing the LRU stack ...  11 % complete
Initializing the LRU stack ...  12 % complete
Initializing the LRU stack ...  12 % complete
Initializing the LRU stack ...  12 % complete
Initializing the LRU stack ...  12 % complete
Initializing the LRU stack ...  12 % complete
Initializing the LRU stack ...  13 % complete
Initializing the LRU stack ...  13 % complete
Initializing the LRU stack ...  13 % complete
Initializing the LRU stack ...  13 % complete
Initializing the LRU stack ...  13 % complete
Initializing the LRU stack ...  14 % complete
Initializing the LRU stack ...  14 % complete
Initializing the LRU stack ...  14 % complete
Initializing the LRU stack ...  14 % complete
Initializing the LRU stack ...  14 % complete
Initializing the LRU stack ...  15 % complete
Initializing the LRU stack ...  15 % complete
Initializing the LRU stack ...  15 % complete
Initializing the LRU stack ...  15 % complete
Initializing the LRU stack ...  15 % complete
Initializing the LRU stack ...  16 % complete
Initializing the LRU stack ...  16 % complete
Initializing the LRU stack ...  16 % complete
Initializing the LRU stack ...  16 % complete
Initializing the LRU stack ...  16 % complete
Initializing the LRU stack ...  17 % complete
Initializing the LRU stack ...  17 % complete
Initializing the LRU stack ...  17 % complete
Initializing the LRU stack ...  17 % complete
Initializing the LRU stack ...  17 % complete
Initializing the LRU stack ...  18 % complete
Initializing the LRU stack ...  18 % complete
Initializing the LRU stack ...  18 % complete
Initializing the LRU stack ...  18 % complete
Initializing the LRU stack ...  18 % complete
Initializing the LRU stack ...  19 % complete
Initializing the LRU stack ...  19 % complete
Initializing the LRU stack ...  19 % complete
Initializing the LRU stack ...  19 % complete
Initializing the LRU stack ...  19 % complete
Initializing the LRU stack ...  20 % complete
Initializing the LRU stack ...  20 % complete
Initializing the LRU stack ...  20 % complete
Initializing the LRU stack ...  20 % complete
Initializing the LRU stack ...  20 % complete
Initializing the LRU stack ...  21 % complete
Initializing the LRU stack ...  21 % complete
Initializing the LRU stack ...  21 % complete
Initializing the LRU stack ...  21 % complete
Initializing the LRU stack ...  21 % complete
Initializing the LRU stack ...  22 % complete
Initializing the LRU stack ...  22 % complete
Initializing the LRU stack ...  22 % complete
Initializing the LRU stack ...  22 % complete
Initializing the LRU stack ...  22 % complete
Initializing the LRU stack ...  23 % complete
Initializing the LRU stack ...  23 % complete
Initializing the LRU stack ...  23 % complete
Initializing the LRU stack ...  23 % complete
Initializing the LRU stack ...  23 % complete
Initializing the LRU stack ...  24 % complete
Initializing the LRU stack ...  24 % complete
Initializing the LRU stack ...  24 % complete
Initializing the LRU stack ...  24 % complete
Initializing the LRU stack ...  24 % complete
Initializing the LRU stack ...  25 % complete
Initializing the LRU stack ...  25 % complete
Initializing the LRU stack ...  25 % complete
Initializing the LRU stack ...  25 % complete
Initializing the LRU stack ...  25 % complete
Initializing the LRU stack ...  26 % complete
Initializing the LRU stack ...  26 % complete
Initializing the LRU stack ...  26 % complete
Initializing the LRU stack ...  26 % complete
Initializing the LRU stack ...  26 % complete
Initializing the LRU stack ...  27 % complete
Initializing the LRU stack ...  27 % complete
Initializing the LRU stack ...  27 % complete
Initializing the LRU stack ...  27 % complete
Initializing the LRU stack ...  27 % complete
Initializing the LRU stack ...  28 % complete
Initializing the LRU stack ...  28 % complete
Initializing the LRU stack ...  28 % complete
Initializing the LRU stack ...  28 % complete
Initializing the LRU stack ...  28 % complete
Initializing the LRU stack ...  29 % complete
Initializing the LRU stack ...  29 % complete
Initializing the LRU stack ...  29 % complete
Initializing the LRU stack ...  29 % complete
Initializing the LRU stack ...  29 % complete
Initializing the LRU stack ...  30 % complete
Initializing the LRU stack ...  30 % complete
Initializing the LRU stack ...  30 % complete
Initializing the LRU stack ...  30 % complete
Initializing the LRU stack ...  30 % complete
Initializing the LRU stack ...  31 % complete
Initializing the LRU stack ...  31 % complete
Initializing the LRU stack ...  31 % complete
Initializing the LRU stack ...  31 % complete
Initializing the LRU stack ...  31 % complete
Initializing the LRU stack ...  32 % complete
Initializing the LRU stack ...  32 % complete
Initializing the LRU stack ...  32 % complete
Initializing the LRU stack ...  32 % complete
Initializing the LRU stack ...  32 % complete
Initializing the LRU stack ...  33 % complete
Initializing the LRU stack ...  33 % complete
Initializing the LRU stack ...  33 % complete
Initializing the LRU stack ...  33 % complete
Initializing the LRU stack ...  33 % complete
Initializing the LRU stack ...  34 % complete
Initializing the LRU stack ...  34 % complete
Initializing the LRU stack ...  34 % complete
Initializing the LRU stack ...  34 % complete
Initializing the LRU stack ...  34 % complete
Initializing the LRU stack ...  35 % complete
Initializing the LRU stack ...  35 % complete
Initializing the LRU stack ...  35 % complete
Initializing the LRU stack ...  35 % complete
Initializing the LRU stack ...  35 % complete
Initializing the LRU stack ...  36 % complete
Initializing the LRU stack ...  36 % complete
Initializing the LRU stack ...  36 % complete
Initializing the LRU stack ...  36 % complete
Initializing the LRU stack ...  36 % complete
Initializing the LRU stack ...  37 % complete
Initializing the LRU stack ...  37 % complete
Initializing the LRU stack ...  37 % complete
Initializing the LRU stack ...  37 % complete
Initializing the LRU stack ...  37 % complete
Initializing the LRU stack ...  38 % complete
Initializing the LRU stack ...  38 % complete
Initializing the LRU stack ...  38 % complete
Initializing the LRU stack ...  38 % complete
Initializing the LRU stack ...  38 % complete
Initializing the LRU stack ...  39 % complete
Initializing the LRU stack ...  39 % complete
Initializing the LRU stack ...  39 % complete
Initializing the LRU stack ...  39 % complete
Initializing the LRU stack ...  39 % complete
Initializing the LRU stack ...  40 % complete
Initializing the LRU stack ...  40 % complete
Initializing the LRU stack ...  40 % complete
Initializing the LRU stack ...  40 % complete
Initializing the LRU stack ...  40 % complete
Initializing the LRU stack ...  41 % complete
Initializing the LRU stack ...  41 % complete
Initializing the LRU stack ...  41 % complete
Initializing the LRU stack ...  41 % complete
Initializing the LRU stack ...  41 % complete
Initializing the LRU stack ...  42 % complete
Initializing the LRU stack ...  42 % complete
Initializing the LRU stack ...  42 % complete
Initializing the LRU stack ...  42 % complete
Initializing the LRU stack ...  42 % complete
Initializing the LRU stack ...  43 % complete
Initializing the LRU stack ...  43 % complete
Initializing the LRU stack ...  43 % complete
Initializing the LRU stack ...  43 % complete
Initializing the LRU stack ...  43 % complete
Initializing the LRU stack ...  44 % complete
Initializing the LRU stack ...  44 % complete
Initializing the LRU stack ...  44 % complete
Initializing the LRU stack ...  44 % complete
Initializing the LRU stack ...  44 % complete
Initializing the LRU stack ...  45 % complete
Initializing the LRU stack ...  45 % complete
Initializing the LRU stack ...  45 % complete
Initializing the LRU stack ...  45 % complete
Initializing the LRU stack ...  45 % complete
Initializing the LRU stack ...  46 % complete
Initializing the LRU stack ...  46 % complete
Initializing the LRU stack ...  46 % complete
Initializing the LRU stack ...  46 % complete
Initializing the LRU stack ...  46 % complete
Initializing the LRU stack ...  47 % complete
Initializing the LRU stack ...  47 % complete
Initializing the LRU stack ...  47 % complete
Initializing the LRU stack ...  47 % complete
Initializing the LRU stack ...  47 % complete
Initializing the LRU stack ...  48 % complete
Initializing the LRU stack ...  48 % complete
Initializing the LRU stack ...  48 % complete
Initializing the LRU stack ...  48 % complete
Initializing the LRU stack ...  48 % complete
Initializing the LRU stack ...  49 % complete
Initializing the LRU stack ...  49 % complete
Initializing the LRU stack ...  49 % complete
Initializing the LRU stack ...  49 % complete
Initializing the LRU stack ...  49 % complete
Initializing the LRU stack ...  50 % complete
Initializing the LRU stack ...  50 % complete
Initializing the LRU stack ...  50 % complete
Initializing the LRU stack ...  50 % complete
Initializing the LRU stack ...  50 % complete
Initializing the LRU stack ...  51 % complete
Initializing the LRU stack ...  51 % complete
Initializing the LRU stack ...  51 % complete
Initializing the LRU stack ...  51 % complete
Initializing the LRU stack ...  51 % complete
Initializing the LRU stack ...  52 % complete
Initializing the LRU stack ...  52 % complete
Initializing the LRU stack ...  52 % complete
Initializing the LRU stack ...  52 % complete
Initializing the LRU stack ...  52 % complete
Initializing the LRU stack ...  53 % complete
Initializing the LRU stack ...  53 % complete
Initializing the LRU stack ...  53 % complete
Initializing the LRU stack ...  53 % complete
Initializing the LRU stack ...  53 % complete
Initializing the LRU stack ...  54 % complete
Initializing the LRU stack ...  54 % complete
Initializing the LRU stack ...  54 % complete
Initializing the LRU stack ...  54 % complete
Initializing the LRU stack ...  54 % complete
Initializing the LRU stack ...  55 % complete
Initializing the LRU stack ...  55 % complete
Initializing the LRU stack ...  55 % complete
Initializing the LRU stack ...  55 % complete
Initializing the LRU stack ...  55 % complete
Initializing the LRU stack ...  56 % complete
Initializing the LRU stack ...  56 % complete
Initializing the LRU stack ...  56 % complete
Initializing the LRU stack ...  56 % complete
Initializing the LRU stack ...  56 % complete
Initializing the LRU stack ...  57 % complete
Initializing the LRU stack ...  57 % complete
Initializing the LRU stack ...  57 % complete
Initializing the LRU stack ...  57 % complete
Initializing the LRU stack ...  57 % complete
Initializing the LRU stack ...  58 % complete
Initializing the LRU stack ...  58 % complete
Initializing the LRU stack ...  58 % complete
Initializing the LRU stack ...  58 % complete
Initializing the LRU stack ...  58 % complete
Initializing the LRU stack ...  59 % complete
Initializing the LRU stack ...  59 % complete
Initializing the LRU stack ...  59 % complete
Initializing the LRU stack ...  59 % complete
Initializing the LRU stack ...  59 % complete
Initializing the LRU stack ...  60 % complete
Initializing the LRU stack ...  60 % complete
Initializing the LRU stack ...  60 % complete
Initializing the LRU stack ...  60 % complete
Initializing the LRU stack ...  60 % complete
Initializing the LRU stack ...  61 % complete
Initializing the LRU stack ...  61 % complete
Initializing the LRU stack ...  61 % complete
Initializing the LRU stack ...  61 % complete
Initializing the LRU stack ...  61 % complete
Initializing the LRU stack ...  62 % complete
Initializing the LRU stack ...  62 % complete
Initializing the LRU stack ...  62 % complete
Initializing the LRU stack ...  62 % complete
Initializing the LRU stack ...  62 % complete
Initializing the LRU stack ...  63 % complete
Initializing the LRU stack ...  63 % complete
Initializing the LRU stack ...  63 % complete
Initializing the LRU stack ...  63 % complete
Initializing the LRU stack ...  63 % complete
Initializing the LRU stack ...  64 % complete
Initializing the LRU stack ...  64 % complete
Initializing the LRU stack ...  64 % complete
Initializing the LRU stack ...  64 % complete
Initializing the LRU stack ...  64 % complete
Initializing the LRU stack ...  65 % complete
Initializing the LRU stack ...  65 % complete
Initializing the LRU stack ...  65 % complete
Initializing the LRU stack ...  65 % complete
Initializing the LRU stack ...  65 % complete
Initializing the LRU stack ...  66 % complete
Initializing the LRU stack ...  66 % complete
Initializing the LRU stack ...  66 % complete
Initializing the LRU stack ...  66 % complete
Initializing the LRU stack ...  66 % complete
Initializing the LRU stack ...  67 % complete
Initializing the LRU stack ...  67 % complete
Initializing the LRU stack ...  67 % complete
Initializing the LRU stack ...  67 % complete
Initializing the LRU stack ...  67 % complete
Initializing the LRU stack ...  68 % complete
Initializing the LRU stack ...  68 % complete
Initializing the LRU stack ...  68 % complete
Initializing the LRU stack ...  68 % complete
Initializing the LRU stack ...  68 % complete
Initializing the LRU stack ...  69 % complete
Initializing the LRU stack ...  69 % complete
Initializing the LRU stack ...  69 % complete
Initializing the LRU stack ...  69 % complete
Initializing the LRU stack ...  69 % complete
Initializing the LRU stack ...  70 % complete
Initializing the LRU stack ...  70 % complete
Initializing the LRU stack ...  70 % complete
Initializing the LRU stack ...  70 % complete
Initializing the LRU stack ...  70 % complete
Initializing the LRU stack ...  71 % complete
Initializing the LRU stack ...  71 % complete
Initializing the LRU stack ...  71 % complete
Initializing the LRU stack ...  71 % complete
Initializing the LRU stack ...  71 % complete
Initializing the LRU stack ...  72 % complete
Initializing the LRU stack ...  72 % complete
Initializing the LRU stack ...  72 % complete
Initializing the LRU stack ...  72 % complete
Initializing the LRU stack ...  72 % complete
Initializing the LRU stack ...  73 % complete
Initializing the LRU stack ...  73 % complete
Initializing the LRU stack ...  73 % complete
Initializing the LRU stack ...  73 % complete
Initializing the LRU stack ...  73 % complete
Initializing the LRU stack ...  74 % complete
Initializing the LRU stack ...  74 % complete
Initializing the LRU stack ...  74 % complete
Initializing the LRU stack ...  74 % complete
Initializing the LRU stack ...  74 % complete
Initializing the LRU stack ...  75 % complete
Initializing the LRU stack ...  75 % complete
Initializing the LRU stack ...  75 % complete
Initializing the LRU stack ...  75 % complete
Initializing the LRU stack ...  75 % complete
Initializing the LRU stack ...  76 % complete
Initializing the LRU stack ...  76 % complete
Initializing the LRU stack ...  76 % complete
Initializing the LRU stack ...  76 % complete
Initializing the LRU stack ...  76 % complete
Initializing the LRU stack ...  77 % complete
Initializing the LRU stack ...  77 % complete
Initializing the LRU stack ...  77 % complete
Initializing the LRU stack ...  77 % complete
Initializing the LRU stack ...  77 % complete
Initializing the LRU stack ...  78 % complete
Initializing the LRU stack ...  78 % complete
Initializing the LRU stack ...  78 % complete
Initializing the LRU stack ...  78 % complete
Initializing the LRU stack ...  78 % complete
Initializing the LRU stack ...  79 % complete
Initializing the LRU stack ...  79 % complete
Initializing the LRU stack ...  79 % complete
Initializing the LRU stack ...  79 % complete
Initializing the LRU stack ...  79 % complete
Initializing the LRU stack ...  80 % complete
Initializing the LRU stack ...  80 % complete
Initializing the LRU stack ...  80 % complete
Initializing the LRU stack ...  80 % complete
Initializing the LRU stack ...  80 % complete
Initializing the LRU stack ...  81 % complete
Initializing the LRU stack ...  81 % complete
Initializing the LRU stack ...  81 % complete
Initializing the LRU stack ...  81 % complete
Initializing the LRU stack ...  81 % complete
Initializing the LRU stack ...  82 % complete
Initializing the LRU stack ...  82 % complete
Initializing the LRU stack ...  82 % complete
Initializing the LRU stack ...  82 % complete
Initializing the LRU stack ...  82 % complete
Initializing the LRU stack ...  83 % complete
Initializing the LRU stack ...  83 % complete
Initializing the LRU stack ...  83 % complete
Initializing the LRU stack ...  83 % complete
Initializing the LRU stack ...  83 % complete
Initializing the LRU stack ...  84 % complete
Initializing the LRU stack ...  84 % complete
Initializing the LRU stack ...  84 % complete
Initializing the LRU stack ...  84 % complete
Initializing the LRU stack ...  84 % complete
Initializing the LRU stack ...  85 % complete
Initializing the LRU stack ...  85 % complete
Initializing the LRU stack ...  85 % complete
Initializing the LRU stack ...  85 % complete
Initializing the LRU stack ...  85 % complete
Initializing the LRU stack ...  86 % complete
Initializing the LRU stack ...  86 % complete
Initializing the LRU stack ...  86 % complete
Initializing the LRU stack ...  86 % complete
Initializing the LRU stack ...  86 % complete
Initializing the LRU stack ...  87 % complete
Initializing the LRU stack ...  87 % complete
Initializing the LRU stack ...  87 % complete
Initializing the LRU stack ...  87 % complete
Initializing the LRU stack ...  87 % complete
Initializing the LRU stack ...  88 % complete
Initializing the LRU stack ...  88 % complete
Initializing the LRU stack ...  88 % complete
Initializing the LRU stack ...  88 % complete
Initializing the LRU stack ...  88 % complete
Initializing the LRU stack ...  89 % complete
Initializing the LRU stack ...  89 % complete
Initializing the LRU stack ...  89 % complete
Initializing the LRU stack ...  89 % complete
Initializing the LRU stack ...  89 % complete
Initializing the LRU stack ...  90 % complete
Initializing the LRU stack ...  90 % complete
Initializing the LRU stack ...  90 % complete
Initializing the LRU stack ...  90 % complete
Initializing the LRU stack ...  90 % complete
Initializing the LRU stack ...  91 % complete
Initializing the LRU stack ...  91 % complete
Initializing the LRU stack ...  91 % complete
Initializing the LRU stack ...  91 % complete
Initializing the LRU stack ...  91 % complete
Initializing the LRU stack ...  92 % complete
Initializing the LRU stack ...  92 % complete
Initializing the LRU stack ...  92 % complete
Initializing the LRU stack ...  92 % complete
Initializing the LRU stack ...  92 % complete
Initializing the LRU stack ...  93 % complete
Initializing the LRU stack ...  93 % complete
Initializing the LRU stack ...  93 % complete
Initializing the LRU stack ...  93 % complete
Initializing the LRU stack ...  93 % complete
Initializing the LRU stack ...  94 % complete
Initializing the LRU stack ...  94 % complete
Initializing the LRU stack ...  94 % complete
Initializing the LRU stack ...  94 % complete
Initializing the LRU stack ...  94 % complete
Initializing the LRU stack ...  95 % complete
Initializing the LRU stack ...  95 % complete
Initializing the LRU stack ...  95 % complete
Initializing the LRU stack ...  95 % complete
Initializing the LRU stack ...  95 % complete
Initializing the LRU stack ...  96 % complete
Initializing the LRU stack ...  96 % complete
Initializing the LRU stack ...  96 % complete
Initializing the LRU stack ...  96 % complete
Initializing the LRU stack ...  96 % complete
Initializing the LRU stack ...  97 % complete
Initializing the LRU stack ...  97 % complete
Initializing the LRU stack ...  97 % complete
Initializing the LRU stack ...  97 % complete
Initializing the LRU stack ...  97 % complete
Initializing the LRU stack ...  98 % complete
Initializing the LRU stack ...  98 % complete
Initializing the LRU stack ...  98 % complete
Initializing the LRU stack ...  98 % complete
Initializing the LRU stack ...  98 % complete
Initializing the LRU stack ...  99 % complete
Initializing the LRU stack ...  99 % complete
Initializing the LRU stack ...  99 % complete
Initializing the LRU stack ...  99 % complete
Initializing the LRU stack ...  99 % complete
Representing the cache as leaves of a tree ...  0 % complete
Representing the cache as leaves of a tree ...  0 % complete
Representing the cache as leaves of a tree ...  0 % complete
Representing the cache as leaves of a tree ...  0 % complete
Representing the cache as leaves of a tree ...  0 % complete
Representing the cache as leaves of a tree ...  0 % complete
Representing the cache as leaves of a tree ...  1 % complete
Representing the cache as leaves of a tree ...  1 % complete
Representing the cache as leaves of a tree ...  1 % complete
Representing the cache as leaves of a tree ...  1 % complete
Representing the cache as leaves of a tree ...  1 % complete
Representing the cache as leaves of a tree ...  2 % complete
Representing the cache as leaves of a tree ...  2 % complete
Representing the cache as leaves of a tree ...  2 % complete
Representing the cache as leaves of a tree ...  2 % complete
Representing the cache as leaves of a tree ...  2 % complete
Representing the cache as leaves of a tree ...  3 % complete
Representing the cache as leaves of a tree ...  3 % complete
Representing the cache as leaves of a tree ...  3 % complete
Representing the cache as leaves of a tree ...  3 % complete
Representing the cache as leaves of a tree ...  3 % complete
Representing the cache as leaves of a tree ...  4 % complete
Representing the cache as leaves of a tree ...  4 % complete
Representing the cache as leaves of a tree ...  4 % complete
Representing the cache as leaves of a tree ...  4 % complete
Representing the cache as leaves of a tree ...  4 % complete
Representing the cache as leaves of a tree ...  5 % complete
Representing the cache as leaves of a tree ...  5 % complete
Representing the cache as leaves of a tree ...  5 % complete
Representing the cache as leaves of a tree ...  5 % complete
Representing the cache as leaves of a tree ...  5 % complete
Representing the cache as leaves of a tree ...  6 % complete
Representing the cache as leaves of a tree ...  6 % complete
Representing the cache as leaves of a tree ...  6 % complete
Representing the cache as leaves of a tree ...  6 % complete
Representing the cache as leaves of a tree ...  6 % complete
Representing the cache as leaves of a tree ...  7 % complete
Representing the cache as leaves of a tree ...  7 % complete
Representing the cache as leaves of a tree ...  7 % complete
Representing the cache as leaves of a tree ...  7 % complete
Representing the cache as leaves of a tree ...  7 % complete
Representing the cache as leaves of a tree ...  8 % complete
Representing the cache as leaves of a tree ...  8 % complete
Representing the cache as leaves of a tree ...  8 % complete
Representing the cache as leaves of a tree ...  8 % complete
Representing the cache as leaves of a tree ...  8 % complete
Representing the cache as leaves of a tree ...  9 % complete
Representing the cache as leaves of a tree ...  9 % complete
Representing the cache as leaves of a tree ...  9 % complete
Representing the cache as leaves of a tree ...  9 % complete
Representing the cache as leaves of a tree ...  9 % complete
Representing the cache as leaves of a tree ...  10 % complete
Representing the cache as leaves of a tree ...  10 % complete
Representing the cache as leaves of a tree ...  10 % complete
Representing the cache as leaves of a tree ...  10 % complete
Representing the cache as leaves of a tree ...  10 % complete
Representing the cache as leaves of a tree ...  11 % complete
Representing the cache as leaves of a tree ...  11 % complete
Representing the cache as leaves of a tree ...  11 % complete
Representing the cache as leaves of a tree ...  11 % complete
Representing the cache as leaves of a tree ...  11 % complete
Representing the cache as leaves of a tree ...  12 % complete
Representing the cache as leaves of a tree ...  12 % complete
Representing the cache as leaves of a tree ...  12 % complete
Representing the cache as leaves of a tree ...  12 % complete
Representing the cache as leaves of a tree ...  12 % complete
Representing the cache as leaves of a tree ...  13 % complete
Representing the cache as leaves of a tree ...  13 % complete
Representing the cache as leaves of a tree ...  13 % complete
Representing the cache as leaves of a tree ...  13 % complete
Representing the cache as leaves of a tree ...  13 % complete
Representing the cache as leaves of a tree ...  14 % complete
Representing the cache as leaves of a tree ...  14 % complete
Representing the cache as leaves of a tree ...  14 % complete
Representing the cache as leaves of a tree ...  14 % complete
Representing the cache as leaves of a tree ...  14 % complete
Representing the cache as leaves of a tree ...  15 % complete
Representing the cache as leaves of a tree ...  15 % complete
Representing the cache as leaves of a tree ...  15 % complete
Representing the cache as leaves of a tree ...  15 % complete
Representing the cache as leaves of a tree ...  15 % complete
Representing the cache as leaves of a tree ...  16 % complete
Representing the cache as leaves of a tree ...  16 % complete
Representing the cache as leaves of a tree ...  16 % complete
Representing the cache as leaves of a tree ...  16 % complete
Representing the cache as leaves of a tree ...  16 % complete
Representing the cache as leaves of a tree ...  17 % complete
Representing the cache as leaves of a tree ...  17 % complete
Representing the cache as leaves of a tree ...  17 % complete
Representing the cache as leaves of a tree ...  17 % complete
Representing the cache as leaves of a tree ...  17 % complete
Representing the cache as leaves of a tree ...  18 % complete
Representing the cache as leaves of a tree ...  18 % complete
Representing the cache as leaves of a tree ...  18 % complete
Representing the cache as leaves of a tree ...  18 % complete
Representing the cache as leaves of a tree ...  18 % complete
Representing the cache as leaves of a tree ...  19 % complete
Representing the cache as leaves of a tree ...  19 % complete
Representing the cache as leaves of a tree ...  19 % complete
Representing the cache as leaves of a tree ...  19 % complete
Representing the cache as leaves of a tree ...  19 % complete
Representing the cache as leaves of a tree ...  20 % complete
Representing the cache as leaves of a tree ...  20 % complete
Representing the cache as leaves of a tree ...  20 % complete
Representing the cache as leaves of a tree ...  20 % complete
Representing the cache as leaves of a tree ...  20 % complete
Representing the cache as leaves of a tree ...  21 % complete
Representing the cache as leaves of a tree ...  21 % complete
Representing the cache as leaves of a tree ...  21 % complete
Representing the cache as leaves of a tree ...  21 % complete
Representing the cache as leaves of a tree ...  21 % complete
Representing the cache as leaves of a tree ...  22 % complete
Representing the cache as leaves of a tree ...  22 % complete
Representing the cache as leaves of a tree ...  22 % complete
Representing the cache as leaves of a tree ...  22 % complete
Representing the cache as leaves of a tree ...  22 % complete
Representing the cache as leaves of a tree ...  23 % complete
Representing the cache as leaves of a tree ...  23 % complete
Representing the cache as leaves of a tree ...  23 % complete
Representing the cache as leaves of a tree ...  23 % complete
Representing the cache as leaves of a tree ...  23 % complete
Representing the cache as leaves of a tree ...  24 % complete
Representing the cache as leaves of a tree ...  24 % complete
Representing the cache as leaves of a tree ...  24 % complete
Representing the cache as leaves of a tree ...  24 % complete
Representing the cache as leaves of a tree ...  24 % complete
Representing the cache as leaves of a tree ...  25 % complete
Representing the cache as leaves of a tree ...  25 % complete
Representing the cache as leaves of a tree ...  25 % complete
Representing the cache as leaves of a tree ...  25 % complete
Representing the cache as leaves of a tree ...  25 % complete
Representing the cache as leaves of a tree ...  26 % complete
Representing the cache as leaves of a tree ...  26 % complete
Representing the cache as leaves of a tree ...  26 % complete
Representing the cache as leaves of a tree ...  26 % complete
Representing the cache as leaves of a tree ...  26 % complete
Representing the cache as leaves of a tree ...  27 % complete
Representing the cache as leaves of a tree ...  27 % complete
Representing the cache as leaves of a tree ...  27 % complete
Representing the cache as leaves of a tree ...  27 % complete
Representing the cache as leaves of a tree ...  27 % complete
Representing the cache as leaves of a tree ...  28 % complete
Representing the cache as leaves of a tree ...  28 % complete
Representing the cache as leaves of a tree ...  28 % complete
Representing the cache as leaves of a tree ...  28 % complete
Representing the cache as leaves of a tree ...  28 % complete
Representing the cache as leaves of a tree ...  29 % complete
Representing the cache as leaves of a tree ...  29 % complete
Representing the cache as leaves of a tree ...  29 % complete
Representing the cache as leaves of a tree ...  29 % complete
Representing the cache as leaves of a tree ...  29 % complete
Representing the cache as leaves of a tree ...  30 % complete
Representing the cache as leaves of a tree ...  30 % complete
Representing the cache as leaves of a tree ...  30 % complete
Representing the cache as leaves of a tree ...  30 % complete
Representing the cache as leaves of a tree ...  30 % complete
Representing the cache as leaves of a tree ...  31 % complete
Representing the cache as leaves of a tree ...  31 % complete
Representing the cache as leaves of a tree ...  31 % complete
Representing the cache as leaves of a tree ...  31 % complete
Representing the cache as leaves of a tree ...  31 % complete
Representing the cache as leaves of a tree ...  32 % complete
Representing the cache as leaves of a tree ...  32 % complete
Representing the cache as leaves of a tree ...  32 % complete
Representing the cache as leaves of a tree ...  32 % complete
Representing the cache as leaves of a tree ...  32 % complete
Representing the cache as leaves of a tree ...  33 % complete
Representing the cache as leaves of a tree ...  33 % complete
Representing the cache as leaves of a tree ...  33 % complete
Representing the cache as leaves of a tree ...  33 % complete
Representing the cache as leaves of a tree ...  33 % complete
Representing the cache as leaves of a tree ...  34 % complete
Representing the cache as leaves of a tree ...  34 % complete
Representing the cache as leaves of a tree ...  34 % complete
Representing the cache as leaves of a tree ...  34 % complete
Representing the cache as leaves of a tree ...  34 % complete
Representing the cache as leaves of a tree ...  35 % complete
Representing the cache as leaves of a tree ...  35 % complete
Representing the cache as leaves of a tree ...  35 % complete
Representing the cache as leaves of a tree ...  35 % complete
Representing the cache as leaves of a tree ...  35 % complete
Representing the cache as leaves of a tree ...  36 % complete
Representing the cache as leaves of a tree ...  36 % complete
Representing the cache as leaves of a tree ...  36 % complete
Representing the cache as leaves of a tree ...  36 % complete
Representing the cache as leaves of a tree ...  36 % complete
Representing the cache as leaves of a tree ...  37 % complete
Representing the cache as leaves of a tree ...  37 % complete
Representing the cache as leaves of a tree ...  37 % complete
Representing the cache as leaves of a tree ...  37 % complete
Representing the cache as leaves of a tree ...  37 % complete
Representing the cache as leaves of a tree ...  38 % complete
Representing the cache as leaves of a tree ...  38 % complete
Representing the cache as leaves of a tree ...  38 % complete
Representing the cache as leaves of a tree ...  38 % complete
Representing the cache as leaves of a tree ...  38 % complete
Representing the cache as leaves of a tree ...  39 % complete
Representing the cache as leaves of a tree ...  39 % complete
Representing the cache as leaves of a tree ...  39 % complete
Representing the cache as leaves of a tree ...  39 % complete
Representing the cache as leaves of a tree ...  39 % complete
Representing the cache as leaves of a tree ...  40 % complete
Representing the cache as leaves of a tree ...  40 % complete
Representing the cache as leaves of a tree ...  40 % complete
Representing the cache as leaves of a tree ...  40 % complete
Representing the cache as leaves of a tree ...  40 % complete
Representing the cache as leaves of a tree ...  41 % complete
Representing the cache as leaves of a tree ...  41 % complete
Representing the cache as leaves of a tree ...  41 % complete
Representing the cache as leaves of a tree ...  41 % complete
Representing the cache as leaves of a tree ...  41 % complete
Representing the cache as leaves of a tree ...  42 % complete
Representing the cache as leaves of a tree ...  42 % complete
Representing the cache as leaves of a tree ...  42 % complete
Representing the cache as leaves of a tree ...  42 % complete
Representing the cache as leaves of a tree ...  42 % complete
Representing the cache as leaves of a tree ...  43 % complete
Representing the cache as leaves of a tree ...  43 % complete
Representing the cache as leaves of a tree ...  43 % complete
Representing the cache as leaves of a tree ...  43 % complete
Representing the cache as leaves of a tree ...  43 % complete
Representing the cache as leaves of a tree ...  44 % complete
Representing the cache as leaves of a tree ...  44 % complete
Representing the cache as leaves of a tree ...  44 % complete
Representing the cache as leaves of a tree ...  44 % complete
Representing the cache as leaves of a tree ...  44 % complete
Representing the cache as leaves of a tree ...  45 % complete
Representing the cache as leaves of a tree ...  45 % complete
Representing the cache as leaves of a tree ...  45 % complete
Representing the cache as leaves of a tree ...  45 % complete
Representing the cache as leaves of a tree ...  45 % complete
Representing the cache as leaves of a tree ...  46 % complete
Representing the cache as leaves of a tree ...  46 % complete
Representing the cache as leaves of a tree ...  46 % complete
Representing the cache as leaves of a tree ...  46 % complete
Representing the cache as leaves of a tree ...  46 % complete
Representing the cache as leaves of a tree ...  47 % complete
Representing the cache as leaves of a tree ...  47 % complete
Representing the cache as leaves of a tree ...  47 % complete
Representing the cache as leaves of a tree ...  47 % complete
Representing the cache as leaves of a tree ...  47 % complete
Representing the cache as leaves of a tree ...  48 % complete
Representing the cache as leaves of a tree ...  48 % complete
Representing the cache as leaves of a tree ...  48 % complete
Representing the cache as leaves of a tree ...  48 % complete
Representing the cache as leaves of a tree ...  48 % complete
Representing the cache as leaves of a tree ...  49 % complete
Representing the cache as leaves of a tree ...  49 % complete
Representing the cache as leaves of a tree ...  49 % complete
Representing the cache as leaves of a tree ...  49 % complete
Representing the cache as leaves of a tree ...  49 % complete
Representing the cache as leaves of a tree ...  50 % complete
Representing the cache as leaves of a tree ...  50 % complete
Representing the cache as leaves of a tree ...  50 % complete
Representing the cache as leaves of a tree ...  50 % complete
Representing the cache as leaves of a tree ...  50 % complete
Representing the cache as leaves of a tree ...  51 % complete
Representing the cache as leaves of a tree ...  51 % complete
Representing the cache as leaves of a tree ...  51 % complete
Representing the cache as leaves of a tree ...  51 % complete
Representing the cache as leaves of a tree ...  51 % complete
Representing the cache as leaves of a tree ...  52 % complete
Representing the cache as leaves of a tree ...  52 % complete
Representing the cache as leaves of a tree ...  52 % complete
Representing the cache as leaves of a tree ...  52 % complete
Representing the cache as leaves of a tree ...  52 % complete
Representing the cache as leaves of a tree ...  53 % complete
Representing the cache as leaves of a tree ...  53 % complete
Representing the cache as leaves of a tree ...  53 % complete
Representing the cache as leaves of a tree ...  53 % complete
Representing the cache as leaves of a tree ...  53 % complete
Representing the cache as leaves of a tree ...  54 % complete
Representing the cache as leaves of a tree ...  54 % complete
Representing the cache as leaves of a tree ...  54 % complete
Representing the cache as leaves of a tree ...  54 % complete
Representing the cache as leaves of a tree ...  54 % complete
Representing the cache as leaves of a tree ...  55 % complete
Representing the cache as leaves of a tree ...  55 % complete
Representing the cache as leaves of a tree ...  55 % complete
Representing the cache as leaves of a tree ...  55 % complete
Representing the cache as leaves of a tree ...  55 % complete
Representing the cache as leaves of a tree ...  56 % complete
Representing the cache as leaves of a tree ...  56 % complete
Representing the cache as leaves of a tree ...  56 % complete
Representing the cache as leaves of a tree ...  56 % complete
Representing the cache as leaves of a tree ...  56 % complete
Representing the cache as leaves of a tree ...  57 % complete
Representing the cache as leaves of a tree ...  57 % complete
Representing the cache as leaves of a tree ...  57 % complete
Representing the cache as leaves of a tree ...  57 % complete
Representing the cache as leaves of a tree ...  57 % complete
Representing the cache as leaves of a tree ...  58 % complete
Representing the cache as leaves of a tree ...  58 % complete
Representing the cache as leaves of a tree ...  58 % complete
Representing the cache as leaves of a tree ...  58 % complete
Representing the cache as leaves of a tree ...  58 % complete
Representing the cache as leaves of a tree ...  59 % complete
Representing the cache as leaves of a tree ...  59 % complete
Representing the cache as leaves of a tree ...  59 % complete
Representing the cache as leaves of a tree ...  59 % complete
Representing the cache as leaves of a tree ...  59 % complete
Representing the cache as leaves of a tree ...  60 % complete
Representing the cache as leaves of a tree ...  60 % complete
Representing the cache as leaves of a tree ...  60 % complete
Representing the cache as leaves of a tree ...  60 % complete
Representing the cache as leaves of a tree ...  60 % complete
Representing the cache as leaves of a tree ...  61 % complete
Representing the cache as leaves of a tree ...  61 % complete
Representing the cache as leaves of a tree ...  61 % complete
Representing the cache as leaves of a tree ...  61 % complete
Representing the cache as leaves of a tree ...  61 % complete
Representing the cache as leaves of a tree ...  62 % complete
Representing the cache as leaves of a tree ...  62 % complete
Representing the cache as leaves of a tree ...  62 % complete
Representing the cache as leaves of a tree ...  62 % complete
Representing the cache as leaves of a tree ...  62 % complete
Representing the cache as leaves of a tree ...  63 % complete
Representing the cache as leaves of a tree ...  63 % complete
Representing the cache as leaves of a tree ...  63 % complete
Representing the cache as leaves of a tree ...  63 % complete
Representing the cache as leaves of a tree ...  63 % complete
Representing the cache as leaves of a tree ...  64 % complete
Representing the cache as leaves of a tree ...  64 % complete
Representing the cache as leaves of a tree ...  64 % complete
Representing the cache as leaves of a tree ...  64 % complete
Representing the cache as leaves of a tree ...  64 % complete
Representing the cache as leaves of a tree ...  65 % complete
Representing the cache as leaves of a tree ...  65 % complete
Representing the cache as leaves of a tree ...  65 % complete
Representing the cache as leaves of a tree ...  65 % complete
Representing the cache as leaves of a tree ...  65 % complete
Representing the cache as leaves of a tree ...  66 % complete
Representing the cache as leaves of a tree ...  66 % complete
Representing the cache as leaves of a tree ...  66 % complete
Representing the cache as leaves of a tree ...  66 % complete
Representing the cache as leaves of a tree ...  66 % complete
Representing the cache as leaves of a tree ...  67 % complete
Representing the cache as leaves of a tree ...  67 % complete
Representing the cache as leaves of a tree ...  67 % complete
Representing the cache as leaves of a tree ...  67 % complete
Representing the cache as leaves of a tree ...  67 % complete
Representing the cache as leaves of a tree ...  68 % complete
Representing the cache as leaves of a tree ...  68 % complete
Representing the cache as leaves of a tree ...  68 % complete
Representing the cache as leaves of a tree ...  68 % complete
Representing the cache as leaves of a tree ...  68 % complete
Representing the cache as leaves of a tree ...  69 % complete
Representing the cache as leaves of a tree ...  69 % complete
Representing the cache as leaves of a tree ...  69 % complete
Representing the cache as leaves of a tree ...  69 % complete
Representing the cache as leaves of a tree ...  69 % complete
Representing the cache as leaves of a tree ...  70 % complete
Representing the cache as leaves of a tree ...  70 % complete
Representing the cache as leaves of a tree ...  70 % complete
Representing the cache as leaves of a tree ...  70 % complete
Representing the cache as leaves of a tree ...  70 % complete
Representing the cache as leaves of a tree ...  71 % complete
Representing the cache as leaves of a tree ...  71 % complete
Representing the cache as leaves of a tree ...  71 % complete
Representing the cache as leaves of a tree ...  71 % complete
Representing the cache as leaves of a tree ...  71 % complete
Representing the cache as leaves of a tree ...  72 % complete
Representing the cache as leaves of a tree ...  72 % complete
Representing the cache as leaves of a tree ...  72 % complete
Representing the cache as leaves of a tree ...  72 % complete
Representing the cache as leaves of a tree ...  72 % complete
Representing the cache as leaves of a tree ...  73 % complete
Representing the cache as leaves of a tree ...  73 % complete
Representing the cache as leaves of a tree ...  73 % complete
Representing the cache as leaves of a tree ...  73 % complete
Representing the cache as leaves of a tree ...  73 % complete
Representing the cache as leaves of a tree ...  74 % complete
Representing the cache as leaves of a tree ...  74 % complete
Representing the cache as leaves of a tree ...  74 % complete
Representing the cache as leaves of a tree ...  74 % complete
Representing the cache as leaves of a tree ...  74 % complete
Representing the cache as leaves of a tree ...  75 % complete
Representing the cache as leaves of a tree ...  75 % complete
Representing the cache as leaves of a tree ...  75 % complete
Representing the cache as leaves of a tree ...  75 % complete
Representing the cache as leaves of a tree ...  75 % complete
Representing the cache as leaves of a tree ...  76 % complete
Representing the cache as leaves of a tree ...  76 % complete
Representing the cache as leaves of a tree ...  76 % complete
Representing the cache as leaves of a tree ...  76 % complete
Representing the cache as leaves of a tree ...  76 % complete
Representing the cache as leaves of a tree ...  77 % complete
Representing the cache as leaves of a tree ...  77 % complete
Representing the cache as leaves of a tree ...  77 % complete
Representing the cache as leaves of a tree ...  77 % complete
Representing the cache as leaves of a tree ...  77 % complete
Representing the cache as leaves of a tree ...  78 % complete
Representing the cache as leaves of a tree ...  78 % complete
Representing the cache as leaves of a tree ...  78 % complete
Representing the cache as leaves of a tree ...  78 % complete
Representing the cache as leaves of a tree ...  78 % complete
Representing the cache as leaves of a tree ...  79 % complete
Representing the cache as leaves of a tree ...  79 % complete
Representing the cache as leaves of a tree ...  79 % complete
Representing the cache as leaves of a tree ...  79 % complete
Representing the cache as leaves of a tree ...  79 % complete
Representing the cache as leaves of a tree ...  80 % complete
Representing the cache as leaves of a tree ...  80 % complete
Representing the cache as leaves of a tree ...  80 % complete
Representing the cache as leaves of a tree ...  80 % complete
Representing the cache as leaves of a tree ...  80 % complete
Representing the cache as leaves of a tree ...  81 % complete
Representing the cache as leaves of a tree ...  81 % complete
Representing the cache as leaves of a tree ...  81 % complete
Representing the cache as leaves of a tree ...  81 % complete
Representing the cache as leaves of a tree ...  81 % complete
Representing the cache as leaves of a tree ...  82 % complete
Representing the cache as leaves of a tree ...  82 % complete
Representing the cache as leaves of a tree ...  82 % complete
Representing the cache as leaves of a tree ...  82 % complete
Representing the cache as leaves of a tree ...  82 % complete
Representing the cache as leaves of a tree ...  83 % complete
Representing the cache as leaves of a tree ...  83 % complete
Representing the cache as leaves of a tree ...  83 % complete
Representing the cache as leaves of a tree ...  83 % complete
Representing the cache as leaves of a tree ...  83 % complete
Representing the cache as leaves of a tree ...  84 % complete
Representing the cache as leaves of a tree ...  84 % complete
Representing the cache as leaves of a tree ...  84 % complete
Representing the cache as leaves of a tree ...  84 % complete
Representing the cache as leaves of a tree ...  84 % complete
Representing the cache as leaves of a tree ...  85 % complete
Representing the cache as leaves of a tree ...  85 % complete
Representing the cache as leaves of a tree ...  85 % complete
Representing the cache as leaves of a tree ...  85 % complete
Representing the cache as leaves of a tree ...  85 % complete
Representing the cache as leaves of a tree ...  86 % complete
Representing the cache as leaves of a tree ...  86 % complete
Representing the cache as leaves of a tree ...  86 % complete
Representing the cache as leaves of a tree ...  86 % complete
Representing the cache as leaves of a tree ...  86 % complete
Representing the cache as leaves of a tree ...  87 % complete
Representing the cache as leaves of a tree ...  87 % complete
Representing the cache as leaves of a tree ...  87 % complete
Representing the cache as leaves of a tree ...  87 % complete
Representing the cache as leaves of a tree ...  87 % complete
Representing the cache as leaves of a tree ...  88 % complete
Representing the cache as leaves of a tree ...  88 % complete
Representing the cache as leaves of a tree ...  88 % complete
Representing the cache as leaves of a tree ...  88 % complete
Representing the cache as leaves of a tree ...  88 % complete
Representing the cache as leaves of a tree ...  89 % complete
Representing the cache as leaves of a tree ...  89 % complete
Representing the cache as leaves of a tree ...  89 % complete
Representing the cache as leaves of a tree ...  89 % complete
Representing the cache as leaves of a tree ...  89 % complete
Representing the cache as leaves of a tree ...  90 % complete
Representing the cache as leaves of a tree ...  90 % complete
Representing the cache as leaves of a tree ...  90 % complete
Representing the cache as leaves of a tree ...  90 % complete
Representing the cache as leaves of a tree ...  90 % complete
Representing the cache as leaves of a tree ...  91 % complete
Representing the cache as leaves of a tree ...  91 % complete
Representing the cache as leaves of a tree ...  91 % complete
Representing the cache as leaves of a tree ...  91 % complete
Representing the cache as leaves of a tree ...  91 % complete
Representing the cache as leaves of a tree ...  92 % complete
Representing the cache as leaves of a tree ...  92 % complete
Representing the cache as leaves of a tree ...  92 % complete
Representing the cache as leaves of a tree ...  92 % complete
Representing the cache as leaves of a tree ...  92 % complete
Representing the cache as leaves of a tree ...  93 % complete
Representing the cache as leaves of a tree ...  93 % complete
Representing the cache as leaves of a tree ...  93 % complete
Representing the cache as leaves of a tree ...  93 % complete
Representing the cache as leaves of a tree ...  93 % complete
Representing the cache as leaves of a tree ...  94 % complete
Representing the cache as leaves of a tree ...  94 % complete
Representing the cache as leaves of a tree ...  94 % complete
Representing the cache as leaves of a tree ...  94 % complete
Representing the cache as leaves of a tree ...  94 % complete
Representing the cache as leaves of a tree ...  95 % complete
Representing the cache as leaves of a tree ...  95 % complete
Representing the cache as leaves of a tree ...  95 % complete
Representing the cache as leaves of a tree ...  95 % complete
Representing the cache as leaves of a tree ...  95 % complete
Representing the cache as leaves of a tree ...  96 % complete
Representing the cache as leaves of a tree ...  96 % complete
Representing the cache as leaves of a tree ...  96 % complete
Representing the cache as leaves of a tree ...  96 % complete
Representing the cache as leaves of a tree ...  96 % complete
Representing the cache as leaves of a tree ...  97 % complete
Representing the cache as leaves of a tree ...  97 % complete
Representing the cache as leaves of a tree ...  97 % complete
Representing the cache as leaves of a tree ...  97 % complete
Representing the cache as leaves of a tree ...  97 % complete
Representing the cache as leaves of a tree ...  98 % complete
Representing the cache as leaves of a tree ...  98 % complete
Representing the cache as leaves of a tree ...  98 % complete
Representing the cache as leaves of a tree ...  98 % complete
Representing the cache as leaves of a tree ...  98 % complete
Representing the cache as leaves of a tree ...  99 % complete
Representing the cache as leaves of a tree ...  99 % complete
Representing the cache as leaves of a tree ...  99 % complete
Representing the cache as leaves of a tree ...  99 % complete
Representing the cache as leaves of a tree ...  99 % complete
Creating tree, parsing level:  0
Creating tree, parsing level:  1
Creating tree, parsing level:  2
Creating tree, parsing level:  3
Creating tree, parsing level:  4
Creating tree, parsing level:  5
Creating tree, parsing level:  6
Creating tree, parsing level:  7
Creating tree, parsing level:  8
Creating tree, parsing level:  9
Creating tree, parsing level:  10
Creating tree, parsing level:  11
Creating tree, parsing level:  12
Creating tree, parsing level:  13
Creating tree, parsing level:  14
Creating tree, parsing level:  15
Creating tree, parsing level:  16
Creating tree, parsing level:  17
Creating tree, parsing level:  18
Creating tree, parsing level:  19
Creating tree, parsing level:  20
Creating tree, parsing level:  21
Creating tree, parsing level:  22
Creating tree, parsing level:  23
Creating tree, parsing level:  24
Trace computed : 0 2021-11-21 22:53:57.668849 10001401553 50038817 34 fail : 0 sz added : 0 sz_removed : 0 evicted : 0
Trace computed : 100000 2021-11-21 22:55:16.017644 10001400914 50046784 177411 fail : 6 sz added : 1570209 sz_removed : 1570848 evicted : 2568
Trace computed : 200000 2021-11-21 22:55:39.228950 10001402540 50055644 368168 fail : 18 sz added : 3199295 sz_removed : 3198308 evicted : 5186
Trace computed : 300000 2021-11-21 22:56:03.024539 10001400366 50063983 558794 fail : 26 sz added : 4889303 sz_removed : 4890490 evicted : 7835
Trace computed : 400000 2021-11-21 22:56:27.346756 10001400100 50072210 744937 fail : 38 sz added : 6513095 sz_removed : 6514548 evicted : 10427
Trace computed : 500000 2021-11-21 22:56:51.994135 10001400771 50081103 930256 fail : 43 sz added : 8198897 sz_removed : 8199679 evicted : 13063
Trace computed : 600000 2021-11-21 22:57:16.589280 10001406375 50089339 1117550 fail : 57 sz added : 9841395 sz_removed : 9836573 evicted : 15705
Trace computed : 700000 2021-11-21 22:57:41.540643 10001401505 50097823 1306459 fail : 69 sz added : 11527822 sz_removed : 11527870 evicted : 18308
Trace computed : 800000 2021-11-21 22:58:06.547408 10001400291 50106093 1494608 fail : 82 sz added : 13056942 sz_removed : 13058204 evicted : 20854
Trace computed : 900000 2021-11-21 22:58:31.330090 10001399932 50114773 1681613 fail : 94 sz added : 14697060 sz_removed : 14698681 evicted : 23505
Trace computed : 1000000 2021-11-21 22:58:56.274621 10001401884 50123610 1869895 fail : 103 sz added : 16400537 sz_removed : 16400206 evicted : 26155
Trace computed : 1100000 2021-11-21 22:59:21.284375 10001400172 50131792 2057281 fail : 113 sz added : 17924452 sz_removed : 17925833 evicted : 28718
Trace computed : 1200000 2021-11-21 22:59:46.305325 10001403768 50139982 2244884 fail : 126 sz added : 19593233 sz_removed : 19591018 evicted : 31400
Trace computed : 1300000 2021-11-21 23:00:11.605527 10001401108 50148468 2432608 fail : 143 sz added : 21232607 sz_removed : 21233052 evicted : 33989
Trace computed : 1400000 2021-11-21 23:00:37.029757 10001399768 50157660 2620804 fail : 151 sz added : 23069576 sz_removed : 23071361 evicted : 36673
Trace computed : 1500000 2021-11-21 23:01:02.885533 10001393848 50165842 2807787 fail : 165 sz added : 24721243 sz_removed : 24728948 evicted : 39244
Trace computed : 1600000 2021-11-21 23:01:27.801326 10001399950 50174174 2995542 fail : 182 sz added : 26464731 sz_removed : 26466334 evicted : 41839
Trace computed : 1700000 2021-11-21 23:01:53.031818 10001399709 50182013 3182427 fail : 189 sz added : 28113831 sz_removed : 28115675 evicted : 44382
Trace computed : 1800000 2021-11-21 23:02:18.749230 10001400597 50190279 3370808 fail : 203 sz added : 29758802 sz_removed : 29759758 evicted : 47009
Trace computed : 1900000 2021-11-21 23:02:44.802865 10001399863 50198890 3558384 fail : 222 sz added : 31360454 sz_removed : 31362144 evicted : 49535
Trace computed : 2000000 2021-11-21 23:03:09.527808 10001398349 50206784 3745972 fail : 238 sz added : 32952636 sz_removed : 32955840 evicted : 52070
Trace computed : 2100000 2021-11-21 23:03:34.069722 10001401297 50216045 3931811 fail : 251 sz added : 34763286 sz_removed : 34763542 evicted : 54793
Trace computed : 2200000 2021-11-21 23:03:59.420801 10001401059 50225373 4119010 fail : 265 sz added : 36586225 sz_removed : 36586719 evicted : 57433
Trace computed : 2300000 2021-11-21 23:04:27.309514 10001401244 50233359 4305408 fail : 276 sz added : 38264297 sz_removed : 38264606 evicted : 60058
Trace computed : 2400000 2021-11-21 23:04:54.301478 10001401676 50241000 4492823 fail : 294 sz added : 39898987 sz_removed : 39898864 evicted : 62660
Trace computed : 2500000 2021-11-21 23:05:20.944105 10001399148 50248798 4681316 fail : 311 sz added : 41629886 sz_removed : 41632291 evicted : 65240
Trace computed : 2600000 2021-11-21 23:05:46.829402 10001401337 50256800 4868764 fail : 317 sz added : 43202459 sz_removed : 43202675 evicted : 67839
Trace computed : 2700000 2021-11-21 23:06:13.387757 10001400072 50265212 5059728 fail : 328 sz added : 44797074 sz_removed : 44798555 evicted : 70372
Trace computed : 2800000 2021-11-21 23:06:39.435870 10001400711 50273262 5249416 fail : 342 sz added : 46441043 sz_removed : 46441885 evicted : 72976
Trace computed : 2900000 2021-11-21 23:07:05.429808 10001404623 50281641 5439986 fail : 358 sz added : 48151334 sz_removed : 48148264 evicted : 75612
Trace computed : 3000000 2021-11-21 23:07:31.404168 10001401464 50289541 5629733 fail : 373 sz added : 49812348 sz_removed : 49812437 evicted : 78212
Trace computed : 3100000 2021-11-21 23:07:57.432663 10001398860 50298271 5820287 fail : 385 sz added : 51411717 sz_removed : 51414410 evicted : 80763
Trace computed : 3200000 2021-11-21 23:08:23.306506 10001400032 50306707 6010716 fail : 400 sz added : 53109098 sz_removed : 53110619 evicted : 83413
Trace computed : 3300000 2021-11-21 23:08:49.095602 10001400555 50314713 6202081 fail : 410 sz added : 54764481 sz_removed : 54765479 evicted : 86026
Trace computed : 3400000 2021-11-21 23:09:14.829413 10001402189 50322625 6393194 fail : 420 sz added : 56349702 sz_removed : 56349066 evicted : 88672
Trace computed : 3500000 2021-11-21 23:09:40.438262 10001399902 50331079 6584255 fail : 433 sz added : 57965817 sz_removed : 57967468 evicted : 91284
Trace computed : 3600000 2021-11-21 23:10:06.282149 10001400315 50338850 6776177 fail : 453 sz added : 59546498 sz_removed : 59547736 evicted : 93950
Trace computed : 3700000 2021-11-21 23:10:31.878629 10001401488 50347204 6969512 fail : 466 sz added : 61250601 sz_removed : 61250666 evicted : 96597
Trace computed : 3800000 2021-11-21 23:10:59.300389 10001400718 50355293 7160227 fail : 485 sz added : 62855943 sz_removed : 62856778 evicted : 99169
Trace computed : 3900000 2021-11-21 23:11:27.407593 10001400381 50363868 7352036 fail : 499 sz added : 64549511 sz_removed : 64550683 evicted : 101799
Trace computed : 4000000 2021-11-21 23:11:53.753258 10001404128 50372235 7545055 fail : 510 sz added : 66193809 sz_removed : 66191234 evicted : 104463
Trace computed : 4100000 2021-11-21 23:12:20.262040 10001402312 50380462 7738610 fail : 522 sz added : 67800219 sz_removed : 67799460 evicted : 107049
Trace computed : 4200000 2021-11-21 23:12:46.678237 10001396455 50388291 7931995 fail : 536 sz added : 69349521 sz_removed : 69354619 evicted : 109657
Trace computed : 4300000 2021-11-21 23:13:13.414513 10001400062 50396654 8125715 fail : 551 sz added : 70994114 sz_removed : 70995605 evicted : 112245
Trace computed : 4400000 2021-11-21 23:13:39.824283 10001400803 50405120 8319681 fail : 572 sz added : 72674812 sz_removed : 72675562 evicted : 114891
Trace computed : 4500000 2021-11-21 23:14:06.768147 10001401016 50414046 8514263 fail : 587 sz added : 74331354 sz_removed : 74331891 evicted : 117454
Trace computed : 4600000 2021-11-21 23:14:35.402548 10001401015 50422652 8709051 fail : 597 sz added : 76000290 sz_removed : 76000828 evicted : 120046
Trace computed : 4700000 2021-11-21 23:15:02.989688 10001396738 50430242 8904604 fail : 611 sz added : 77640820 sz_removed : 77645635 evicted : 122696
Trace computed : 4800000 2021-11-21 23:15:30.061964 10001406560 50439084 9100026 fail : 629 sz added : 79338836 sz_removed : 79333829 evicted : 125207
Trace computed : 4900000 2021-11-21 23:15:56.847309 10001400071 50447360 9295810 fail : 644 sz added : 80920039 sz_removed : 80921521 evicted : 127750
Trace computed : 5000000 2021-11-21 23:16:23.970460 10001402781 50455412 9490772 fail : 659 sz added : 82562451 sz_removed : 82561223 evicted : 130307
Trace computed : 5100000 2021-11-21 23:16:50.627119 10001405370 50463137 9685023 fail : 676 sz added : 84199435 sz_removed : 84195618 evicted : 132841
Trace computed : 5200000 2021-11-21 23:17:17.091767 10001399779 50471027 9878177 fail : 686 sz added : 85764759 sz_removed : 85766533 evicted : 135425
Trace computed : 5300000 2021-11-21 23:17:43.522832 10001400034 50478997 10071470 fail : 697 sz added : 87389176 sz_removed : 87390695 evicted : 137960
Trace computed : 5400000 2021-11-21 23:18:11.748811 10001399938 50486758 10266192 fail : 707 sz added : 88911404 sz_removed : 88913019 evicted : 140473
Trace computed : 5500000 2021-11-21 23:18:40.211834 10001403784 50494142 10459986 fail : 718 sz added : 90424582 sz_removed : 90422351 evicted : 142961
Trace computed : 5600000 2021-11-21 23:19:09.090164 10001401351 50503023 10654097 fail : 732 sz added : 92138757 sz_removed : 92138959 evicted : 145587
Trace computed : 5700000 2021-11-21 23:19:36.653710 10001398432 50511551 10848665 fail : 748 sz added : 93772978 sz_removed : 93776099 evicted : 148260
Trace computed : 5800000 2021-11-21 23:20:03.753153 10001400404 50520449 11043104 fail : 767 sz added : 95464120 sz_removed : 95465269 evicted : 150947
Trace computed : 5900000 2021-11-21 23:20:30.463645 10001400892 50528858 11236255 fail : 779 sz added : 97077150 sz_removed : 97077811 evicted : 153556
Trace computed : 6000000 2021-11-21 23:20:57.537935 10001399826 50537314 11430738 fail : 792 sz added : 98680842 sz_removed : 98682569 evicted : 156152
Trace computed : 6100000 2021-11-21 23:21:26.438390 10001400698 50545079 11625973 fail : 810 sz added : 100279061 sz_removed : 100279916 evicted : 158662
Trace computed : 6200000 2021-11-21 23:21:54.144001 10001398497 50553249 11820608 fail : 825 sz added : 101906252 sz_removed : 101909308 evicted : 161211
Trace computed : 6300000 2021-11-21 23:22:21.221022 10001400494 50561868 12014265 fail : 841 sz added : 103507376 sz_removed : 103508435 evicted : 163794
Trace computed : 6400000 2021-11-21 23:22:48.528457 10001401161 50570809 12208169 fail : 851 sz added : 105157382 sz_removed : 105157774 evicted : 166404
Trace computed : 6500000 2021-11-21 23:23:15.967384 10001401004 50579178 12400707 fail : 871 sz added : 106671015 sz_removed : 106671564 evicted : 168993
Trace computed : 6600000 2021-11-21 23:23:44.818751 10001400174 50586893 12591882 fail : 880 sz added : 108196232 sz_removed : 108197611 evicted : 171541
Trace computed : 6700000 2021-11-21 23:24:12.928300 10001400182 50594877 12784382 fail : 895 sz added : 109685931 sz_removed : 109687302 evicted : 174123
Trace computed : 6800000 2021-11-21 23:24:40.469938 10001400332 50602643 12977116 fail : 913 sz added : 111259978 sz_removed : 111261199 evicted : 176710
Trace computed : 6900000 2021-11-21 23:25:07.477541 10001401487 50610102 13169245 fail : 928 sz added : 112726036 sz_removed : 112726102 evicted : 179239
Trace computed : 7000000 2021-11-21 23:25:34.332853 10001400089 50617544 13362314 fail : 943 sz added : 114209054 sz_removed : 114210518 evicted : 181775
Trace computed : 7100000 2021-11-21 23:26:01.233810 10001399981 50625419 13555400 fail : 961 sz added : 115812217 sz_removed : 115813789 evicted : 184420
Trace computed : 7200000 2021-11-21 23:26:30.405062 10001404811 50633484 13749006 fail : 972 sz added : 117418312 sz_removed : 117415054 evicted : 187102
Trace computed : 7300000 2021-11-21 23:26:59.541489 10001406821 50639671 13943515 fail : 984 sz added : 118989595 sz_removed : 118984327 evicted : 189699
Trace computed : 7400000 2021-11-21 23:27:27.309982 10001402955 50647142 14138407 fail : 1003 sz added : 120490168 sz_removed : 120488766 evicted : 192294
Trace computed : 7500000 2021-11-21 23:27:54.362593 10001405064 50655120 14334029 fail : 1024 sz added : 122082723 sz_removed : 122079212 evicted : 194925
Trace computed : 7600000 2021-11-21 23:28:22.494699 10001401626 50664052 14528860 fail : 1034 sz added : 123745230 sz_removed : 123745157 evicted : 197523
Trace computed : 7700000 2021-11-21 23:28:51.963420 10001400094 50671928 14723565 fail : 1046 sz added : 125324939 sz_removed : 125326398 evicted : 200163
Trace computed : 7800000 2021-11-21 23:29:19.498946 10001400681 50679398 14920480 fail : 1060 sz added : 126861130 sz_removed : 126862002 evicted : 202727
Trace computed : 7900000 2021-11-21 23:29:46.716013 10001399970 50687588 15116547 fail : 1074 sz added : 128509706 sz_removed : 128511289 evicted : 205331
Trace computed : 8000000 2021-11-21 23:30:14.240524 10001399761 50696142 15311628 fail : 1083 sz added : 130184332 sz_removed : 130186124 evicted : 207945
Trace computed : 8100000 2021-11-21 23:30:43.585529 10001401343 50703606 15507178 fail : 1093 sz added : 131868027 sz_removed : 131868237 evicted : 210504
Trace computed : 8200000 2021-11-21 23:31:11.463431 10001400047 50711217 15703192 fail : 1112 sz added : 133382573 sz_removed : 133384079 evicted : 213027
Trace computed : 8300000 2021-11-21 23:31:39.365181 10001401576 50719465 15898050 fail : 1122 sz added : 135066682 sz_removed : 135066659 evicted : 215604
Trace computed : 8400000 2021-11-21 23:32:06.399728 10001400843 50727924 16094381 fail : 1130 sz added : 136767746 sz_removed : 136768456 evicted : 218233
Trace computed : 8500000 2021-11-21 23:32:34.914832 10001398348 50735263 16290478 fail : 1146 sz added : 138183215 sz_removed : 138186420 evicted : 220765
Trace computed : 8600000 2021-11-21 23:33:02.853066 10001400440 50743219 16485988 fail : 1159 sz added : 139756857 sz_removed : 139757970 evicted : 223443
Trace computed : 8700000 2021-11-21 23:33:31.824032 10001400421 50751589 16682322 fail : 1177 sz added : 141367291 sz_removed : 141368423 evicted : 225981
Trace computed : 8800000 2021-11-21 23:33:59.748423 10001400737 50759588 16877832 fail : 1186 sz added : 143004958 sz_removed : 143005774 evicted : 228641
Trace computed : 8900000 2021-11-21 23:34:27.899475 10001400101 50768484 17073566 fail : 1201 sz added : 144651381 sz_removed : 144652833 evicted : 231226
Trace computed : 9000000 2021-11-21 23:34:56.250610 10001400005 50776179 17269468 fail : 1213 sz added : 146218944 sz_removed : 146220492 evicted : 233847
Trace computed : 9100000 2021-11-21 23:35:24.158030 10001399486 50784368 17464364 fail : 1224 sz added : 147895994 sz_removed : 147898061 evicted : 236464
Trace computed : 9200000 2021-11-21 23:35:52.294614 10001400331 50792465 17658968 fail : 1236 sz added : 149490100 sz_removed : 149491322 evicted : 239063
Trace computed : 9300000 2021-11-21 23:36:20.084595 10001401715 50800227 17855707 fail : 1255 sz added : 151084795 sz_removed : 151084633 evicted : 241601
Trace computed : 9400000 2021-11-21 23:36:47.653732 10001403296 50808807 18052199 fail : 1266 sz added : 152730172 sz_removed : 152728429 evicted : 244257
Trace computed : 9500000 2021-11-21 23:37:15.120929 10001396623 50816830 18249168 fail : 1279 sz added : 154297629 sz_removed : 154302559 evicted : 246817
Trace computed : 9600000 2021-11-21 23:37:42.477020 10001400123 50824038 18447857 fail : 1290 sz added : 155788770 sz_removed : 155790200 evicted : 249403
Trace computed : 9700000 2021-11-21 23:38:09.870918 10001400030 50832305 18643032 fail : 1298 sz added : 157378086 sz_removed : 157379609 evicted : 251995
Trace computed : 9800000 2021-11-21 23:38:37.620365 10001400421 50840368 18839728 fail : 1310 sz added : 158919011 sz_removed : 158920143 evicted : 254581
Trace computed : 9900000 2021-11-21 23:39:04.895693 10001403209 50847672 19035914 fail : 1322 sz added : 160457166 sz_removed : 160455510 evicted : 257114
Trace computed : 10000000 2021-11-21 23:39:32.201083 10001400298 50855727 19233085 fail : 1332 sz added : 162039190 sz_removed : 162040445 evicted : 259837
Trace computed : 10100000 2021-11-21 23:39:59.438371 10001401079 50863901 19429944 fail : 1345 sz added : 163647639 sz_removed : 163648113 evicted : 262488
Trace computed : 10200000 2021-11-21 23:40:26.624701 10001400193 50871391 19625026 fail : 1354 sz added : 165086808 sz_removed : 165088168 evicted : 265055
Trace computed : 10300000 2021-11-21 23:40:53.757406 10001400355 50879124 19818815 fail : 1364 sz added : 166661189 sz_removed : 166662387 evicted : 267657
Trace computed : 10400000 2021-11-21 23:41:20.489914 10001401383 50886674 20012682 fail : 1380 sz added : 168140648 sz_removed : 168140818 evicted : 270205
Trace computed : 10500000 2021-11-21 23:41:47.238434 10001400738 50894715 20204713 fail : 1393 sz added : 169639955 sz_removed : 169640770 evicted : 272817
Trace computed : 10600000 2021-11-21 23:42:13.880412 10001399185 50903129 20396014 fail : 1412 sz added : 171294583 sz_removed : 171296951 evicted : 275496
Trace computed : 10700000 2021-11-21 23:42:40.726171 10001399938 50910223 20587494 fail : 1423 sz added : 172801118 sz_removed : 172802733 evicted : 278136
Trace computed : 10800000 2021-11-21 23:43:07.323353 10001399939 50918014 20780544 fail : 1438 sz added : 174294207 sz_removed : 174295821 evicted : 280725
Trace computed : 10900000 2021-11-21 23:43:34.117411 10001401050 50925190 20972963 fail : 1454 sz added : 175707982 sz_removed : 175708485 evicted : 283260
Trace computed : 11000000 2021-11-21 23:44:01.203294 10001400005 50932885 21165154 fail : 1464 sz added : 177255654 sz_removed : 177257202 evicted : 285878
Trace computed : 11100000 2021-11-21 23:44:28.142211 10001399674 50940732 21356022 fail : 1475 sz added : 178782757 sz_removed : 178784636 evicted : 288520
Trace computed : 11200000 2021-11-21 23:44:55.032526 10001402280 50948841 21546169 fail : 1485 sz added : 180368675 sz_removed : 180367948 evicted : 291172
Trace computed : 11300000 2021-11-21 23:45:21.882305 10001400464 50954613 21736456 fail : 1497 sz added : 181711028 sz_removed : 181712117 evicted : 293698
Trace computed : 11400000 2021-11-21 23:45:48.827420 10001400954 50962487 21925697 fail : 1509 sz added : 183304420 sz_removed : 183305019 evicted : 296271
Trace computed : 11500000 2021-11-21 23:46:15.748088 10001400475 50969832 22115253 fail : 1522 sz added : 184933748 sz_removed : 184934826 evicted : 298854
Trace computed : 11600000 2021-11-21 23:46:42.673046 10001400098 50977088 22302712 fail : 1541 sz added : 186402353 sz_removed : 186403808 evicted : 301492
Trace computed : 11700000 2021-11-21 23:47:09.591331 10001400599 50984409 22491769 fail : 1556 sz added : 187905932 sz_removed : 187906886 evicted : 304086
Trace computed : 11800000 2021-11-21 23:47:36.511367 10001407431 50991701 22681506 fail : 1570 sz added : 189377181 sz_removed : 189371303 evicted : 306645
Trace computed : 11900000 2021-11-21 23:48:03.183331 10001400127 50998711 22869541 fail : 1582 sz added : 190812491 sz_removed : 190813917 evicted : 309241
Trace computed : 12000000 2021-11-21 23:48:29.571008 10001400006 51005460 23057008 fail : 1598 sz added : 192259476 sz_removed : 192261023 evicted : 311822
Trace computed : 12100000 2021-11-21 23:48:56.160143 10001402598 51011747 23244045 fail : 1606 sz added : 193652786 sz_removed : 193651741 evicted : 314414
Trace computed : 12200000 2021-11-21 23:49:22.637334 10001397709 51018543 23430203 fail : 1614 sz added : 195076235 sz_removed : 195080079 evicted : 317053
Trace computed : 12300000 2021-11-21 23:49:49.329670 10001402259 51026107 23616406 fail : 1627 sz added : 196580492 sz_removed : 196579786 evicted : 319589
Trace computed : 12400000 2021-11-21 23:50:15.770289 10001400080 51032837 23802236 fail : 1642 sz added : 197945904 sz_removed : 197947377 evicted : 322164
Trace computed : 12500000 2021-11-21 23:50:42.131851 10001402451 51040376 23986528 fail : 1657 sz added : 199420707 sz_removed : 199419809 evicted : 324818
Trace computed : 12600000 2021-11-21 23:51:08.466447 10001400129 51047140 24172432 fail : 1673 sz added : 200811270 sz_removed : 200812694 evicted : 327525
Trace computed : 12700000 2021-11-21 23:51:34.964695 10001399968 51054699 24356992 fail : 1685 sz added : 202274945 sz_removed : 202276530 evicted : 330113
Trace computed : 12800000 2021-11-21 23:52:01.611626 10001399978 51061061 24541379 fail : 1697 sz added : 203592535 sz_removed : 203594110 evicted : 332719
Trace computed : 12900000 2021-11-21 23:52:28.547425 10001400763 51067634 24726022 fail : 1709 sz added : 204969204 sz_removed : 204969994 evicted : 335369
Trace computed : 13000000 2021-11-21 23:52:55.394979 10001400413 51074833 24910391 fail : 1726 sz added : 206281716 sz_removed : 206282856 evicted : 338068
Trace computed : 13100000 2021-11-21 23:53:22.206882 10001400304 51081933 25094302 fail : 1735 sz added : 207664370 sz_removed : 207665619 evicted : 340662
Trace computed : 13200000 2021-11-21 23:53:49.245613 10001400582 51088759 25278712 fail : 1751 sz added : 209064611 sz_removed : 209065582 evicted : 343278
Trace computed : 13300000 2021-11-21 23:54:16.253139 10001396391 51095489 25462598 fail : 1765 sz added : 210407934 sz_removed : 210413096 evicted : 345913
Trace computed : 13400000 2021-11-21 23:54:43.396624 10001402724 51102983 25645352 fail : 1774 sz added : 212018930 sz_removed : 212017759 evicted : 348641
Trace computed : 13500000 2021-11-21 23:55:10.429160 10001400653 51110311 25828870 fail : 1787 sz added : 213543959 sz_removed : 213544859 evicted : 351279
Trace computed : 13600000 2021-11-21 23:55:37.237293 10001400315 51117424 26012291 fail : 1805 sz added : 214950948 sz_removed : 214952186 evicted : 353970
Trace computed : 13700000 2021-11-21 23:57:40.489915 10001400420 51124159 26194761 fail : 1819 sz added : 216252546 sz_removed : 216253679 evicted : 356580
Trace computed : 13800000 2021-11-21 23:58:07.320247 10001400840 51131808 26375742 fail : 1833 sz added : 217686421 sz_removed : 217687134 evicted : 359233
Trace computed : 13900000 2021-11-21 23:58:34.059873 10001403377 51139138 26556341 fail : 1844 sz added : 219116093 sz_removed : 219114269 evicted : 361849
Trace computed : 14000000 2021-11-21 23:59:01.084549 10001400197 51146257 26738422 fail : 1859 sz added : 220520613 sz_removed : 220521969 evicted : 364475
Trace computed : 14100000 2021-11-21 23:59:27.952354 10001401567 51153339 26920350 fail : 1873 sz added : 221914400 sz_removed : 221914386 evicted : 367071
Trace computed : 14200000 2021-11-21 23:59:54.623389 10001400603 51158995 27101705 fail : 1888 sz added : 223153160 sz_removed : 223154110 evicted : 369635
Trace computed : 14300000 2021-11-22 00:00:21.658565 10001400030 51166322 27282253 fail : 1899 sz added : 224576050 sz_removed : 224577573 evicted : 372230
Trace computed : 14400000 2021-11-22 00:00:48.320150 10001401721 51173181 27463657 fail : 1907 sz added : 225920581 sz_removed : 225920413 evicted : 374872
Trace computed : 14500000 2021-11-22 00:01:15.145062 10001400729 51179404 27645262 fail : 1919 sz added : 227133212 sz_removed : 227134036 evicted : 377355
Trace computed : 14600000 2021-11-22 00:01:42.024892 10001399389 51186412 27825860 fail : 1934 sz added : 228555458 sz_removed : 228557622 evicted : 380026
Trace computed : 14700000 2021-11-22 00:02:08.889250 10001397322 51193141 28004933 fail : 1947 sz added : 229897118 sz_removed : 229901349 evicted : 382702
Trace computed : 14800000 2021-11-22 00:02:36.138736 10001401460 51199806 28184363 fail : 1958 sz added : 231296620 sz_removed : 231296713 evicted : 385413
Trace computed : 14900000 2021-11-22 00:03:03.215785 10001404198 51206532 28363111 fail : 1969 sz added : 232616762 sz_removed : 232614117 evicted : 387977
Trace computed : 15000000 2021-11-22 00:03:30.097899 10001403687 51212439 28541706 fail : 1977 sz added : 234069995 sz_removed : 234067861 evicted : 390704
Trace computed : 15100000 2021-11-22 00:03:56.856743 10001400132 51218600 28720542 fail : 1989 sz added : 235356352 sz_removed : 235357773 evicted : 393330
Trace computed : 15200000 2021-11-22 00:04:23.823627 10001396687 51225337 28898102 fail : 2004 sz added : 236633118 sz_removed : 236637984 evicted : 396031
Trace computed : 15300000 2021-11-22 00:04:51.017881 10001400229 51231370 29075800 fail : 2020 sz added : 237967505 sz_removed : 237968829 evicted : 398736
Trace computed : 15400000 2021-11-22 00:05:17.985298 10001400018 51237710 29254332 fail : 2030 sz added : 239288380 sz_removed : 239289915 evicted : 401322
Trace computed : 15500000 2021-11-22 00:05:45.103115 10001399683 51244585 29431701 fail : 2043 sz added : 240591069 sz_removed : 240592939 evicted : 403926
Trace computed : 15600000 2021-11-22 00:06:12.411912 10001401429 51250721 29609061 fail : 2052 sz added : 241932046 sz_removed : 241932170 evicted : 406595
Trace computed : 15700000 2021-11-22 00:06:40.782473 10001400096 51257324 29786574 fail : 2068 sz added : 243259375 sz_removed : 243260832 evicted : 409283
Trace computed : 15800000 2021-11-22 00:07:10.236808 10001399321 51263849 29963911 fail : 2081 sz added : 244471682 sz_removed : 244473914 evicted : 411860
Trace computed : 15900000 2021-11-22 00:07:39.658306 10001401527 51270772 30140426 fail : 2095 sz added : 245903114 sz_removed : 245903140 evicted : 414439
Trace computed : 16000000 2021-11-22 00:08:08.731230 10001402764 51277758 30317719 fail : 2108 sz added : 247198390 sz_removed : 247197179 evicted : 416918
Trace computed : 16100000 2021-11-22 00:08:37.352834 10001397241 51284272 30494692 fail : 2120 sz added : 248559111 sz_removed : 248563423 evicted : 419496
Trace computed : 16200000 2021-11-22 00:09:05.927013 10001399731 51291379 30671014 fail : 2139 sz added : 249991141 sz_removed : 249992963 evicted : 422141
Trace computed : 16300000 2021-11-22 00:09:34.360255 10001400573 51297525 30845685 fail : 2154 sz added : 251288016 sz_removed : 251288996 evicted : 424734
Trace computed : 16400000 2021-11-22 00:10:02.545111 10001399963 51304103 31022129 fail : 2166 sz added : 252625748 sz_removed : 252627338 evicted : 427301
Trace computed : 16500000 2021-11-22 00:10:30.891710 10001398000 51311577 31197858 fail : 2175 sz added : 254028639 sz_removed : 254032192 evicted : 429915
Trace computed : 16600000 2021-11-22 00:10:58.735189 10001399215 51319187 31372504 fail : 2190 sz added : 255503671 sz_removed : 255506009 evicted : 432618
Trace computed : 16700000 2021-11-22 00:11:26.265383 10001400364 51326158 31548101 fail : 2203 sz added : 256847605 sz_removed : 256848794 evicted : 435185
Trace computed : 16800000 2021-11-22 00:11:53.862226 10001400859 51333203 31723623 fail : 2223 sz added : 258281835 sz_removed : 258282529 evicted : 437780
Trace computed : 16900000 2021-11-22 00:12:21.346266 10001400146 51339238 31898915 fail : 2231 sz added : 259513618 sz_removed : 259515025 evicted : 440289
Trace computed : 17000000 2021-11-22 00:12:48.886677 10001399866 51346364 32073855 fail : 2241 sz added : 260839266 sz_removed : 260840953 evicted : 442891
Trace computed : 17100000 2021-11-22 00:13:16.719182 10001399923 51352773 32249174 fail : 2248 sz added : 262098146 sz_removed : 262099776 evicted : 445424
Trace computed : 17200000 2021-11-22 00:13:44.645112 10001400458 51358472 32424786 fail : 2258 sz added : 263366662 sz_removed : 263367757 evicted : 447983
Trace computed : 17300000 2021-11-22 00:14:12.456502 10001400426 51365682 32601188 fail : 2267 sz added : 264677450 sz_removed : 264678577 evicted : 450667
Trace computed : 17400000 2021-11-22 00:14:40.248331 10001400139 51372462 32778072 fail : 2277 sz added : 266005399 sz_removed : 266006813 evicted : 453270
Trace computed : 17500000 2021-11-22 00:15:07.111358 10001400016 51379129 32953540 fail : 2287 sz added : 267304235 sz_removed : 267305772 evicted : 455841
Trace computed : 17600000 2021-11-22 00:15:34.105800 10001400177 51385762 33128483 fail : 2300 sz added : 268661740 sz_removed : 268663116 evicted : 458468
Trace computed : 17700000 2021-11-22 00:16:01.257161 10001401673 51392625 33303368 fail : 2316 sz added : 270100179 sz_removed : 270100059 evicted : 461024
Trace computed : 17800000 2021-11-22 00:16:28.371641 10001399997 51399334 33477533 fail : 2333 sz added : 271444777 sz_removed : 271446333 evicted : 463560
Trace computed : 17900000 2021-11-22 00:16:55.799204 10001402999 51406401 33651093 fail : 2350 sz added : 272854030 sz_removed : 272852584 evicted : 466154
Trace computed : 18000000 2021-11-22 00:17:23.347675 10001402006 51413344 33824319 fail : 2367 sz added : 274256364 sz_removed : 274255911 evicted : 468880
Trace computed : 18100000 2021-11-22 00:17:50.967926 10001399768 51420015 33996595 fail : 2380 sz added : 275659491 sz_removed : 275661276 evicted : 471440
Trace computed : 18200000 2021-11-22 00:18:18.596254 10001410764 51426658 34170877 fail : 2400 sz added : 277064074 sz_removed : 277054863 evicted : 474003
Trace computed : 18300000 2021-11-22 00:18:46.260438 10001400282 51433591 34343919 fail : 2413 sz added : 278453113 sz_removed : 278454384 evicted : 476583
Trace computed : 18400000 2021-11-22 00:19:13.934688 10001400822 51440846 34516331 fail : 2423 sz added : 279872691 sz_removed : 279873422 evicted : 479185
Trace computed : 18500000 2021-11-22 00:19:41.611512 10001400430 51447690 34687970 fail : 2433 sz added : 281308191 sz_removed : 281309314 evicted : 481853
Trace computed : 18600000 2021-11-22 00:20:09.309071 10001399836 51454663 34860303 fail : 2448 sz added : 282803334 sz_removed : 282805051 evicted : 484473
Trace computed : 18700000 2021-11-22 00:20:37.002569 10001399823 51461150 35032634 fail : 2468 sz added : 284187387 sz_removed : 284189117 evicted : 487066
Trace computed : 18800000 2021-11-22 00:21:04.624923 10001400366 51467969 35204863 fail : 2483 sz added : 285645055 sz_removed : 285646242 evicted : 489626
Trace computed : 18900000 2021-11-22 00:21:32.218155 10001400799 51474857 35376825 fail : 2495 sz added : 287114497 sz_removed : 287115251 evicted : 492184
Trace computed : 19000000 2021-11-22 00:21:59.644253 10001406137 51481859 35547801 fail : 2513 sz added : 288543507 sz_removed : 288538923 evicted : 494807
Trace computed : 19100000 2021-11-22 00:22:27.600515 10001401028 51488753 35718268 fail : 2529 sz added : 289905005 sz_removed : 289905530 evicted : 497422
Trace computed : 19200000 2021-11-22 00:22:54.976792 10001400023 51495238 35889837 fail : 2545 sz added : 291171636 sz_removed : 291173166 evicted : 499817
Trace computed : 19300000 2021-11-22 00:23:22.514469 10001399246 51503205 36061072 fail : 2557 sz added : 292684774 sz_removed : 292687081 evicted : 502390
Trace computed : 19400000 2021-11-22 00:23:49.998367 10001401125 51509986 36230445 fail : 2564 sz added : 294060999 sz_removed : 294061427 evicted : 505037
Trace computed : 19500000 2021-11-22 00:24:17.608352 10001400751 51517467 36401205 fail : 2583 sz added : 295582234 sz_removed : 295583036 evicted : 507602
Trace computed : 19600000 2021-11-22 00:24:45.346745 10001399896 51525092 36570148 fail : 2595 sz added : 296977846 sz_removed : 296979503 evicted : 510159
Trace computed : 19700000 2021-11-22 00:25:13.230835 10001399072 51532773 36740396 fail : 2606 sz added : 298436437 sz_removed : 298438918 evicted : 512725
Trace computed : 19800000 2021-11-22 00:25:41.065639 10001400271 51539641 36911508 fail : 2623 sz added : 299772105 sz_removed : 299773387 evicted : 515198
Trace computed : 19900000 2021-11-22 00:26:08.804550 10001398994 51546454 37083779 fail : 2633 sz added : 301123091 sz_removed : 301125650 evicted : 517700
Trace computed : 20000000 2021-11-22 00:26:36.628741 10001405075 51553792 37255937 fail : 2656 sz added : 302694172 sz_removed : 302690650 evicted : 520292
