Finished reading the input models
Sampling the object sizes that will be assigned to the initial objects in the LRU stack ...
Initializing the LRU stack ...  0 % complete
Initializing the LRU stack ...  0 % complete
Initializing the LRU stack ...  0 % complete
Initializing the LRU stack ...  0 % complete
Initializing the LRU stack ...  1 % complete
Initializing the LRU stack ...  1 % complete
Initializing the LRU stack ...  1 % complete
Initializing the LRU stack ...  1 % complete
Initializing the LRU stack ...  1 % complete
Initializing the LRU stack ...  2 % complete
Initializing the LRU stack ...  2 % complete
Initializing the LRU stack ...  2 % complete
Initializing the LRU stack ...  2 % complete
Initializing the LRU stack ...  2 % complete
Initializing the LRU stack ...  2 % complete
Initializing the LRU stack ...  3 % complete
Initializing the LRU stack ...  3 % complete
Initializing the LRU stack ...  3 % complete
Initializing the LRU stack ...  3 % complete
Initializing the LRU stack ...  3 % complete
Initializing the LRU stack ...  4 % complete
Initializing the LRU stack ...  4 % complete
Initializing the LRU stack ...  4 % complete
Initializing the LRU stack ...  4 % complete
Initializing the LRU stack ...  4 % complete
Initializing the LRU stack ...  5 % complete
Initializing the LRU stack ...  5 % complete
Initializing the LRU stack ...  5 % complete
Initializing the LRU stack ...  5 % complete
Initializing the LRU stack ...  5 % complete
Initializing the LRU stack ...  6 % complete
Initializing the LRU stack ...  6 % complete
Initializing the LRU stack ...  6 % complete
Initializing the LRU stack ...  6 % complete
Initializing the LRU stack ...  7 % complete
Initializing the LRU stack ...  7 % complete
Initializing the LRU stack ...  7 % complete
Initializing the LRU stack ...  7 % complete
Initializing the LRU stack ...  7 % complete
Initializing the LRU stack ...  8 % complete
Initializing the LRU stack ...  8 % complete
Initializing the LRU stack ...  8 % complete
Initializing the LRU stack ...  8 % complete
Initializing the LRU stack ...  8 % complete
Initializing the LRU stack ...  9 % complete
Initializing the LRU stack ...  9 % complete
Initializing the LRU stack ...  9 % complete
Initializing the LRU stack ...  9 % complete
Initializing the LRU stack ...  9 % complete
Initializing the LRU stack ...  10 % complete
Initializing the LRU stack ...  10 % complete
Initializing the LRU stack ...  10 % complete
Initializing the LRU stack ...  10 % complete
Initializing the LRU stack ...  10 % complete
Initializing the LRU stack ...  11 % complete
Initializing the LRU stack ...  11 % complete
Initializing the LRU stack ...  11 % complete
Initializing the LRU stack ...  11 % complete
Initializing the LRU stack ...  11 % complete
Initializing the LRU stack ...  12 % complete
Initializing the LRU stack ...  12 % complete
Initializing the LRU stack ...  12 % complete
Initializing the LRU stack ...  12 % complete
Initializing the LRU stack ...  12 % complete
Initializing the LRU stack ...  13 % complete
Initializing the LRU stack ...  13 % complete
Initializing the LRU stack ...  13 % complete
Initializing the LRU stack ...  13 % complete
Initializing the LRU stack ...  13 % complete
Initializing the LRU stack ...  14 % complete
Initializing the LRU stack ...  14 % complete
Initializing the LRU stack ...  14 % complete
Initializing the LRU stack ...  14 % complete
Initializing the LRU stack ...  14 % complete
Initializing the LRU stack ...  15 % complete
Initializing the LRU stack ...  15 % complete
Initializing the LRU stack ...  15 % complete
Initializing the LRU stack ...  15 % complete
Initializing the LRU stack ...  15 % complete
Initializing the LRU stack ...  16 % complete
Initializing the LRU stack ...  16 % complete
Initializing the LRU stack ...  16 % complete
Initializing the LRU stack ...  16 % complete
Initializing the LRU stack ...  16 % complete
Initializing the LRU stack ...  17 % complete
Initializing the LRU stack ...  17 % complete
Initializing the LRU stack ...  17 % complete
Initializing the LRU stack ...  17 % complete
Initializing the LRU stack ...  17 % complete
Initializing the LRU stack ...  18 % complete
Initializing the LRU stack ...  18 % complete
Initializing the LRU stack ...  18 % complete
Initializing the LRU stack ...  18 % complete
Initializing the LRU stack ...  18 % complete
Initializing the LRU stack ...  19 % complete
Initializing the LRU stack ...  19 % complete
Initializing the LRU stack ...  19 % complete
Initializing the LRU stack ...  19 % complete
Initializing the LRU stack ...  19 % complete
Initializing the LRU stack ...  20 % complete
Initializing the LRU stack ...  20 % complete
Initializing the LRU stack ...  20 % complete
Initializing the LRU stack ...  20 % complete
Initializing the LRU stack ...  20 % complete
Initializing the LRU stack ...  20 % complete
Initializing the LRU stack ...  21 % complete
Initializing the LRU stack ...  21 % complete
Initializing the LRU stack ...  21 % complete
Initializing the LRU stack ...  21 % complete
Initializing the LRU stack ...  22 % complete
Initializing the LRU stack ...  22 % complete
Initializing the LRU stack ...  22 % complete
Initializing the LRU stack ...  22 % complete
Initializing the LRU stack ...  22 % complete
Initializing the LRU stack ...  23 % complete
Initializing the LRU stack ...  23 % complete
Initializing the LRU stack ...  23 % complete
Initializing the LRU stack ...  23 % complete
Initializing the LRU stack ...  23 % complete
Initializing the LRU stack ...  24 % complete
Initializing the LRU stack ...  24 % complete
Initializing the LRU stack ...  24 % complete
Initializing the LRU stack ...  24 % complete
Initializing the LRU stack ...  24 % complete
Initializing the LRU stack ...  25 % complete
Initializing the LRU stack ...  25 % complete
Initializing the LRU stack ...  25 % complete
Initializing the LRU stack ...  25 % complete
Initializing the LRU stack ...  25 % complete
Initializing the LRU stack ...  26 % complete
Initializing the LRU stack ...  26 % complete
Initializing the LRU stack ...  26 % complete
Initializing the LRU stack ...  26 % complete
Initializing the LRU stack ...  26 % complete
Initializing the LRU stack ...  27 % complete
Initializing the LRU stack ...  27 % complete
Initializing the LRU stack ...  27 % complete
Initializing the LRU stack ...  27 % complete
Initializing the LRU stack ...  27 % complete
Initializing the LRU stack ...  28 % complete
Initializing the LRU stack ...  28 % complete
Initializing the LRU stack ...  28 % complete
Initializing the LRU stack ...  28 % complete
Initializing the LRU stack ...  28 % complete
Initializing the LRU stack ...  29 % complete
Initializing the LRU stack ...  29 % complete
Initializing the LRU stack ...  29 % complete
Initializing the LRU stack ...  29 % complete
Initializing the LRU stack ...  29 % complete
Initializing the LRU stack ...  30 % complete
Initializing the LRU stack ...  30 % complete
Initializing the LRU stack ...  30 % complete
Initializing the LRU stack ...  30 % complete
Initializing the LRU stack ...  30 % complete
Initializing the LRU stack ...  31 % complete
Initializing the LRU stack ...  31 % complete
Initializing the LRU stack ...  31 % complete
Initializing the LRU stack ...  31 % complete
Initializing the LRU stack ...  31 % complete
Initializing the LRU stack ...  32 % complete
Initializing the LRU stack ...  32 % complete
Initializing the LRU stack ...  32 % complete
Initializing the LRU stack ...  32 % complete
Initializing the LRU stack ...  32 % complete
Initializing the LRU stack ...  33 % complete
Initializing the LRU stack ...  33 % complete
Initializing the LRU stack ...  33 % complete
Initializing the LRU stack ...  33 % complete
Initializing the LRU stack ...  33 % complete
Initializing the LRU stack ...  34 % complete
Initializing the LRU stack ...  34 % complete
Initializing the LRU stack ...  34 % complete
Initializing the LRU stack ...  34 % complete
Initializing the LRU stack ...  34 % complete
Initializing the LRU stack ...  35 % complete
Initializing the LRU stack ...  35 % complete
Initializing the LRU stack ...  35 % complete
Initializing the LRU stack ...  35 % complete
Initializing the LRU stack ...  35 % complete
Initializing the LRU stack ...  36 % complete
Initializing the LRU stack ...  36 % complete
Initializing the LRU stack ...  36 % complete
Initializing the LRU stack ...  36 % complete
Initializing the LRU stack ...  36 % complete
Initializing the LRU stack ...  37 % complete
Initializing the LRU stack ...  37 % complete
Initializing the LRU stack ...  37 % complete
Initializing the LRU stack ...  37 % complete
Initializing the LRU stack ...  37 % complete
Initializing the LRU stack ...  38 % complete
Initializing the LRU stack ...  38 % complete
Initializing the LRU stack ...  38 % complete
Initializing the LRU stack ...  38 % complete
Initializing the LRU stack ...  38 % complete
Initializing the LRU stack ...  39 % complete
Initializing the LRU stack ...  39 % complete
Initializing the LRU stack ...  39 % complete
Initializing the LRU stack ...  39 % complete
Initializing the LRU stack ...  39 % complete
Initializing the LRU stack ...  40 % complete
Initializing the LRU stack ...  40 % complete
Initializing the LRU stack ...  40 % complete
Initializing the LRU stack ...  40 % complete
Initializing the LRU stack ...  40 % complete
Initializing the LRU stack ...  41 % complete
Initializing the LRU stack ...  41 % complete
Initializing the LRU stack ...  41 % complete
Initializing the LRU stack ...  41 % complete
Initializing the LRU stack ...  41 % complete
Initializing the LRU stack ...  42 % complete
Initializing the LRU stack ...  42 % complete
Initializing the LRU stack ...  42 % complete
Initializing the LRU stack ...  42 % complete
Initializing the LRU stack ...  42 % complete
Initializing the LRU stack ...  43 % complete
Initializing the LRU stack ...  43 % complete
Initializing the LRU stack ...  43 % complete
Initializing the LRU stack ...  43 % complete
Initializing the LRU stack ...  43 % complete
Initializing the LRU stack ...  44 % complete
Initializing the LRU stack ...  44 % complete
Initializing the LRU stack ...  44 % complete
Initializing the LRU stack ...  44 % complete
Initializing the LRU stack ...  44 % complete
Initializing the LRU stack ...  45 % complete
Initializing the LRU stack ...  45 % complete
Initializing the LRU stack ...  45 % complete
Initializing the LRU stack ...  45 % complete
Initializing the LRU stack ...  45 % complete
Initializing the LRU stack ...  46 % complete
Initializing the LRU stack ...  46 % complete
Initializing the LRU stack ...  46 % complete
Initializing the LRU stack ...  46 % complete
Initializing the LRU stack ...  46 % complete
Initializing the LRU stack ...  47 % complete
Initializing the LRU stack ...  47 % complete
Initializing the LRU stack ...  47 % complete
Initializing the LRU stack ...  47 % complete
Initializing the LRU stack ...  47 % complete
Initializing the LRU stack ...  48 % complete
Initializing the LRU stack ...  48 % complete
Initializing the LRU stack ...  48 % complete
Initializing the LRU stack ...  48 % complete
Initializing the LRU stack ...  48 % complete
Initializing the LRU stack ...  48 % complete
Initializing the LRU stack ...  49 % complete
Initializing the LRU stack ...  49 % complete
Initializing the LRU stack ...  49 % complete
Initializing the LRU stack ...  49 % complete
Initializing the LRU stack ...  49 % complete
Initializing the LRU stack ...  50 % complete
Initializing the LRU stack ...  50 % complete
Initializing the LRU stack ...  50 % complete
Initializing the LRU stack ...  50 % complete
Initializing the LRU stack ...  50 % complete
Initializing the LRU stack ...  51 % complete
Initializing the LRU stack ...  51 % complete
Initializing the LRU stack ...  51 % complete
Initializing the LRU stack ...  51 % complete
Initializing the LRU stack ...  51 % complete
Initializing the LRU stack ...  52 % complete
Initializing the LRU stack ...  52 % complete
Initializing the LRU stack ...  52 % complete
Initializing the LRU stack ...  52 % complete
Initializing the LRU stack ...  52 % complete
Initializing the LRU stack ...  53 % complete
Initializing the LRU stack ...  53 % complete
Initializing the LRU stack ...  53 % complete
Initializing the LRU stack ...  53 % complete
Initializing the LRU stack ...  53 % complete
Initializing the LRU stack ...  54 % complete
Initializing the LRU stack ...  54 % complete
Initializing the LRU stack ...  54 % complete
Initializing the LRU stack ...  54 % complete
Initializing the LRU stack ...  54 % complete
Initializing the LRU stack ...  55 % complete
Initializing the LRU stack ...  55 % complete
Initializing the LRU stack ...  55 % complete
Initializing the LRU stack ...  55 % complete
Initializing the LRU stack ...  55 % complete
Initializing the LRU stack ...  56 % complete
Initializing the LRU stack ...  56 % complete
Initializing the LRU stack ...  56 % complete
Initializing the LRU stack ...  56 % complete
Initializing the LRU stack ...  56 % complete
Initializing the LRU stack ...  57 % complete
Initializing the LRU stack ...  57 % complete
Initializing the LRU stack ...  57 % complete
Initializing the LRU stack ...  57 % complete
Initializing the LRU stack ...  58 % complete
Initializing the LRU stack ...  58 % complete
Initializing the LRU stack ...  58 % complete
Initializing the LRU stack ...  58 % complete
Initializing the LRU stack ...  58 % complete
Initializing the LRU stack ...  58 % complete
Initializing the LRU stack ...  59 % complete
Initializing the LRU stack ...  59 % complete
Initializing the LRU stack ...  59 % complete
Initializing the LRU stack ...  59 % complete
Initializing the LRU stack ...  59 % complete
Initializing the LRU stack ...  60 % complete
Initializing the LRU stack ...  60 % complete
Initializing the LRU stack ...  60 % complete
Initializing the LRU stack ...  60 % complete
Initializing the LRU stack ...  60 % complete
Initializing the LRU stack ...  61 % complete
Initializing the LRU stack ...  61 % complete
Initializing the LRU stack ...  61 % complete
Initializing the LRU stack ...  61 % complete
Initializing the LRU stack ...  61 % complete
Initializing the LRU stack ...  62 % complete
Initializing the LRU stack ...  62 % complete
Initializing the LRU stack ...  62 % complete
Initializing the LRU stack ...  62 % complete
Initializing the LRU stack ...  62 % complete
Initializing the LRU stack ...  63 % complete
Initializing the LRU stack ...  63 % complete
Initializing the LRU stack ...  63 % complete
Initializing the LRU stack ...  63 % complete
Initializing the LRU stack ...  63 % complete
Initializing the LRU stack ...  64 % complete
Initializing the LRU stack ...  64 % complete
Initializing the LRU stack ...  64 % complete
Initializing the LRU stack ...  64 % complete
Initializing the LRU stack ...  64 % complete
Initializing the LRU stack ...  65 % complete
Initializing the LRU stack ...  65 % complete
Initializing the LRU stack ...  65 % complete
Initializing the LRU stack ...  65 % complete
Initializing the LRU stack ...  65 % complete
Initializing the LRU stack ...  66 % complete
Initializing the LRU stack ...  66 % complete
Initializing the LRU stack ...  66 % complete
Initializing the LRU stack ...  66 % complete
Initializing the LRU stack ...  67 % complete
Initializing the LRU stack ...  67 % complete
Initializing the LRU stack ...  67 % complete
Initializing the LRU stack ...  67 % complete
Initializing the LRU stack ...  67 % complete
Initializing the LRU stack ...  68 % complete
Initializing the LRU stack ...  68 % complete
Initializing the LRU stack ...  68 % complete
Initializing the LRU stack ...  68 % complete
Initializing the LRU stack ...  68 % complete
Initializing the LRU stack ...  69 % complete
Initializing the LRU stack ...  69 % complete
Initializing the LRU stack ...  69 % complete
Initializing the LRU stack ...  69 % complete
Initializing the LRU stack ...  69 % complete
Initializing the LRU stack ...  70 % complete
Initializing the LRU stack ...  70 % complete
Initializing the LRU stack ...  70 % complete
Initializing the LRU stack ...  70 % complete
Initializing the LRU stack ...  70 % complete
Initializing the LRU stack ...  71 % complete
Initializing the LRU stack ...  71 % complete
Initializing the LRU stack ...  71 % complete
Initializing the LRU stack ...  71 % complete
Initializing the LRU stack ...  71 % complete
Initializing the LRU stack ...  72 % complete
Initializing the LRU stack ...  72 % complete
Initializing the LRU stack ...  72 % complete
Initializing the LRU stack ...  72 % complete
Initializing the LRU stack ...  72 % complete
Initializing the LRU stack ...  73 % complete
Initializing the LRU stack ...  73 % complete
Initializing the LRU stack ...  73 % complete
Initializing the LRU stack ...  73 % complete
Initializing the LRU stack ...  73 % complete
Initializing the LRU stack ...  74 % complete
Initializing the LRU stack ...  74 % complete
Initializing the LRU stack ...  74 % complete
Initializing the LRU stack ...  74 % complete
Initializing the LRU stack ...  74 % complete
Initializing the LRU stack ...  75 % complete
Initializing the LRU stack ...  75 % complete
Initializing the LRU stack ...  75 % complete
Initializing the LRU stack ...  75 % complete
Initializing the LRU stack ...  75 % complete
Initializing the LRU stack ...  76 % complete
Initializing the LRU stack ...  76 % complete
Initializing the LRU stack ...  76 % complete
Initializing the LRU stack ...  76 % complete
Initializing the LRU stack ...  76 % complete
Initializing the LRU stack ...  77 % complete
Initializing the LRU stack ...  77 % complete
Initializing the LRU stack ...  77 % complete
Initializing the LRU stack ...  77 % complete
Initializing the LRU stack ...  77 % complete
Initializing the LRU stack ...  78 % complete
Initializing the LRU stack ...  78 % complete
Initializing the LRU stack ...  78 % complete
Initializing the LRU stack ...  78 % complete
Initializing the LRU stack ...  78 % complete
Initializing the LRU stack ...  79 % complete
Initializing the LRU stack ...  79 % complete
Initializing the LRU stack ...  79 % complete
Initializing the LRU stack ...  79 % complete
Initializing the LRU stack ...  79 % complete
Initializing the LRU stack ...  80 % complete
Initializing the LRU stack ...  80 % complete
Initializing the LRU stack ...  80 % complete
Initializing the LRU stack ...  80 % complete
Initializing the LRU stack ...  80 % complete
Initializing the LRU stack ...  81 % complete
Initializing the LRU stack ...  81 % complete
Initializing the LRU stack ...  81 % complete
Initializing the LRU stack ...  81 % complete
Initializing the LRU stack ...  81 % complete
Initializing the LRU stack ...  82 % complete
Initializing the LRU stack ...  82 % complete
Initializing the LRU stack ...  82 % complete
Initializing the LRU stack ...  82 % complete
Initializing the LRU stack ...  82 % complete
Initializing the LRU stack ...  83 % complete
Initializing the LRU stack ...  83 % complete
Initializing the LRU stack ...  83 % complete
Initializing the LRU stack ...  83 % complete
Initializing the LRU stack ...  83 % complete
Initializing the LRU stack ...  84 % complete
Initializing the LRU stack ...  84 % complete
Initializing the LRU stack ...  84 % complete
Initializing the LRU stack ...  84 % complete
Initializing the LRU stack ...  84 % complete
Initializing the LRU stack ...  85 % complete
Initializing the LRU stack ...  85 % complete
Initializing the LRU stack ...  85 % complete
Initializing the LRU stack ...  85 % complete
Initializing the LRU stack ...  85 % complete
Initializing the LRU stack ...  86 % complete
Initializing the LRU stack ...  86 % complete
Initializing the LRU stack ...  86 % complete
Initializing the LRU stack ...  86 % complete
Initializing the LRU stack ...  86 % complete
Initializing the LRU stack ...  87 % complete
Initializing the LRU stack ...  87 % complete
Initializing the LRU stack ...  87 % complete
Initializing the LRU stack ...  87 % complete
Initializing the LRU stack ...  87 % complete
Initializing the LRU stack ...  88 % complete
Initializing the LRU stack ...  88 % complete
Initializing the LRU stack ...  88 % complete
Initializing the LRU stack ...  88 % complete
Initializing the LRU stack ...  88 % complete
Initializing the LRU stack ...  89 % complete
Initializing the LRU stack ...  89 % complete
Initializing the LRU stack ...  89 % complete
Initializing the LRU stack ...  89 % complete
Initializing the LRU stack ...  89 % complete
Initializing the LRU stack ...  90 % complete
Initializing the LRU stack ...  90 % complete
Initializing the LRU stack ...  90 % complete
Initializing the LRU stack ...  90 % complete
Initializing the LRU stack ...  90 % complete
Initializing the LRU stack ...  91 % complete
Initializing the LRU stack ...  91 % complete
Initializing the LRU stack ...  91 % complete
Initializing the LRU stack ...  91 % complete
Initializing the LRU stack ...  91 % complete
Initializing the LRU stack ...  92 % complete
Initializing the LRU stack ...  92 % complete
Initializing the LRU stack ...  92 % complete
Initializing the LRU stack ...  92 % complete
Initializing the LRU stack ...  92 % complete
Initializing the LRU stack ...  93 % complete
Initializing the LRU stack ...  93 % complete
Initializing the LRU stack ...  93 % complete
Initializing the LRU stack ...  93 % complete
Initializing the LRU stack ...  93 % complete
Initializing the LRU stack ...  94 % complete
Initializing the LRU stack ...  94 % complete
Initializing the LRU stack ...  94 % complete
Initializing the LRU stack ...  94 % complete
Initializing the LRU stack ...  94 % complete
Initializing the LRU stack ...  95 % complete
Initializing the LRU stack ...  95 % complete
Initializing the LRU stack ...  95 % complete
Initializing the LRU stack ...  95 % complete
Initializing the LRU stack ...  95 % complete
Initializing the LRU stack ...  96 % complete
Initializing the LRU stack ...  96 % complete
Initializing the LRU stack ...  96 % complete
Initializing the LRU stack ...  96 % complete
Initializing the LRU stack ...  96 % complete
Initializing the LRU stack ...  97 % complete
Initializing the LRU stack ...  97 % complete
Initializing the LRU stack ...  97 % complete
Initializing the LRU stack ...  97 % complete
Initializing the LRU stack ...  97 % complete
Initializing the LRU stack ...  98 % complete
Initializing the LRU stack ...  98 % complete
Initializing the LRU stack ...  98 % complete
Initializing the LRU stack ...  98 % complete
Initializing the LRU stack ...  98 % complete
Initializing the LRU stack ...  99 % complete
Initializing the LRU stack ...  99 % complete
Initializing the LRU stack ...  99 % complete
Initializing the LRU stack ...  99 % complete
Initializing the LRU stack ...  99 % complete
Representing the cache as leaves of a tree ...  0 % complete
Representing the cache as leaves of a tree ...  0 % complete
Representing the cache as leaves of a tree ...  0 % complete
Representing the cache as leaves of a tree ...  0 % complete
Representing the cache as leaves of a tree ...  0 % complete
Representing the cache as leaves of a tree ...  1 % complete
Representing the cache as leaves of a tree ...  1 % complete
Representing the cache as leaves of a tree ...  1 % complete
Representing the cache as leaves of a tree ...  1 % complete
Representing the cache as leaves of a tree ...  1 % complete
Representing the cache as leaves of a tree ...  2 % complete
Representing the cache as leaves of a tree ...  2 % complete
Representing the cache as leaves of a tree ...  2 % complete
Representing the cache as leaves of a tree ...  2 % complete
Representing the cache as leaves of a tree ...  2 % complete
Representing the cache as leaves of a tree ...  3 % complete
Representing the cache as leaves of a tree ...  3 % complete
Representing the cache as leaves of a tree ...  3 % complete
Representing the cache as leaves of a tree ...  3 % complete
Representing the cache as leaves of a tree ...  3 % complete
Representing the cache as leaves of a tree ...  4 % complete
Representing the cache as leaves of a tree ...  4 % complete
Representing the cache as leaves of a tree ...  4 % complete
Representing the cache as leaves of a tree ...  4 % complete
Representing the cache as leaves of a tree ...  4 % complete
Representing the cache as leaves of a tree ...  5 % complete
Representing the cache as leaves of a tree ...  5 % complete
Representing the cache as leaves of a tree ...  5 % complete
Representing the cache as leaves of a tree ...  5 % complete
Representing the cache as leaves of a tree ...  5 % complete
Representing the cache as leaves of a tree ...  6 % complete
Representing the cache as leaves of a tree ...  6 % complete
Representing the cache as leaves of a tree ...  6 % complete
Representing the cache as leaves of a tree ...  6 % complete
Representing the cache as leaves of a tree ...  6 % complete
Representing the cache as leaves of a tree ...  7 % complete
Representing the cache as leaves of a tree ...  7 % complete
Representing the cache as leaves of a tree ...  7 % complete
Representing the cache as leaves of a tree ...  7 % complete
Representing the cache as leaves of a tree ...  7 % complete
Representing the cache as leaves of a tree ...  8 % complete
Representing the cache as leaves of a tree ...  8 % complete
Representing the cache as leaves of a tree ...  8 % complete
Representing the cache as leaves of a tree ...  8 % complete
Representing the cache as leaves of a tree ...  8 % complete
Representing the cache as leaves of a tree ...  9 % complete
Representing the cache as leaves of a tree ...  9 % complete
Representing the cache as leaves of a tree ...  9 % complete
Representing the cache as leaves of a tree ...  9 % complete
Representing the cache as leaves of a tree ...  9 % complete
Representing the cache as leaves of a tree ...  10 % complete
Representing the cache as leaves of a tree ...  10 % complete
Representing the cache as leaves of a tree ...  10 % complete
Representing the cache as leaves of a tree ...  10 % complete
Representing the cache as leaves of a tree ...  10 % complete
Representing the cache as leaves of a tree ...  11 % complete
Representing the cache as leaves of a tree ...  11 % complete
Representing the cache as leaves of a tree ...  11 % complete
Representing the cache as leaves of a tree ...  11 % complete
Representing the cache as leaves of a tree ...  11 % complete
Representing the cache as leaves of a tree ...  12 % complete
Representing the cache as leaves of a tree ...  12 % complete
Representing the cache as leaves of a tree ...  12 % complete
Representing the cache as leaves of a tree ...  12 % complete
Representing the cache as leaves of a tree ...  12 % complete
Representing the cache as leaves of a tree ...  13 % complete
Representing the cache as leaves of a tree ...  13 % complete
Representing the cache as leaves of a tree ...  13 % complete
Representing the cache as leaves of a tree ...  13 % complete
Representing the cache as leaves of a tree ...  13 % complete
Representing the cache as leaves of a tree ...  14 % complete
Representing the cache as leaves of a tree ...  14 % complete
Representing the cache as leaves of a tree ...  14 % complete
Representing the cache as leaves of a tree ...  14 % complete
Representing the cache as leaves of a tree ...  14 % complete
Representing the cache as leaves of a tree ...  15 % complete
Representing the cache as leaves of a tree ...  15 % complete
Representing the cache as leaves of a tree ...  15 % complete
Representing the cache as leaves of a tree ...  15 % complete
Representing the cache as leaves of a tree ...  15 % complete
Representing the cache as leaves of a tree ...  16 % complete
Representing the cache as leaves of a tree ...  16 % complete
Representing the cache as leaves of a tree ...  16 % complete
Representing the cache as leaves of a tree ...  16 % complete
Representing the cache as leaves of a tree ...  16 % complete
Representing the cache as leaves of a tree ...  17 % complete
Representing the cache as leaves of a tree ...  17 % complete
Representing the cache as leaves of a tree ...  17 % complete
Representing the cache as leaves of a tree ...  17 % complete
Representing the cache as leaves of a tree ...  17 % complete
Representing the cache as leaves of a tree ...  18 % complete
Representing the cache as leaves of a tree ...  18 % complete
Representing the cache as leaves of a tree ...  18 % complete
Representing the cache as leaves of a tree ...  18 % complete
Representing the cache as leaves of a tree ...  18 % complete
Representing the cache as leaves of a tree ...  19 % complete
Representing the cache as leaves of a tree ...  19 % complete
Representing the cache as leaves of a tree ...  19 % complete
Representing the cache as leaves of a tree ...  19 % complete
Representing the cache as leaves of a tree ...  19 % complete
Representing the cache as leaves of a tree ...  20 % complete
Representing the cache as leaves of a tree ...  20 % complete
Representing the cache as leaves of a tree ...  20 % complete
Representing the cache as leaves of a tree ...  20 % complete
Representing the cache as leaves of a tree ...  20 % complete
Representing the cache as leaves of a tree ...  21 % complete
Representing the cache as leaves of a tree ...  21 % complete
Representing the cache as leaves of a tree ...  21 % complete
Representing the cache as leaves of a tree ...  21 % complete
Representing the cache as leaves of a tree ...  21 % complete
Representing the cache as leaves of a tree ...  22 % complete
Representing the cache as leaves of a tree ...  22 % complete
Representing the cache as leaves of a tree ...  22 % complete
Representing the cache as leaves of a tree ...  22 % complete
Representing the cache as leaves of a tree ...  22 % complete
Representing the cache as leaves of a tree ...  23 % complete
Representing the cache as leaves of a tree ...  23 % complete
Representing the cache as leaves of a tree ...  23 % complete
Representing the cache as leaves of a tree ...  23 % complete
Representing the cache as leaves of a tree ...  23 % complete
Representing the cache as leaves of a tree ...  24 % complete
Representing the cache as leaves of a tree ...  24 % complete
Representing the cache as leaves of a tree ...  24 % complete
Representing the cache as leaves of a tree ...  24 % complete
Representing the cache as leaves of a tree ...  24 % complete
Representing the cache as leaves of a tree ...  25 % complete
Representing the cache as leaves of a tree ...  25 % complete
Representing the cache as leaves of a tree ...  25 % complete
Representing the cache as leaves of a tree ...  25 % complete
Representing the cache as leaves of a tree ...  25 % complete
Representing the cache as leaves of a tree ...  26 % complete
Representing the cache as leaves of a tree ...  26 % complete
Representing the cache as leaves of a tree ...  26 % complete
Representing the cache as leaves of a tree ...  26 % complete
Representing the cache as leaves of a tree ...  26 % complete
Representing the cache as leaves of a tree ...  27 % complete
Representing the cache as leaves of a tree ...  27 % complete
Representing the cache as leaves of a tree ...  27 % complete
Representing the cache as leaves of a tree ...  27 % complete
Representing the cache as leaves of a tree ...  27 % complete
Representing the cache as leaves of a tree ...  28 % complete
Representing the cache as leaves of a tree ...  28 % complete
Representing the cache as leaves of a tree ...  28 % complete
Representing the cache as leaves of a tree ...  28 % complete
Representing the cache as leaves of a tree ...  28 % complete
Representing the cache as leaves of a tree ...  29 % complete
Representing the cache as leaves of a tree ...  29 % complete
Representing the cache as leaves of a tree ...  29 % complete
Representing the cache as leaves of a tree ...  29 % complete
Representing the cache as leaves of a tree ...  29 % complete
Representing the cache as leaves of a tree ...  30 % complete
Representing the cache as leaves of a tree ...  30 % complete
Representing the cache as leaves of a tree ...  30 % complete
Representing the cache as leaves of a tree ...  30 % complete
Representing the cache as leaves of a tree ...  30 % complete
Representing the cache as leaves of a tree ...  31 % complete
Representing the cache as leaves of a tree ...  31 % complete
Representing the cache as leaves of a tree ...  31 % complete
Representing the cache as leaves of a tree ...  31 % complete
Representing the cache as leaves of a tree ...  31 % complete
Representing the cache as leaves of a tree ...  32 % complete
Representing the cache as leaves of a tree ...  32 % complete
Representing the cache as leaves of a tree ...  32 % complete
Representing the cache as leaves of a tree ...  32 % complete
Representing the cache as leaves of a tree ...  32 % complete
Representing the cache as leaves of a tree ...  33 % complete
Representing the cache as leaves of a tree ...  33 % complete
Representing the cache as leaves of a tree ...  33 % complete
Representing the cache as leaves of a tree ...  33 % complete
Representing the cache as leaves of a tree ...  33 % complete
Representing the cache as leaves of a tree ...  34 % complete
Representing the cache as leaves of a tree ...  34 % complete
Representing the cache as leaves of a tree ...  34 % complete
Representing the cache as leaves of a tree ...  34 % complete
Representing the cache as leaves of a tree ...  34 % complete
Representing the cache as leaves of a tree ...  35 % complete
Representing the cache as leaves of a tree ...  35 % complete
Representing the cache as leaves of a tree ...  35 % complete
Representing the cache as leaves of a tree ...  35 % complete
Representing the cache as leaves of a tree ...  35 % complete
Representing the cache as leaves of a tree ...  36 % complete
Representing the cache as leaves of a tree ...  36 % complete
Representing the cache as leaves of a tree ...  36 % complete
Representing the cache as leaves of a tree ...  36 % complete
Representing the cache as leaves of a tree ...  36 % complete
Representing the cache as leaves of a tree ...  37 % complete
Representing the cache as leaves of a tree ...  37 % complete
Representing the cache as leaves of a tree ...  37 % complete
Representing the cache as leaves of a tree ...  37 % complete
Representing the cache as leaves of a tree ...  37 % complete
Representing the cache as leaves of a tree ...  38 % complete
Representing the cache as leaves of a tree ...  38 % complete
Representing the cache as leaves of a tree ...  38 % complete
Representing the cache as leaves of a tree ...  38 % complete
Representing the cache as leaves of a tree ...  38 % complete
Representing the cache as leaves of a tree ...  39 % complete
Representing the cache as leaves of a tree ...  39 % complete
Representing the cache as leaves of a tree ...  39 % complete
Representing the cache as leaves of a tree ...  39 % complete
Representing the cache as leaves of a tree ...  39 % complete
Representing the cache as leaves of a tree ...  40 % complete
Representing the cache as leaves of a tree ...  40 % complete
Representing the cache as leaves of a tree ...  40 % complete
Representing the cache as leaves of a tree ...  40 % complete
Representing the cache as leaves of a tree ...  40 % complete
Representing the cache as leaves of a tree ...  41 % complete
Representing the cache as leaves of a tree ...  41 % complete
Representing the cache as leaves of a tree ...  41 % complete
Representing the cache as leaves of a tree ...  41 % complete
Representing the cache as leaves of a tree ...  41 % complete
Representing the cache as leaves of a tree ...  42 % complete
Representing the cache as leaves of a tree ...  42 % complete
Representing the cache as leaves of a tree ...  42 % complete
Representing the cache as leaves of a tree ...  42 % complete
Representing the cache as leaves of a tree ...  42 % complete
Representing the cache as leaves of a tree ...  43 % complete
Representing the cache as leaves of a tree ...  43 % complete
Representing the cache as leaves of a tree ...  43 % complete
Representing the cache as leaves of a tree ...  43 % complete
Representing the cache as leaves of a tree ...  43 % complete
Representing the cache as leaves of a tree ...  44 % complete
Representing the cache as leaves of a tree ...  44 % complete
Representing the cache as leaves of a tree ...  44 % complete
Representing the cache as leaves of a tree ...  44 % complete
Representing the cache as leaves of a tree ...  44 % complete
Representing the cache as leaves of a tree ...  45 % complete
Representing the cache as leaves of a tree ...  45 % complete
Representing the cache as leaves of a tree ...  45 % complete
Representing the cache as leaves of a tree ...  45 % complete
Representing the cache as leaves of a tree ...  45 % complete
Representing the cache as leaves of a tree ...  46 % complete
Representing the cache as leaves of a tree ...  46 % complete
Representing the cache as leaves of a tree ...  46 % complete
Representing the cache as leaves of a tree ...  46 % complete
Representing the cache as leaves of a tree ...  46 % complete
Representing the cache as leaves of a tree ...  47 % complete
Representing the cache as leaves of a tree ...  47 % complete
Representing the cache as leaves of a tree ...  47 % complete
Representing the cache as leaves of a tree ...  47 % complete
Representing the cache as leaves of a tree ...  47 % complete
Representing the cache as leaves of a tree ...  48 % complete
Representing the cache as leaves of a tree ...  48 % complete
Representing the cache as leaves of a tree ...  48 % complete
Representing the cache as leaves of a tree ...  48 % complete
Representing the cache as leaves of a tree ...  48 % complete
Representing the cache as leaves of a tree ...  49 % complete
Representing the cache as leaves of a tree ...  49 % complete
Representing the cache as leaves of a tree ...  49 % complete
Representing the cache as leaves of a tree ...  49 % complete
Representing the cache as leaves of a tree ...  49 % complete
Representing the cache as leaves of a tree ...  50 % complete
Representing the cache as leaves of a tree ...  50 % complete
Representing the cache as leaves of a tree ...  50 % complete
Representing the cache as leaves of a tree ...  50 % complete
Representing the cache as leaves of a tree ...  50 % complete
Representing the cache as leaves of a tree ...  51 % complete
Representing the cache as leaves of a tree ...  51 % complete
Representing the cache as leaves of a tree ...  51 % complete
Representing the cache as leaves of a tree ...  51 % complete
Representing the cache as leaves of a tree ...  51 % complete
Representing the cache as leaves of a tree ...  52 % complete
Representing the cache as leaves of a tree ...  52 % complete
Representing the cache as leaves of a tree ...  52 % complete
Representing the cache as leaves of a tree ...  52 % complete
Representing the cache as leaves of a tree ...  52 % complete
Representing the cache as leaves of a tree ...  53 % complete
Representing the cache as leaves of a tree ...  53 % complete
Representing the cache as leaves of a tree ...  53 % complete
Representing the cache as leaves of a tree ...  53 % complete
Representing the cache as leaves of a tree ...  53 % complete
Representing the cache as leaves of a tree ...  54 % complete
Representing the cache as leaves of a tree ...  54 % complete
Representing the cache as leaves of a tree ...  54 % complete
Representing the cache as leaves of a tree ...  54 % complete
Representing the cache as leaves of a tree ...  54 % complete
Representing the cache as leaves of a tree ...  55 % complete
Representing the cache as leaves of a tree ...  55 % complete
Representing the cache as leaves of a tree ...  55 % complete
Representing the cache as leaves of a tree ...  55 % complete
Representing the cache as leaves of a tree ...  55 % complete
Representing the cache as leaves of a tree ...  56 % complete
Representing the cache as leaves of a tree ...  56 % complete
Representing the cache as leaves of a tree ...  56 % complete
Representing the cache as leaves of a tree ...  56 % complete
Representing the cache as leaves of a tree ...  56 % complete
Representing the cache as leaves of a tree ...  57 % complete
Representing the cache as leaves of a tree ...  57 % complete
Representing the cache as leaves of a tree ...  57 % complete
Representing the cache as leaves of a tree ...  57 % complete
Representing the cache as leaves of a tree ...  57 % complete
Representing the cache as leaves of a tree ...  58 % complete
Representing the cache as leaves of a tree ...  58 % complete
Representing the cache as leaves of a tree ...  58 % complete
Representing the cache as leaves of a tree ...  58 % complete
Representing the cache as leaves of a tree ...  58 % complete
Representing the cache as leaves of a tree ...  59 % complete
Representing the cache as leaves of a tree ...  59 % complete
Representing the cache as leaves of a tree ...  59 % complete
Representing the cache as leaves of a tree ...  59 % complete
Representing the cache as leaves of a tree ...  59 % complete
Representing the cache as leaves of a tree ...  60 % complete
Representing the cache as leaves of a tree ...  60 % complete
Representing the cache as leaves of a tree ...  60 % complete
Representing the cache as leaves of a tree ...  60 % complete
Representing the cache as leaves of a tree ...  60 % complete
Representing the cache as leaves of a tree ...  61 % complete
Representing the cache as leaves of a tree ...  61 % complete
Representing the cache as leaves of a tree ...  61 % complete
Representing the cache as leaves of a tree ...  61 % complete
Representing the cache as leaves of a tree ...  61 % complete
Representing the cache as leaves of a tree ...  62 % complete
Representing the cache as leaves of a tree ...  62 % complete
Representing the cache as leaves of a tree ...  62 % complete
Representing the cache as leaves of a tree ...  62 % complete
Representing the cache as leaves of a tree ...  62 % complete
Representing the cache as leaves of a tree ...  63 % complete
Representing the cache as leaves of a tree ...  63 % complete
Representing the cache as leaves of a tree ...  63 % complete
Representing the cache as leaves of a tree ...  63 % complete
Representing the cache as leaves of a tree ...  63 % complete
Representing the cache as leaves of a tree ...  64 % complete
Representing the cache as leaves of a tree ...  64 % complete
Representing the cache as leaves of a tree ...  64 % complete
Representing the cache as leaves of a tree ...  64 % complete
Representing the cache as leaves of a tree ...  64 % complete
Representing the cache as leaves of a tree ...  65 % complete
Representing the cache as leaves of a tree ...  65 % complete
Representing the cache as leaves of a tree ...  65 % complete
Representing the cache as leaves of a tree ...  65 % complete
Representing the cache as leaves of a tree ...  65 % complete
Representing the cache as leaves of a tree ...  66 % complete
Representing the cache as leaves of a tree ...  66 % complete
Representing the cache as leaves of a tree ...  66 % complete
Representing the cache as leaves of a tree ...  66 % complete
Representing the cache as leaves of a tree ...  66 % complete
Representing the cache as leaves of a tree ...  67 % complete
Representing the cache as leaves of a tree ...  67 % complete
Representing the cache as leaves of a tree ...  67 % complete
Representing the cache as leaves of a tree ...  67 % complete
Representing the cache as leaves of a tree ...  67 % complete
Representing the cache as leaves of a tree ...  68 % complete
Representing the cache as leaves of a tree ...  68 % complete
Representing the cache as leaves of a tree ...  68 % complete
Representing the cache as leaves of a tree ...  68 % complete
Representing the cache as leaves of a tree ...  68 % complete
Representing the cache as leaves of a tree ...  69 % complete
Representing the cache as leaves of a tree ...  69 % complete
Representing the cache as leaves of a tree ...  69 % complete
Representing the cache as leaves of a tree ...  69 % complete
Representing the cache as leaves of a tree ...  69 % complete
Representing the cache as leaves of a tree ...  70 % complete
Representing the cache as leaves of a tree ...  70 % complete
Representing the cache as leaves of a tree ...  70 % complete
Representing the cache as leaves of a tree ...  70 % complete
Representing the cache as leaves of a tree ...  70 % complete
Representing the cache as leaves of a tree ...  71 % complete
Representing the cache as leaves of a tree ...  71 % complete
Representing the cache as leaves of a tree ...  71 % complete
Representing the cache as leaves of a tree ...  71 % complete
Representing the cache as leaves of a tree ...  71 % complete
Representing the cache as leaves of a tree ...  72 % complete
Representing the cache as leaves of a tree ...  72 % complete
Representing the cache as leaves of a tree ...  72 % complete
Representing the cache as leaves of a tree ...  72 % complete
Representing the cache as leaves of a tree ...  72 % complete
Representing the cache as leaves of a tree ...  73 % complete
Representing the cache as leaves of a tree ...  73 % complete
Representing the cache as leaves of a tree ...  73 % complete
Representing the cache as leaves of a tree ...  73 % complete
Representing the cache as leaves of a tree ...  73 % complete
Representing the cache as leaves of a tree ...  74 % complete
Representing the cache as leaves of a tree ...  74 % complete
Representing the cache as leaves of a tree ...  74 % complete
Representing the cache as leaves of a tree ...  74 % complete
Representing the cache as leaves of a tree ...  74 % complete
Representing the cache as leaves of a tree ...  75 % complete
Representing the cache as leaves of a tree ...  75 % complete
Representing the cache as leaves of a tree ...  75 % complete
Representing the cache as leaves of a tree ...  75 % complete
Representing the cache as leaves of a tree ...  75 % complete
Representing the cache as leaves of a tree ...  76 % complete
Representing the cache as leaves of a tree ...  76 % complete
Representing the cache as leaves of a tree ...  76 % complete
Representing the cache as leaves of a tree ...  76 % complete
Representing the cache as leaves of a tree ...  76 % complete
Representing the cache as leaves of a tree ...  77 % complete
Representing the cache as leaves of a tree ...  77 % complete
Representing the cache as leaves of a tree ...  77 % complete
Representing the cache as leaves of a tree ...  77 % complete
Representing the cache as leaves of a tree ...  77 % complete
Representing the cache as leaves of a tree ...  78 % complete
Representing the cache as leaves of a tree ...  78 % complete
Representing the cache as leaves of a tree ...  78 % complete
Representing the cache as leaves of a tree ...  78 % complete
Representing the cache as leaves of a tree ...  78 % complete
Representing the cache as leaves of a tree ...  79 % complete
Representing the cache as leaves of a tree ...  79 % complete
Representing the cache as leaves of a tree ...  79 % complete
Representing the cache as leaves of a tree ...  79 % complete
Representing the cache as leaves of a tree ...  79 % complete
Representing the cache as leaves of a tree ...  80 % complete
Representing the cache as leaves of a tree ...  80 % complete
Representing the cache as leaves of a tree ...  80 % complete
Representing the cache as leaves of a tree ...  80 % complete
Representing the cache as leaves of a tree ...  80 % complete
Representing the cache as leaves of a tree ...  81 % complete
Representing the cache as leaves of a tree ...  81 % complete
Representing the cache as leaves of a tree ...  81 % complete
Representing the cache as leaves of a tree ...  81 % complete
Representing the cache as leaves of a tree ...  81 % complete
Representing the cache as leaves of a tree ...  82 % complete
Representing the cache as leaves of a tree ...  82 % complete
Representing the cache as leaves of a tree ...  82 % complete
Representing the cache as leaves of a tree ...  82 % complete
Representing the cache as leaves of a tree ...  82 % complete
Representing the cache as leaves of a tree ...  83 % complete
Representing the cache as leaves of a tree ...  83 % complete
Representing the cache as leaves of a tree ...  83 % complete
Representing the cache as leaves of a tree ...  83 % complete
Representing the cache as leaves of a tree ...  83 % complete
Representing the cache as leaves of a tree ...  84 % complete
Representing the cache as leaves of a tree ...  84 % complete
Representing the cache as leaves of a tree ...  84 % complete
Representing the cache as leaves of a tree ...  84 % complete
Representing the cache as leaves of a tree ...  84 % complete
Representing the cache as leaves of a tree ...  85 % complete
Representing the cache as leaves of a tree ...  85 % complete
Representing the cache as leaves of a tree ...  85 % complete
Representing the cache as leaves of a tree ...  85 % complete
Representing the cache as leaves of a tree ...  85 % complete
Representing the cache as leaves of a tree ...  86 % complete
Representing the cache as leaves of a tree ...  86 % complete
Representing the cache as leaves of a tree ...  86 % complete
Representing the cache as leaves of a tree ...  86 % complete
Representing the cache as leaves of a tree ...  86 % complete
Representing the cache as leaves of a tree ...  87 % complete
Representing the cache as leaves of a tree ...  87 % complete
Representing the cache as leaves of a tree ...  87 % complete
Representing the cache as leaves of a tree ...  87 % complete
Representing the cache as leaves of a tree ...  87 % complete
Representing the cache as leaves of a tree ...  88 % complete
Representing the cache as leaves of a tree ...  88 % complete
Representing the cache as leaves of a tree ...  88 % complete
Representing the cache as leaves of a tree ...  88 % complete
Representing the cache as leaves of a tree ...  88 % complete
Representing the cache as leaves of a tree ...  89 % complete
Representing the cache as leaves of a tree ...  89 % complete
Representing the cache as leaves of a tree ...  89 % complete
Representing the cache as leaves of a tree ...  89 % complete
Representing the cache as leaves of a tree ...  89 % complete
Representing the cache as leaves of a tree ...  90 % complete
Representing the cache as leaves of a tree ...  90 % complete
Representing the cache as leaves of a tree ...  90 % complete
Representing the cache as leaves of a tree ...  90 % complete
Representing the cache as leaves of a tree ...  90 % complete
Representing the cache as leaves of a tree ...  91 % complete
Representing the cache as leaves of a tree ...  91 % complete
Representing the cache as leaves of a tree ...  91 % complete
Representing the cache as leaves of a tree ...  91 % complete
Representing the cache as leaves of a tree ...  91 % complete
Representing the cache as leaves of a tree ...  92 % complete
Representing the cache as leaves of a tree ...  92 % complete
Representing the cache as leaves of a tree ...  92 % complete
Representing the cache as leaves of a tree ...  92 % complete
Representing the cache as leaves of a tree ...  92 % complete
Representing the cache as leaves of a tree ...  93 % complete
Representing the cache as leaves of a tree ...  93 % complete
Representing the cache as leaves of a tree ...  93 % complete
Representing the cache as leaves of a tree ...  93 % complete
Representing the cache as leaves of a tree ...  93 % complete
Representing the cache as leaves of a tree ...  94 % complete
Representing the cache as leaves of a tree ...  94 % complete
Representing the cache as leaves of a tree ...  94 % complete
Representing the cache as leaves of a tree ...  94 % complete
Representing the cache as leaves of a tree ...  94 % complete
Representing the cache as leaves of a tree ...  95 % complete
Representing the cache as leaves of a tree ...  95 % complete
Representing the cache as leaves of a tree ...  95 % complete
Representing the cache as leaves of a tree ...  95 % complete
Representing the cache as leaves of a tree ...  95 % complete
Representing the cache as leaves of a tree ...  96 % complete
Representing the cache as leaves of a tree ...  96 % complete
Representing the cache as leaves of a tree ...  96 % complete
Representing the cache as leaves of a tree ...  96 % complete
Representing the cache as leaves of a tree ...  96 % complete
Representing the cache as leaves of a tree ...  97 % complete
Representing the cache as leaves of a tree ...  97 % complete
Representing the cache as leaves of a tree ...  97 % complete
Representing the cache as leaves of a tree ...  97 % complete
Representing the cache as leaves of a tree ...  97 % complete
Representing the cache as leaves of a tree ...  98 % complete
Representing the cache as leaves of a tree ...  98 % complete
Representing the cache as leaves of a tree ...  98 % complete
Representing the cache as leaves of a tree ...  98 % complete
Representing the cache as leaves of a tree ...  98 % complete
Representing the cache as leaves of a tree ...  99 % complete
Representing the cache as leaves of a tree ...  99 % complete
Representing the cache as leaves of a tree ...  99 % complete
Representing the cache as leaves of a tree ...  99 % complete
Representing the cache as leaves of a tree ...  99 % complete
Creating tree, parsing level:  0
Creating tree, parsing level:  1
Creating tree, parsing level:  2
Creating tree, parsing level:  3
Creating tree, parsing level:  4
Creating tree, parsing level:  5
Creating tree, parsing level:  6
Creating tree, parsing level:  7
Creating tree, parsing level:  8
Creating tree, parsing level:  9
Creating tree, parsing level:  10
Creating tree, parsing level:  11
Creating tree, parsing level:  12
Creating tree, parsing level:  13
Creating tree, parsing level:  14
Creating tree, parsing level:  15
Creating tree, parsing level:  16
Creating tree, parsing level:  17
Creating tree, parsing level:  18
Creating tree, parsing level:  19
Creating tree, parsing level:  20
Creating tree, parsing level:  21
Creating tree, parsing level:  22
Creating tree, parsing level:  23
Creating tree, parsing level:  24
Trace computed : 0 2021-11-21 20:17:16.986185 10001402033 49983607 15 fail : 0 sz added : 0 sz_removed : 0 evicted : 0
Trace computed : 100000 2021-11-21 20:18:04.966056 10001405580 49992733 186699 fail : 16 sz added : 1687458 sz_removed : 1683911 evicted : 2620
Trace computed : 200000 2021-11-21 20:18:27.118431 10001400441 50001486 376601 fail : 34 sz added : 3459569 sz_removed : 3461161 evicted : 5221
Trace computed : 300000 2021-11-21 20:18:49.808899 10001401168 50008063 566099 fail : 47 sz added : 4998892 sz_removed : 4999757 evicted : 7761
Trace computed : 400000 2021-11-21 20:19:13.168080 10001403375 50016365 753185 fail : 66 sz added : 6657410 sz_removed : 6656068 evicted : 10355
Trace computed : 500000 2021-11-21 20:19:36.415429 10001401011 50023998 938007 fail : 82 sz added : 8166325 sz_removed : 8167347 evicted : 12920
Trace computed : 600000 2021-11-21 20:20:00.319870 10001399306 50031485 1125525 fail : 94 sz added : 9752989 sz_removed : 9755716 evicted : 15433
Trace computed : 700000 2021-11-21 20:20:24.571017 10001402618 50040252 1314500 fail : 115 sz added : 11527622 sz_removed : 11527037 evicted : 18082
Trace computed : 800000 2021-11-21 20:20:48.500958 10001400626 50050203 1502776 fail : 128 sz added : 13429590 sz_removed : 13430997 evicted : 20697
Trace computed : 900000 2021-11-21 20:21:12.625424 10001401670 50058281 1690583 fail : 146 sz added : 15010290 sz_removed : 15010653 evicted : 23253
Trace computed : 1000000 2021-11-21 20:21:36.825644 10001399960 50066327 1878269 fail : 161 sz added : 16611211 sz_removed : 16613284 evicted : 25859
Trace computed : 1100000 2021-11-21 20:22:01.181829 10001400440 50074403 2064712 fail : 177 sz added : 18293212 sz_removed : 18294805 evicted : 28380
Trace computed : 1200000 2021-11-21 20:22:26.722065 10001400062 50083073 2253096 fail : 187 sz added : 19957994 sz_removed : 19959965 evicted : 30956
Trace computed : 1300000 2021-11-21 20:22:51.518217 10001400916 50090962 2441107 fail : 200 sz added : 21595592 sz_removed : 21596709 evicted : 33606
Trace computed : 1400000 2021-11-21 20:23:16.389582 10001400184 50099198 2629346 fail : 216 sz added : 23242431 sz_removed : 23244280 evicted : 36213
Trace computed : 1500000 2021-11-21 20:23:41.049819 10001401045 50107274 2818212 fail : 222 sz added : 24988541 sz_removed : 24989529 evicted : 38896
Trace computed : 1600000 2021-11-21 20:24:06.459266 10001401116 50115700 3005607 fail : 231 sz added : 26683753 sz_removed : 26684670 evicted : 41516
Trace computed : 1700000 2021-11-21 20:24:31.316749 10001400996 50124287 3193703 fail : 243 sz added : 28360764 sz_removed : 28361801 evicted : 44032
Trace computed : 1800000 2021-11-21 20:24:56.429733 10001399741 50132783 3381517 fail : 257 sz added : 30148720 sz_removed : 30151012 evicted : 46650
Trace computed : 1900000 2021-11-21 20:25:21.202303 10001401484 50141470 3568699 fail : 269 sz added : 31832561 sz_removed : 31833110 evicted : 49168
Trace computed : 2000000 2021-11-21 20:25:46.211441 10001423075 50149918 3756783 fail : 285 sz added : 33522648 sz_removed : 33501606 evicted : 51783
Trace computed : 2100000 2021-11-21 20:26:10.955558 10001411600 50157570 3942747 fail : 300 sz added : 35119102 sz_removed : 35109535 evicted : 54332
Trace computed : 2200000 2021-11-21 20:26:35.637026 10001399871 50165009 4128652 fail : 321 sz added : 36654475 sz_removed : 36656637 evicted : 56951
Trace computed : 2300000 2021-11-21 20:27:01.223987 10001399620 50173997 4314902 fail : 334 sz added : 38345381 sz_removed : 38347794 evicted : 59516
Trace computed : 2400000 2021-11-21 20:27:26.766345 10001399790 50182548 4502419 fail : 352 sz added : 40055352 sz_removed : 40057595 evicted : 62089
Trace computed : 2500000 2021-11-21 20:27:51.774144 10001400096 50191414 4690197 fail : 373 sz added : 41732565 sz_removed : 41734502 evicted : 64649
Trace computed : 2600000 2021-11-21 20:28:17.716635 10001401104 50200136 4878052 fail : 391 sz added : 43508073 sz_removed : 43509002 evicted : 67327
Trace computed : 2700000 2021-11-21 20:28:43.134620 10001400004 50208955 5068486 fail : 401 sz added : 45203180 sz_removed : 45205209 evicted : 69873
Trace computed : 2800000 2021-11-21 20:29:08.955780 10001399865 50217696 5258503 fail : 414 sz added : 46863789 sz_removed : 46865957 evicted : 72460
Trace computed : 2900000 2021-11-21 20:29:34.878851 10001399891 50226110 5449822 fail : 428 sz added : 48566396 sz_removed : 48568538 evicted : 75038
Trace computed : 3000000 2021-11-21 20:30:00.098586 10001402162 50233774 5640240 fail : 437 sz added : 50208210 sz_removed : 50208081 evicted : 77648
Trace computed : 3100000 2021-11-21 20:30:25.290857 10001401165 50242237 5831212 fail : 449 sz added : 51854088 sz_removed : 51854956 evicted : 80269
Trace computed : 3200000 2021-11-21 20:30:51.249020 10001401438 50250002 6022608 fail : 457 sz added : 53381478 sz_removed : 53382073 evicted : 82741
Trace computed : 3300000 2021-11-21 20:31:17.297577 10001397455 50258210 6214703 fail : 469 sz added : 55029757 sz_removed : 55034335 evicted : 85336
Trace computed : 3400000 2021-11-21 20:31:42.810359 10001400311 50265666 6407226 fail : 484 sz added : 56590755 sz_removed : 56592477 evicted : 87948
Trace computed : 3500000 2021-11-21 20:32:08.216384 10001399513 50273022 6599049 fail : 495 sz added : 58168137 sz_removed : 58170657 evicted : 90442
Trace computed : 3600000 2021-11-21 20:32:34.451213 10001401779 50281695 6792134 fail : 508 sz added : 59869102 sz_removed : 59869356 evicted : 93049
Trace computed : 3700000 2021-11-21 20:33:00.550437 10001399816 50289942 6984650 fail : 524 sz added : 61462225 sz_removed : 61464442 evicted : 95754
Trace computed : 3800000 2021-11-21 20:33:26.068280 10001401775 50298327 7176937 fail : 539 sz added : 63100452 sz_removed : 63100710 evicted : 98321
Trace computed : 3900000 2021-11-21 20:33:52.327823 10001399974 50307147 7368667 fail : 545 sz added : 64780923 sz_removed : 64782982 evicted : 100937
Trace computed : 4000000 2021-11-21 20:34:18.243651 10001401914 50315314 7560388 fail : 559 sz added : 66369935 sz_removed : 66370054 evicted : 103485
Trace computed : 4100000 2021-11-21 20:34:43.898011 10001399000 50323097 7753896 fail : 574 sz added : 67918820 sz_removed : 67921853 evicted : 106028
Trace computed : 4200000 2021-11-21 20:35:09.429391 10001399696 50330307 7947537 fail : 590 sz added : 69541285 sz_removed : 69543622 evicted : 108650
Trace computed : 4300000 2021-11-21 20:35:35.689275 10001407076 50339037 8140984 fail : 609 sz added : 71255267 sz_removed : 71250224 evicted : 111304
Trace computed : 4400000 2021-11-21 20:36:01.757062 10001400620 50347979 8335838 fail : 624 sz added : 72990577 sz_removed : 72991990 evicted : 113926
Trace computed : 4500000 2021-11-21 20:36:27.739494 10001399917 50355705 8530046 fail : 640 sz added : 74565367 sz_removed : 74567483 evicted : 116540
Trace computed : 4600000 2021-11-21 20:36:54.359003 10001401598 50363278 8724847 fail : 645 sz added : 76020523 sz_removed : 76020958 evicted : 118994
Trace computed : 4700000 2021-11-21 20:37:20.980197 10001399210 50370753 8920142 fail : 654 sz added : 77569165 sz_removed : 77571988 evicted : 121482
Trace computed : 4800000 2021-11-21 20:37:47.044298 10001401445 50378259 9115655 fail : 666 sz added : 79086336 sz_removed : 79086924 evicted : 124123
Trace computed : 4900000 2021-11-21 20:38:13.710258 10001400023 50387389 9311170 fail : 678 sz added : 80816918 sz_removed : 80818928 evicted : 126771
Trace computed : 5000000 2021-11-21 20:38:40.129478 10001398435 50395827 9506542 fail : 687 sz added : 82476824 sz_removed : 82480422 evicted : 129415
Trace computed : 5100000 2021-11-21 20:39:06.747132 10001401177 50404276 9700910 fail : 698 sz added : 84135987 sz_removed : 84136843 evicted : 132047
Trace computed : 5200000 2021-11-21 20:39:33.355286 10001401300 50411791 9895095 fail : 708 sz added : 85740241 sz_removed : 85740974 evicted : 134637
Trace computed : 5300000 2021-11-21 20:39:59.495752 10001402211 50420158 10090310 fail : 727 sz added : 87276077 sz_removed : 87275899 evicted : 137225
Trace computed : 5400000 2021-11-21 20:40:25.794326 10001401329 50427765 10285712 fail : 744 sz added : 88818971 sz_removed : 88819675 evicted : 139807
Trace computed : 5500000 2021-11-21 20:40:52.194555 10001400205 50436833 10479264 fail : 757 sz added : 90505135 sz_removed : 90506963 evicted : 142468
Trace computed : 5600000 2021-11-21 20:41:18.144003 10001401144 50444970 10672566 fail : 772 sz added : 92106068 sz_removed : 92106957 evicted : 145054
Trace computed : 5700000 2021-11-21 20:41:44.307447 10001405441 50452408 10867636 fail : 788 sz added : 93672257 sz_removed : 93668849 evicted : 147710
Trace computed : 5800000 2021-11-21 20:42:10.374647 10001400256 50459885 11061223 fail : 808 sz added : 95258484 sz_removed : 95260261 evicted : 150294
Trace computed : 5900000 2021-11-21 20:42:37.072980 10001401367 50467482 11254612 fail : 823 sz added : 96864984 sz_removed : 96865650 evicted : 152870
Trace computed : 6000000 2021-11-21 20:43:03.034174 10001400074 50475534 11447776 fail : 840 sz added : 98447472 sz_removed : 98449431 evicted : 155459
Trace computed : 6100000 2021-11-21 20:43:29.160554 10001400321 50482983 11642442 fail : 860 sz added : 99969597 sz_removed : 99971309 evicted : 158048
Trace computed : 6200000 2021-11-21 20:43:55.660966 10001401867 50490858 11835204 fail : 875 sz added : 101513100 sz_removed : 101513266 evicted : 160632
Trace computed : 6300000 2021-11-21 20:44:21.636276 10001400432 50498756 12029810 fail : 883 sz added : 103110656 sz_removed : 103112257 evicted : 163262
Trace computed : 6400000 2021-11-21 20:44:47.166867 10001402287 50505542 12221547 fail : 896 sz added : 104621991 sz_removed : 104621737 evicted : 165829
Trace computed : 6500000 2021-11-21 20:45:12.919767 10001403263 50513593 12414433 fail : 905 sz added : 106227474 sz_removed : 106226244 evicted : 168488
Trace computed : 6600000 2021-11-21 20:45:39.196043 10001406707 50520838 12606882 fail : 920 sz added : 107806764 sz_removed : 107802090 evicted : 171109
Trace computed : 6700000 2021-11-21 20:46:05.633761 10001400456 50529550 12799812 fail : 936 sz added : 109460828 sz_removed : 109462405 evicted : 173847
Trace computed : 6800000 2021-11-21 20:46:31.687761 10001403230 50538116 12993197 fail : 945 sz added : 111068332 sz_removed : 111067135 evicted : 176533
Trace computed : 6900000 2021-11-21 20:46:57.811594 10001401356 50546330 13185531 fail : 959 sz added : 112707048 sz_removed : 112707725 evicted : 179118
Trace computed : 7000000 2021-11-21 20:47:24.195886 10001400997 50553472 13378041 fail : 973 sz added : 114277874 sz_removed : 114278910 evicted : 181688
Trace computed : 7100000 2021-11-21 20:47:50.178917 10001405924 50561882 13572058 fail : 986 sz added : 115993481 sz_removed : 115989590 evicted : 184303
Trace computed : 7200000 2021-11-21 20:48:16.021986 10001400798 50569013 13765629 fail : 1001 sz added : 117502127 sz_removed : 117503362 evicted : 186830
Trace computed : 7300000 2021-11-21 20:48:42.035188 10001400359 50576403 13959597 fail : 1016 sz added : 118934793 sz_removed : 118936467 evicted : 189317
Trace computed : 7400000 2021-11-21 20:49:08.525972 10001400534 50583731 14152980 fail : 1025 sz added : 120403962 sz_removed : 120405461 evicted : 191930
Trace computed : 7500000 2021-11-21 20:49:34.971419 10001397351 50591142 14347373 fail : 1034 sz added : 121902170 sz_removed : 121906852 evicted : 194531
Trace computed : 7600000 2021-11-21 20:50:01.337129 10001403892 50600563 14542392 fail : 1040 sz added : 123712671 sz_removed : 123710812 evicted : 197236
Trace computed : 7700000 2021-11-21 20:50:27.483913 10001400896 50607902 14737188 fail : 1054 sz added : 125278481 sz_removed : 125279618 evicted : 199802
Trace computed : 7800000 2021-11-21 20:50:53.405912 10001400300 50615474 14932862 fail : 1066 sz added : 126785677 sz_removed : 126787410 evicted : 202366
Trace computed : 7900000 2021-11-21 20:51:19.190634 10001400012 50622966 15127899 fail : 1075 sz added : 128328724 sz_removed : 128330745 evicted : 204956
Trace computed : 8000000 2021-11-21 20:51:45.250903 10001401405 50631207 15323537 fail : 1081 sz added : 129886049 sz_removed : 129886677 evicted : 207521
Trace computed : 8100000 2021-11-21 20:52:11.381505 10001403079 50638719 15518655 fail : 1090 sz added : 131414267 sz_removed : 131413221 evicted : 210104
Trace computed : 8200000 2021-11-21 20:52:37.361427 10001402824 50646711 15714133 fail : 1103 sz added : 132958202 sz_removed : 132957411 evicted : 212765
Trace computed : 8300000 2021-11-21 20:53:03.292211 10001401340 50653997 15910049 fail : 1115 sz added : 134460086 sz_removed : 134460779 evicted : 215325
Trace computed : 8400000 2021-11-21 20:53:29.272081 10001397185 50662422 16105205 fail : 1129 sz added : 136040424 sz_removed : 136045272 evicted : 217863
Trace computed : 8500000 2021-11-21 20:53:56.159564 10001399900 50670364 16300242 fail : 1139 sz added : 137704317 sz_removed : 137706450 evicted : 220595
Trace computed : 8600000 2021-11-21 20:54:22.771509 10001400619 50678788 16495694 fail : 1149 sz added : 139285439 sz_removed : 139286853 evicted : 223180
Trace computed : 8700000 2021-11-21 20:54:49.504438 10001401790 50685815 16691262 fail : 1160 sz added : 140797022 sz_removed : 140797265 evicted : 225797
Trace computed : 8800000 2021-11-21 20:55:15.922963 10001400365 50693863 16886271 fail : 1180 sz added : 142440833 sz_removed : 142442501 evicted : 228393
Trace computed : 8900000 2021-11-21 20:55:43.139858 10001400064 50701494 17081779 fail : 1195 sz added : 143961034 sz_removed : 143963003 evicted : 230906
Trace computed : 9000000 2021-11-21 20:56:10.463744 10001399196 50709597 17278335 fail : 1211 sz added : 145576743 sz_removed : 145579580 evicted : 233547
Trace computed : 9100000 2021-11-21 20:56:36.935073 10001396367 50717166 17473170 fail : 1226 sz added : 147052379 sz_removed : 147058045 evicted : 236108
Trace computed : 9200000 2021-11-21 20:57:03.314118 10001400861 50725332 17669071 fail : 1236 sz added : 148662181 sz_removed : 148663353 evicted : 238728
Trace computed : 9300000 2021-11-21 20:57:29.995256 10001403640 50733240 17864985 fail : 1244 sz added : 150233032 sz_removed : 150231425 evicted : 241242
Trace computed : 9400000 2021-11-21 20:57:56.750628 10001400746 50740724 18062215 fail : 1251 sz added : 151736256 sz_removed : 151737543 evicted : 243819
Trace computed : 9500000 2021-11-21 20:58:23.525850 10001398995 50748841 18258748 fail : 1264 sz added : 153359331 sz_removed : 153362369 evicted : 246432
Trace computed : 9600000 2021-11-21 20:58:51.178392 10001399243 50755903 18455594 fail : 1280 sz added : 154818496 sz_removed : 154821286 evicted : 248968
Trace computed : 9700000 2021-11-21 20:59:18.352329 10001400466 50764009 18653502 fail : 1299 sz added : 156393727 sz_removed : 156395294 evicted : 251598
Trace computed : 9800000 2021-11-21 20:59:45.412256 10001401021 50771497 18851332 fail : 1309 sz added : 158019547 sz_removed : 158020559 evicted : 254190
Trace computed : 9900000 2021-11-21 21:00:12.853370 10001401500 50779886 19046977 fail : 1325 sz added : 159702629 sz_removed : 159703162 evicted : 256863
Trace computed : 10000000 2021-11-21 21:00:40.355664 10001400289 50788617 19243250 fail : 1350 sz added : 161373506 sz_removed : 161375250 evicted : 259471
Trace computed : 10100000 2021-11-21 21:01:07.356371 10001398210 50796461 19438401 fail : 1364 sz added : 162970224 sz_removed : 162974047 evicted : 262069
Trace computed : 10200000 2021-11-21 21:01:35.330639 10001398960 50804655 19632893 fail : 1374 sz added : 164528575 sz_removed : 164531648 evicted : 264679
Trace computed : 10300000 2021-11-21 21:02:03.172828 10001401078 50812401 19826316 fail : 1386 sz added : 166126452 sz_removed : 166127407 evicted : 267272
Trace computed : 10400000 2021-11-21 21:02:36.834099 10001403240 50820092 20018928 fail : 1408 sz added : 167591180 sz_removed : 167589973 evicted : 269795
Trace computed : 10500000 2021-11-21 21:03:04.375618 10001419435 50827190 20210431 fail : 1420 sz added : 169179887 sz_removed : 169162485 evicted : 272422
Trace computed : 10600000 2021-11-21 21:03:32.868388 10001400627 50834376 20402115 fail : 1439 sz added : 170687449 sz_removed : 170688855 evicted : 275044
Trace computed : 10700000 2021-11-21 21:04:00.446754 10001400293 50842221 20593888 fail : 1447 sz added : 172156949 sz_removed : 172158689 evicted : 277680
Trace computed : 10800000 2021-11-21 21:04:27.792339 10001401569 50849820 20785500 fail : 1459 sz added : 173642596 sz_removed : 173643060 evicted : 280289
Trace computed : 10900000 2021-11-21 21:04:55.420683 10001399902 50858762 20977769 fail : 1469 sz added : 175225934 sz_removed : 175228065 evicted : 282897
Trace computed : 11000000 2021-11-21 21:05:22.986925 10001400697 50866658 21168592 fail : 1478 sz added : 176649540 sz_removed : 176650876 evicted : 285429
Trace computed : 11100000 2021-11-21 21:05:51.350144 10001436569 50873997 21358425 fail : 1492 sz added : 178047985 sz_removed : 178013449 evicted : 288004
Trace computed : 11200000 2021-11-21 21:06:18.254420 10001400240 50881343 21549282 fail : 1503 sz added : 179479490 sz_removed : 179481283 evicted : 290633
Trace computed : 11300000 2021-11-21 21:06:45.123582 10001399992 50888876 21739796 fail : 1519 sz added : 180961318 sz_removed : 180963359 evicted : 293234
Trace computed : 11400000 2021-11-21 21:07:11.977401 10001400529 50896072 21929472 fail : 1532 sz added : 182409205 sz_removed : 182410709 evicted : 295805
Trace computed : 11500000 2021-11-21 21:07:39.921227 10001399989 50903179 22119075 fail : 1542 sz added : 183870853 sz_removed : 183872897 evicted : 298350
Trace computed : 11600000 2021-11-21 21:08:06.922855 10001400204 50910675 22307802 fail : 1551 sz added : 185371874 sz_removed : 185373703 evicted : 301083
Trace computed : 11700000 2021-11-21 21:08:33.656090 10001397452 50917912 22498509 fail : 1565 sz added : 186884313 sz_removed : 186888894 evicted : 303699
Trace computed : 11800000 2021-11-21 21:09:00.703988 10001403689 50924956 22688018 fail : 1584 sz added : 188315299 sz_removed : 188313643 evicted : 306247
Trace computed : 11900000 2021-11-21 21:09:27.417603 10001400813 50931964 22878504 fail : 1593 sz added : 189738978 sz_removed : 189740198 evicted : 308725
Trace computed : 12000000 2021-11-21 21:09:54.528877 10001399464 50939387 23066542 fail : 1613 sz added : 191174436 sz_removed : 191177005 evicted : 311268
Trace computed : 12100000 2021-11-21 21:10:21.047713 10001402502 50946518 23254582 fail : 1621 sz added : 192635604 sz_removed : 192635135 evicted : 313812
Trace computed : 12200000 2021-11-21 21:10:47.534683 10001403233 50953242 23440659 fail : 1644 sz added : 194080355 sz_removed : 194079155 evicted : 316439
Trace computed : 12300000 2021-11-21 21:11:15.203100 10001399906 50960577 23628891 fail : 1661 sz added : 195540909 sz_removed : 195543036 evicted : 319035
Trace computed : 12400000 2021-11-21 21:11:41.982450 10001398620 50968537 23814666 fail : 1670 sz added : 196981462 sz_removed : 196984875 evicted : 321702
Trace computed : 12500000 2021-11-21 21:12:09.165547 10001400068 50975741 24000502 fail : 1689 sz added : 198416294 sz_removed : 198418259 evicted : 324280
Trace computed : 12600000 2021-11-21 21:12:36.589513 10001399940 50984009 24185247 fail : 1703 sz added : 199974736 sz_removed : 199976829 evicted : 327004
Trace computed : 12700000 2021-11-21 21:13:03.927010 10001398925 50990405 24371189 fail : 1711 sz added : 201279044 sz_removed : 201282152 evicted : 329511
Trace computed : 12800000 2021-11-21 21:13:30.854767 10001399727 50997294 24555808 fail : 1721 sz added : 202691983 sz_removed : 202694289 evicted : 332100
Trace computed : 12900000 2021-11-21 21:13:57.779721 10001401672 51003413 24740243 fail : 1735 sz added : 203946081 sz_removed : 203946442 evicted : 334730
Trace computed : 13000000 2021-11-21 21:14:25.117330 10001399355 51010368 24925889 fail : 1751 sz added : 205369324 sz_removed : 205372002 evicted : 337347
Trace computed : 13100000 2021-11-21 21:14:52.536213 10001402633 51017677 25109778 fail : 1767 sz added : 206838408 sz_removed : 206837808 evicted : 340049
Trace computed : 13200000 2021-11-21 21:15:19.645544 10001400404 51024699 25294769 fail : 1775 sz added : 208140712 sz_removed : 208142341 evicted : 342617
Trace computed : 13300000 2021-11-21 21:15:46.904532 10001401122 51031059 25478027 fail : 1783 sz added : 209463315 sz_removed : 209464226 evicted : 345134
Trace computed : 13400000 2021-11-21 21:16:14.101739 10001397794 51037070 25661913 fail : 1794 sz added : 210673984 sz_removed : 210678223 evicted : 347718
Trace computed : 13500000 2021-11-21 21:16:41.600098 10001403126 51044512 25844372 fail : 1809 sz added : 212107451 sz_removed : 212106358 evicted : 350363
Trace computed : 13600000 2021-11-21 21:17:09.335021 10001400796 51051574 26027034 fail : 1819 sz added : 213553842 sz_removed : 213555079 evicted : 353021
Trace computed : 13700000 2021-11-21 21:19:01.805431 10001402172 51058577 26209798 fail : 1833 sz added : 214972001 sz_removed : 214971862 evicted : 355653
Trace computed : 13800000 2021-11-21 21:19:29.643400 10001399955 51065540 26389482 fail : 1842 sz added : 216304297 sz_removed : 216306375 evicted : 358321
Trace computed : 13900000 2021-11-21 21:19:57.866928 10001400268 51072375 26569920 fail : 1854 sz added : 217600192 sz_removed : 217601957 evicted : 360928
Trace computed : 14000000 2021-11-21 21:20:25.854177 10001397727 51078914 26752267 fail : 1863 sz added : 218874944 sz_removed : 218879250 evicted : 363477
Trace computed : 14100000 2021-11-21 21:20:53.441759 10001400030 51086016 26932022 fail : 1872 sz added : 220258579 sz_removed : 220260582 evicted : 366012
Trace computed : 14200000 2021-11-21 21:21:21.241836 10001399986 51092408 27113188 fail : 1884 sz added : 221484406 sz_removed : 221486453 evicted : 368567
Trace computed : 14300000 2021-11-21 21:21:48.719396 10001398209 51098726 27293329 fail : 1899 sz added : 222792806 sz_removed : 222796630 evicted : 371137
Trace computed : 14400000 2021-11-21 21:22:16.210250 10001403067 51106295 27474513 fail : 1919 sz added : 224205738 sz_removed : 224204704 evicted : 373825
Trace computed : 14500000 2021-11-21 21:22:43.974711 10001399384 51113489 27655294 fail : 1936 sz added : 225575929 sz_removed : 225578578 evicted : 376383
Trace computed : 14600000 2021-11-21 21:23:11.535675 10001400045 51120873 27835645 fail : 1953 sz added : 226905932 sz_removed : 226907920 evicted : 378899
Trace computed : 14700000 2021-11-21 21:23:39.073986 10001407931 51127401 28016591 fail : 1974 sz added : 228225582 sz_removed : 228219684 evicted : 381494
Trace computed : 14800000 2021-11-21 21:24:06.647744 10001399989 51134349 28195181 fail : 1987 sz added : 229681846 sz_removed : 229683890 evicted : 384058
Trace computed : 14900000 2021-11-21 21:24:34.285865 10001399666 51140956 28372688 fail : 1999 sz added : 231052325 sz_removed : 231054692 evicted : 386657
Trace computed : 15000000 2021-11-21 21:25:01.642285 10001399221 51146877 28550720 fail : 2008 sz added : 232321834 sz_removed : 232324646 evicted : 389205
Trace computed : 15100000 2021-11-21 21:25:29.179104 10001400143 51153430 28729300 fail : 2025 sz added : 233589062 sz_removed : 233590952 evicted : 391730
Trace computed : 15200000 2021-11-21 21:25:56.929767 10001401151 51159425 28906805 fail : 2040 sz added : 234823148 sz_removed : 234824030 evicted : 394310
Trace computed : 15300000 2021-11-21 21:26:24.278152 10001401142 51166353 29084220 fail : 2050 sz added : 236244171 sz_removed : 236245062 evicted : 396963
Trace computed : 15400000 2021-11-21 21:26:51.882130 10001403347 51173410 29261635 fail : 2063 sz added : 237600754 sz_removed : 237599440 evicted : 399503
Trace computed : 15500000 2021-11-21 21:27:19.377891 10001402494 51180286 29438820 fail : 2079 sz added : 238989127 sz_removed : 238988666 evicted : 402153
Trace computed : 15600000 2021-11-21 21:27:46.955195 10001400770 51186345 29617400 fail : 2095 sz added : 240269302 sz_removed : 240270565 evicted : 404675
Trace computed : 15700000 2021-11-21 21:28:14.700626 10001399879 51193004 29794333 fail : 2104 sz added : 241610386 sz_removed : 241612540 evicted : 407410
Trace computed : 15800000 2021-11-21 21:28:42.288141 10001400468 51199820 29970726 fail : 2116 sz added : 242950057 sz_removed : 242951622 evicted : 409886
Trace computed : 15900000 2021-11-21 21:29:09.643229 10001400356 51206655 30147833 fail : 2129 sz added : 244255232 sz_removed : 244256909 evicted : 412464
Trace computed : 16000000 2021-11-21 21:29:37.707033 10001400531 51213781 30323998 fail : 2144 sz added : 245658499 sz_removed : 245660001 evicted : 415172
Trace computed : 16100000 2021-11-21 21:30:05.341948 10001400040 51221345 30499744 fail : 2154 sz added : 246978957 sz_removed : 246980950 evicted : 417783
Trace computed : 16200000 2021-11-21 21:30:33.127058 10001402028 51227450 30675286 fail : 2167 sz added : 248284454 sz_removed : 248284459 evicted : 420417
Trace computed : 16300000 2021-11-21 21:31:00.628357 10001401749 51232848 30850769 fail : 2177 sz added : 249541460 sz_removed : 249541744 evicted : 423025
Trace computed : 16400000 2021-11-21 21:31:28.412829 10001401376 51240266 31026949 fail : 2191 sz added : 250986268 sz_removed : 250986925 evicted : 425686
Trace computed : 16500000 2021-11-21 21:31:55.601461 10001402085 51246539 31202358 fail : 2203 sz added : 252400371 sz_removed : 252400319 evicted : 428358
Trace computed : 16600000 2021-11-21 21:32:23.607942 10001405927 51253758 31376668 fail : 2215 sz added : 253808866 sz_removed : 253804972 evicted : 431023
Trace computed : 16700000 2021-11-21 21:32:51.945076 10001400319 51260349 31551918 fail : 2229 sz added : 255181851 sz_removed : 255183565 evicted : 433563
Trace computed : 16800000 2021-11-21 21:33:20.249426 10001406822 51267423 31726441 fail : 2240 sz added : 256481705 sz_removed : 256476916 evicted : 436114
Trace computed : 16900000 2021-11-21 21:33:47.979523 10001402860 51273762 31902109 fail : 2249 sz added : 257831330 sz_removed : 257830503 evicted : 438781
Trace computed : 17000000 2021-11-21 21:34:15.925418 10001402741 51280974 32077650 fail : 2266 sz added : 259219524 sz_removed : 259218816 evicted : 441490
Trace computed : 17100000 2021-11-21 21:34:43.544239 10001402097 51288361 32254068 fail : 2279 sz added : 260615025 sz_removed : 260614961 evicted : 444136
Trace computed : 17200000 2021-11-21 21:35:11.119124 10001400144 51295251 32429311 fail : 2285 sz added : 262004142 sz_removed : 262006031 evicted : 446754
Trace computed : 17300000 2021-11-21 21:35:38.876174 10001401208 51301030 32605944 fail : 2305 sz added : 263278047 sz_removed : 263278872 evicted : 449358
Trace computed : 17400000 2021-11-21 21:36:06.762094 10001400619 51306696 32781187 fail : 2316 sz added : 264624387 sz_removed : 264625801 evicted : 451984
Trace computed : 17500000 2021-11-21 21:36:34.497925 10001399594 51312833 32955582 fail : 2332 sz added : 265924004 sz_removed : 265926443 evicted : 454536
Trace computed : 17600000 2021-11-21 21:37:02.078619 10001394901 51319303 33129705 fail : 2351 sz added : 267302038 sz_removed : 267309170 evicted : 457105
Trace computed : 17700000 2021-11-21 21:37:29.933015 10001400142 51325706 33304936 fail : 2371 sz added : 268672290 sz_removed : 268674181 evicted : 459726
Trace computed : 17800000 2021-11-21 21:37:57.660837 10001401553 51331907 33479619 fail : 2383 sz added : 270042692 sz_removed : 270043172 evicted : 462347
Trace computed : 17900000 2021-11-21 21:38:26.034967 10001399980 51338411 33653726 fail : 2397 sz added : 271359467 sz_removed : 271361520 evicted : 464836
Trace computed : 18000000 2021-11-21 21:38:54.331651 10001400296 51345555 33826917 fail : 2416 sz added : 272754555 sz_removed : 272756292 evicted : 467440
Trace computed : 18100000 2021-11-21 21:39:22.900449 10001397901 51352533 33998674 fail : 2426 sz added : 274195121 sz_removed : 274199253 evicted : 470069
Trace computed : 18200000 2021-11-21 21:39:51.489755 10001402640 51359389 34170883 fail : 2436 sz added : 275716048 sz_removed : 275715441 evicted : 472743
Trace computed : 18300000 2021-11-21 21:40:19.538256 10001401993 51366294 34343593 fail : 2461 sz added : 277085495 sz_removed : 277085535 evicted : 475328
Trace computed : 18400000 2021-11-21 21:40:47.345576 10001396233 51373174 34515524 fail : 2473 sz added : 278475014 sz_removed : 278480814 evicted : 477864
Trace computed : 18500000 2021-11-21 21:41:15.349234 10001399938 51379560 34686626 fail : 2486 sz added : 279892847 sz_removed : 279894942 evicted : 480536
Trace computed : 18600000 2021-11-21 21:41:43.949942 10001400550 51386908 34857314 fail : 2500 sz added : 281392608 sz_removed : 281394091 evicted : 483183
Trace computed : 18700000 2021-11-21 21:42:12.030100 10001400268 51393946 35029821 fail : 2513 sz added : 282764207 sz_removed : 282765972 evicted : 485720
Trace computed : 18800000 2021-11-21 21:42:40.281005 10001400074 51401831 35200926 fail : 2532 sz added : 284350326 sz_removed : 284352285 evicted : 488371
Trace computed : 18900000 2021-11-21 21:43:08.703027 10001397930 51408317 35373019 fail : 2543 sz added : 285667742 sz_removed : 285671845 evicted : 491028
Trace computed : 19000000 2021-11-21 21:43:36.940040 10001397682 51415729 35545278 fail : 2556 sz added : 287182953 sz_removed : 287187304 evicted : 493638
Trace computed : 19100000 2021-11-21 21:44:05.364868 10001399329 51422554 35716731 fail : 2573 sz added : 288613557 sz_removed : 288616261 evicted : 496240
Trace computed : 19200000 2021-11-21 21:44:33.693411 10001400078 51430173 35887800 fail : 2588 sz added : 290130330 sz_removed : 290132285 evicted : 498938
Trace computed : 19300000 2021-11-21 21:45:02.030860 10001401125 51436907 36057950 fail : 2599 sz added : 291545455 sz_removed : 291546363 evicted : 501617
Trace computed : 19400000 2021-11-21 21:45:30.434367 10001400013 51444703 36229440 fail : 2617 sz added : 293029149 sz_removed : 293031169 evicted : 504196
Trace computed : 19500000 2021-11-21 21:45:59.004689 10001403673 51452960 36398975 fail : 2628 sz added : 294605643 sz_removed : 294604003 evicted : 506850
Trace computed : 19600000 2021-11-21 21:46:27.703447 10001400273 51461101 36569064 fail : 2641 sz added : 296140200 sz_removed : 296141960 evicted : 509446
Trace computed : 19700000 2021-11-21 21:46:55.887660 10001399098 51468744 36739361 fail : 2649 sz added : 297631879 sz_removed : 297634814 evicted : 512031
Trace computed : 19800000 2021-11-21 21:47:23.942194 10001397785 51476163 36910308 fail : 2665 sz added : 299104478 sz_removed : 299108726 evicted : 514678
Trace computed : 19900000 2021-11-21 21:47:52.217802 10001400144 51483979 37081199 fail : 2678 sz added : 300624247 sz_removed : 300626136 evicted : 517233
Trace computed : 20000000 2021-11-21 21:48:20.140710 10001407615 51491307 37252456 fail : 2689 sz added : 302190390 sz_removed : 302184808 evicted : 519846
Trace computed : 20100000 2021-11-21 21:48:48.634123 10001400133 51498582 37424145 fail : 2705 sz added : 303689243 sz_removed : 303691143 evicted : 522411
Trace computed : 20200000 2021-11-21 21:49:16.585310 10001401203 51506717 37596105 fail : 2714 sz added : 305225917 sz_removed : 305226747 evicted : 525015
Trace computed : 20300000 2021-11-21 21:49:44.717536 10001402352 51514384 37765887 fail : 2723 sz added : 306761130 sz_removed : 306760811 evicted : 527599
Trace computed : 20400000 2021-11-21 21:50:12.896832 10001399899 51521501 37933248 fail : 2737 sz added : 308215939 sz_removed : 308218073 evicted : 530182
Trace computed : 20500000 2021-11-21 21:50:40.734290 10001400691 51528442 38100041 fail : 2755 sz added : 309667510 sz_removed : 309668852 evicted : 532779
Trace computed : 20600000 2021-11-21 21:51:08.779430 10001429678 51535726 38266672 fail : 2768 sz added : 311184083 sz_removed : 311156438 evicted : 535348
Trace computed : 20700000 2021-11-21 21:51:36.832201 10001398089 51542841 38431269 fail : 2782 sz added : 312620082 sz_removed : 312624026 evicted : 537852
Trace computed : 20800000 2021-11-21 21:52:05.169003 10001399960 51550285 38596630 fail : 2793 sz added : 314155689 sz_removed : 314157762 evicted : 540443
Trace computed : 20900000 2021-11-21 21:52:33.200246 10001401564 51558737 38761180 fail : 2810 sz added : 315723639 sz_removed : 315724108 evicted : 542992
Trace computed : 21000000 2021-11-21 21:53:01.197618 10001400671 51566205 38926206 fail : 2825 sz added : 317278034 sz_removed : 317279396 evicted : 545652
Trace computed : 21100000 2021-11-21 21:53:29.291931 10001401653 51574174 39089530 fail : 2843 sz added : 318824434 sz_removed : 318824814 evicted : 548266
Trace computed : 21200000 2021-11-21 21:53:57.815391 10001403776 51581956 39250969 fail : 2856 sz added : 320398805 sz_removed : 320397062 evicted : 550785
Trace computed : 21300000 2021-11-21 21:54:25.675981 10001400235 51590415 39412348 fail : 2870 sz added : 321960311 sz_removed : 321962109 evicted : 553427
Trace computed : 21400000 2021-11-21 21:54:53.706332 10001401619 51597602 39573377 fail : 2875 sz added : 323409209 sz_removed : 323409623 evicted : 556087
Trace computed : 21500000 2021-11-21 21:55:22.354106 10001399916 51605498 39733719 fail : 2883 sz added : 325036870 sz_removed : 325038987 evicted : 558738
Trace computed : 21600000 2021-11-21 21:55:50.658146 10001401244 51612900 39895807 fail : 2900 sz added : 326596802 sz_removed : 326597591 evicted : 561385
Trace computed : 21700000 2021-11-21 21:56:19.016890 10001401133 51620576 40056150 fail : 2912 sz added : 328174568 sz_removed : 328175468 evicted : 563964
Trace computed : 21800000 2021-11-21 21:56:46.995678 10001402086 51629023 40216827 fail : 2921 sz added : 329790793 sz_removed : 329790740 evicted : 566657
Trace computed : 21900000 2021-11-21 21:57:15.052926 10001403102 51636532 40378179 fail : 2938 sz added : 331384850 sz_removed : 331383781 evicted : 569290
Trace computed : 22000000 2021-11-21 21:57:43.418264 10001401496 51643896 40538451 fail : 2961 sz added : 332930984 sz_removed : 332931521 evicted : 571859
Trace computed : 22100000 2021-11-21 21:58:11.885050 10001402802 51652037 40698713 fail : 2974 sz added : 334565025 sz_removed : 334564256 evicted : 574474
Trace computed : 22200000 2021-11-21 21:58:40.431296 10001400191 51659207 40858723 fail : 2990 sz added : 336013761 sz_removed : 336015603 evicted : 577142
Trace computed : 22300000 2021-11-21 21:59:09.291859 10001401550 51667262 41018469 fail : 3002 sz added : 337556261 sz_removed : 337556744 evicted : 579818
Trace computed : 22400000 2021-11-21 21:59:37.685928 10001401201 51674217 41176677 fail : 3017 sz added : 339018434 sz_removed : 339019266 evicted : 582392
Trace computed : 22500000 2021-11-21 22:00:06.462123 10001405781 51682127 41334304 fail : 3030 sz added : 340555284 sz_removed : 340551536 evicted : 584993
Trace computed : 22600000 2021-11-21 22:00:34.855639 10001401152 51689879 41490818 fail : 3049 sz added : 342037069 sz_removed : 342037950 evicted : 587572
Trace computed : 22700000 2021-11-21 22:01:03.331809 10001400176 51698513 41647839 fail : 3065 sz added : 343670235 sz_removed : 343672092 evicted : 590196
Trace computed : 22800000 2021-11-21 22:01:32.199992 10001399904 51706459 41801940 fail : 3075 sz added : 345191422 sz_removed : 345193551 evicted : 592838
Trace computed : 22900000 2021-11-21 22:02:00.667790 10001400617 51714649 41956400 fail : 3088 sz added : 346756833 sz_removed : 346758249 evicted : 595399
Trace computed : 23000000 2021-11-21 22:02:29.744221 10001400166 51722175 42111090 fail : 3105 sz added : 348300107 sz_removed : 348301974 evicted : 597904
Trace computed : 23100000 2021-11-21 22:02:58.003760 10001401392 51729642 42266382 fail : 3117 sz added : 349718738 sz_removed : 349719379 evicted : 600459
Trace computed : 23200000 2021-11-21 22:03:26.568054 10001403190 51737194 42421871 fail : 3130 sz added : 351203718 sz_removed : 351202561 evicted : 603036
Trace computed : 23300000 2021-11-21 22:03:55.265177 10001400254 51745269 42576500 fail : 3143 sz added : 352815310 sz_removed : 352817089 evicted : 605616
Trace computed : 23400000 2021-11-21 22:04:23.887507 10001406261 51752669 42730519 fail : 3159 sz added : 354315840 sz_removed : 354311612 evicted : 608306
Trace computed : 23500000 2021-11-21 22:04:52.555308 10001400145 51760183 42883609 fail : 3168 sz added : 355795380 sz_removed : 355797268 evicted : 610867
Trace computed : 23600000 2021-11-21 22:05:20.488104 10001400690 51768062 43037777 fail : 3175 sz added : 357338574 sz_removed : 357339917 evicted : 613505
Trace computed : 23700000 2021-11-21 22:05:48.430980 10001402859 51776146 43191265 fail : 3191 sz added : 358938961 sz_removed : 358938135 evicted : 616154
Trace computed : 23800000 2021-11-21 22:06:16.813675 10001402585 51783825 43343688 fail : 3217 sz added : 360355875 sz_removed : 360355323 evicted : 618715
Trace computed : 23900000 2021-11-21 22:06:45.750272 10001400482 51791269 43496215 fail : 3229 sz added : 361883755 sz_removed : 361885306 evicted : 621275
Trace computed : 24000000 2021-11-21 22:07:14.515421 10001400390 51799229 43648307 fail : 3240 sz added : 363388194 sz_removed : 363389837 evicted : 623798
Trace computed : 24100000 2021-11-21 22:07:42.922277 10001403153 51806728 43799893 fail : 3251 sz added : 364945001 sz_removed : 364943881 evicted : 626395
Trace computed : 24200000 2021-11-21 22:08:11.746876 10001398585 51813996 43950323 fail : 3266 sz added : 366418612 sz_removed : 366422060 evicted : 628972
Trace computed : 24300000 2021-11-21 22:08:40.702865 10001399608 51822034 44102015 fail : 3281 sz added : 367957303 sz_removed : 367959728 evicted : 631618
Trace computed : 24400000 2021-11-21 22:09:09.306673 10001402675 51829972 44251128 fail : 3292 sz added : 369494009 sz_removed : 369493367 evicted : 634165
Trace computed : 24500000 2021-11-21 22:09:38.142248 10001400121 51837807 44399610 fail : 3305 sz added : 370991590 sz_removed : 370993502 evicted : 636792
Trace computed : 24600000 2021-11-21 22:10:07.094056 10001397781 51845341 44548935 fail : 3320 sz added : 372477846 sz_removed : 372482098 evicted : 639428
Trace computed : 24700000 2021-11-21 22:10:36.196839 10001400631 51853759 44697500 fail : 3338 sz added : 374079975 sz_removed : 374081377 evicted : 641938
Trace computed : 24800000 2021-11-21 22:11:05.244011 10001399905 51861289 44846395 fail : 3352 sz added : 375670876 sz_removed : 375673004 evicted : 644484
Trace computed : 24900000 2021-11-21 22:11:33.808968 10001402074 51869072 44993616 fail : 3365 sz added : 377220317 sz_removed : 377220276 evicted : 647046
Trace computed : 25000000 2021-11-21 22:12:02.191867 10001400287 51876104 45141520 fail : 3381 sz added : 378597037 sz_removed : 378598783 evicted : 649570
Trace computed : 25100000 2021-11-21 22:12:31.946618 10001399830 51883969 45288740 fail : 3395 sz added : 380112247 sz_removed : 380114450 evicted : 652144
Trace computed : 25200000 2021-11-21 22:13:01.638440 10001400417 51890914 45435128 fail : 3409 sz added : 381542973 sz_removed : 381544589 evicted : 654675
Trace computed : 25300000 2021-11-21 22:13:30.976153 10001414917 51898700 45579941 fail : 3420 sz added : 383034449 sz_removed : 383021565 evicted : 657259
Trace computed : 25400000 2021-11-21 22:14:00.648346 10001402553 51906271 45724857 fail : 3431 sz added : 384528309 sz_removed : 384527789 evicted : 659861
Trace computed : 25500000 2021-11-21 22:14:30.301186 10001400523 51913062 45869348 fail : 3439 sz added : 385931559 sz_removed : 385933069 evicted : 662514
Trace computed : 25600000 2021-11-21 22:14:59.424879 10001399836 51920923 46012532 fail : 3456 sz added : 387372121 sz_removed : 387374318 evicted : 665064
Trace computed : 25700000 2021-11-21 22:15:28.705040 10001399509 51928361 46152929 fail : 3463 sz added : 388827404 sz_removed : 388829928 evicted : 667640
Trace computed : 25800000 2021-11-21 22:15:57.675294 10001400853 51935155 46291255 fail : 3471 sz added : 390261895 sz_removed : 390263075 evicted : 670191
Trace computed : 25900000 2021-11-21 22:16:26.515941 10001396968 51942683 46434197 fail : 3477 sz added : 391838497 sz_removed : 391843562 evicted : 672882
Trace computed : 26000000 2021-11-21 22:16:55.392318 10001398342 51951148 46574453 fail : 3494 sz added : 393387245 sz_removed : 393390936 evicted : 675522
Trace computed : 26100000 2021-11-21 22:17:24.337082 10001400485 51958829 46714054 fail : 3511 sz added : 394921489 sz_removed : 394923037 evicted : 678095
Trace computed : 26200000 2021-11-21 22:17:53.547328 10001400526 51966229 46854310 fail : 3522 sz added : 396474549 sz_removed : 396476056 evicted : 680701
Trace computed : 26300000 2021-11-21 22:18:23.006185 10001399928 51973111 46993971 fail : 3532 sz added : 397922576 sz_removed : 397924681 evicted : 683301
Trace computed : 26400000 2021-11-21 22:18:51.816847 10001401305 51982040 47133903 fail : 3542 sz added : 399504164 sz_removed : 399504892 evicted : 685877
Trace computed : 26500000 2021-11-21 22:19:20.601030 10001400498 51988948 47272461 fail : 3557 sz added : 400872695 sz_removed : 400874230 evicted : 688386
Trace computed : 26600000 2021-11-21 22:19:49.536782 10001400511 51996392 47409832 fail : 3567 sz added : 402429288 sz_removed : 402430810 evicted : 690950
Trace computed : 26700000 2021-11-21 22:20:18.318896 10001398815 52003971 47546700 fail : 3578 sz added : 403867015 sz_removed : 403870233 evicted : 693540
Trace computed : 26800000 2021-11-21 22:20:46.880043 10001402510 52011660 47681633 fail : 3589 sz added : 405387889 sz_removed : 405387412 evicted : 696096
Trace computed : 26900000 2021-11-21 22:21:15.489727 10001401598 52018639 47816733 fail : 3604 sz added : 406811622 sz_removed : 406812057 evicted : 698600
Trace computed : 27000000 2021-11-21 22:21:44.805744 10001399646 52026225 47950168 fail : 3618 sz added : 408210703 sz_removed : 408213090 evicted : 701292
Trace computed : 27100000 2021-11-21 22:22:14.279606 10001406875 52034020 48079378 fail : 3632 sz added : 409655134 sz_removed : 409650292 evicted : 703888
Trace computed : 27200000 2021-11-21 22:22:43.024789 10001401275 52041692 48208018 fail : 3644 sz added : 411139370 sz_removed : 411140128 evicted : 706498
Trace computed : 27300000 2021-11-21 22:23:11.902154 10001400926 52049328 48334508 fail : 3660 sz added : 412709709 sz_removed : 412710816 evicted : 709080
Trace computed : 27400000 2021-11-21 22:23:40.444027 10001395531 52057244 48459772 fail : 3678 sz added : 414341753 sz_removed : 414348255 evicted : 711718
Trace computed : 27500000 2021-11-21 22:24:08.632243 10001404466 52064778 48582687 fail : 3694 sz added : 415869740 sz_removed : 415867307 evicted : 714275
Trace computed : 27600000 2021-11-21 22:25:30.880801 10001401082 52071855 48705789 fail : 3702 sz added : 417333614 sz_removed : 417334565 evicted : 716800
