Finished reading the input models
Sampling the object sizes that will be assigned to the initial objects in the LRU stack ...
Initializing the LRU stack ...  0 % complete
Initializing the LRU stack ...  0 % complete
Initializing the LRU stack ...  0 % complete
Initializing the LRU stack ...  0 % complete
Initializing the LRU stack ...  1 % complete
Initializing the LRU stack ...  1 % complete
Initializing the LRU stack ...  1 % complete
Initializing the LRU stack ...  1 % complete
Initializing the LRU stack ...  1 % complete
Initializing the LRU stack ...  2 % complete
Initializing the LRU stack ...  2 % complete
Initializing the LRU stack ...  2 % complete
Initializing the LRU stack ...  2 % complete
Initializing the LRU stack ...  2 % complete
Initializing the LRU stack ...  2 % complete
Initializing the LRU stack ...  3 % complete
Initializing the LRU stack ...  3 % complete
Initializing the LRU stack ...  3 % complete
Initializing the LRU stack ...  3 % complete
Initializing the LRU stack ...  4 % complete
Initializing the LRU stack ...  4 % complete
Initializing the LRU stack ...  4 % complete
Initializing the LRU stack ...  4 % complete
Initializing the LRU stack ...  4 % complete
Initializing the LRU stack ...  5 % complete
Initializing the LRU stack ...  5 % complete
Initializing the LRU stack ...  5 % complete
Initializing the LRU stack ...  5 % complete
Initializing the LRU stack ...  5 % complete
Initializing the LRU stack ...  6 % complete
Initializing the LRU stack ...  6 % complete
Initializing the LRU stack ...  6 % complete
Initializing the LRU stack ...  6 % complete
Initializing the LRU stack ...  6 % complete
Initializing the LRU stack ...  7 % complete
Initializing the LRU stack ...  7 % complete
Initializing the LRU stack ...  7 % complete
Initializing the LRU stack ...  7 % complete
Initializing the LRU stack ...  7 % complete
Initializing the LRU stack ...  8 % complete
Initializing the LRU stack ...  8 % complete
Initializing the LRU stack ...  8 % complete
Initializing the LRU stack ...  8 % complete
Initializing the LRU stack ...  8 % complete
Initializing the LRU stack ...  9 % complete
Initializing the LRU stack ...  9 % complete
Initializing the LRU stack ...  9 % complete
Initializing the LRU stack ...  9 % complete
Initializing the LRU stack ...  9 % complete
Initializing the LRU stack ...  10 % complete
Initializing the LRU stack ...  10 % complete
Initializing the LRU stack ...  10 % complete
Initializing the LRU stack ...  10 % complete
Initializing the LRU stack ...  10 % complete
Initializing the LRU stack ...  11 % complete
Initializing the LRU stack ...  11 % complete
Initializing the LRU stack ...  11 % complete
Initializing the LRU stack ...  11 % complete
Initializing the LRU stack ...  11 % complete
Initializing the LRU stack ...  11 % complete
Initializing the LRU stack ...  12 % complete
Initializing the LRU stack ...  12 % complete
Initializing the LRU stack ...  12 % complete
Initializing the LRU stack ...  12 % complete
Initializing the LRU stack ...  12 % complete
Initializing the LRU stack ...  13 % complete
Initializing the LRU stack ...  13 % complete
Initializing the LRU stack ...  13 % complete
Initializing the LRU stack ...  13 % complete
Initializing the LRU stack ...  13 % complete
Initializing the LRU stack ...  14 % complete
Initializing the LRU stack ...  14 % complete
Initializing the LRU stack ...  14 % complete
Initializing the LRU stack ...  14 % complete
Initializing the LRU stack ...  14 % complete
Initializing the LRU stack ...  15 % complete
Initializing the LRU stack ...  15 % complete
Initializing the LRU stack ...  15 % complete
Initializing the LRU stack ...  15 % complete
Initializing the LRU stack ...  15 % complete
Initializing the LRU stack ...  16 % complete
Initializing the LRU stack ...  16 % complete
Initializing the LRU stack ...  16 % complete
Initializing the LRU stack ...  16 % complete
Initializing the LRU stack ...  16 % complete
Initializing the LRU stack ...  17 % complete
Initializing the LRU stack ...  17 % complete
Initializing the LRU stack ...  17 % complete
Initializing the LRU stack ...  17 % complete
Initializing the LRU stack ...  17 % complete
Initializing the LRU stack ...  18 % complete
Initializing the LRU stack ...  18 % complete
Initializing the LRU stack ...  18 % complete
Initializing the LRU stack ...  18 % complete
Initializing the LRU stack ...  18 % complete
Initializing the LRU stack ...  19 % complete
Initializing the LRU stack ...  19 % complete
Initializing the LRU stack ...  19 % complete
Initializing the LRU stack ...  19 % complete
Initializing the LRU stack ...  20 % complete
Initializing the LRU stack ...  20 % complete
Initializing the LRU stack ...  20 % complete
Initializing the LRU stack ...  20 % complete
Initializing the LRU stack ...  20 % complete
Initializing the LRU stack ...  21 % complete
Initializing the LRU stack ...  21 % complete
Initializing the LRU stack ...  21 % complete
Initializing the LRU stack ...  21 % complete
Initializing the LRU stack ...  21 % complete
Initializing the LRU stack ...  21 % complete
Initializing the LRU stack ...  22 % complete
Initializing the LRU stack ...  22 % complete
Initializing the LRU stack ...  22 % complete
Initializing the LRU stack ...  22 % complete
Initializing the LRU stack ...  23 % complete
Initializing the LRU stack ...  23 % complete
Initializing the LRU stack ...  23 % complete
Initializing the LRU stack ...  23 % complete
Initializing the LRU stack ...  23 % complete
Initializing the LRU stack ...  24 % complete
Initializing the LRU stack ...  24 % complete
Initializing the LRU stack ...  24 % complete
Initializing the LRU stack ...  24 % complete
Initializing the LRU stack ...  24 % complete
Initializing the LRU stack ...  24 % complete
Initializing the LRU stack ...  25 % complete
Initializing the LRU stack ...  25 % complete
Initializing the LRU stack ...  25 % complete
Initializing the LRU stack ...  25 % complete
Initializing the LRU stack ...  25 % complete
Initializing the LRU stack ...  26 % complete
Initializing the LRU stack ...  26 % complete
Initializing the LRU stack ...  26 % complete
Initializing the LRU stack ...  26 % complete
Initializing the LRU stack ...  26 % complete
Initializing the LRU stack ...  27 % complete
Initializing the LRU stack ...  27 % complete
Initializing the LRU stack ...  27 % complete
Initializing the LRU stack ...  27 % complete
Initializing the LRU stack ...  27 % complete
Initializing the LRU stack ...  28 % complete
Initializing the LRU stack ...  28 % complete
Initializing the LRU stack ...  28 % complete
Initializing the LRU stack ...  28 % complete
Initializing the LRU stack ...  29 % complete
Initializing the LRU stack ...  29 % complete
Initializing the LRU stack ...  29 % complete
Initializing the LRU stack ...  29 % complete
Initializing the LRU stack ...  29 % complete
Initializing the LRU stack ...  30 % complete
Initializing the LRU stack ...  30 % complete
Initializing the LRU stack ...  30 % complete
Initializing the LRU stack ...  30 % complete
Initializing the LRU stack ...  30 % complete
Initializing the LRU stack ...  31 % complete
Initializing the LRU stack ...  31 % complete
Initializing the LRU stack ...  31 % complete
Initializing the LRU stack ...  31 % complete
Initializing the LRU stack ...  31 % complete
Initializing the LRU stack ...  32 % complete
Initializing the LRU stack ...  32 % complete
Initializing the LRU stack ...  32 % complete
Initializing the LRU stack ...  32 % complete
Initializing the LRU stack ...  32 % complete
Initializing the LRU stack ...  33 % complete
Initializing the LRU stack ...  33 % complete
Initializing the LRU stack ...  33 % complete
Initializing the LRU stack ...  33 % complete
Initializing the LRU stack ...  33 % complete
Initializing the LRU stack ...  34 % complete
Initializing the LRU stack ...  34 % complete
Initializing the LRU stack ...  34 % complete
Initializing the LRU stack ...  34 % complete
Initializing the LRU stack ...  34 % complete
Initializing the LRU stack ...  35 % complete
Initializing the LRU stack ...  35 % complete
Initializing the LRU stack ...  35 % complete
Initializing the LRU stack ...  35 % complete
Initializing the LRU stack ...  35 % complete
Initializing the LRU stack ...  36 % complete
Initializing the LRU stack ...  36 % complete
Initializing the LRU stack ...  36 % complete
Initializing the LRU stack ...  36 % complete
Initializing the LRU stack ...  36 % complete
Initializing the LRU stack ...  36 % complete
Initializing the LRU stack ...  37 % complete
Initializing the LRU stack ...  37 % complete
Initializing the LRU stack ...  37 % complete
Initializing the LRU stack ...  37 % complete
Initializing the LRU stack ...  38 % complete
Initializing the LRU stack ...  38 % complete
Initializing the LRU stack ...  38 % complete
Initializing the LRU stack ...  38 % complete
Initializing the LRU stack ...  38 % complete
Initializing the LRU stack ...  39 % complete
Initializing the LRU stack ...  39 % complete
Initializing the LRU stack ...  39 % complete
Initializing the LRU stack ...  39 % complete
Initializing the LRU stack ...  39 % complete
Initializing the LRU stack ...  40 % complete
Initializing the LRU stack ...  40 % complete
Initializing the LRU stack ...  40 % complete
Initializing the LRU stack ...  40 % complete
Initializing the LRU stack ...  40 % complete
Initializing the LRU stack ...  41 % complete
Initializing the LRU stack ...  41 % complete
Initializing the LRU stack ...  41 % complete
Initializing the LRU stack ...  41 % complete
Initializing the LRU stack ...  41 % complete
Initializing the LRU stack ...  42 % complete
Initializing the LRU stack ...  42 % complete
Initializing the LRU stack ...  42 % complete
Initializing the LRU stack ...  42 % complete
Initializing the LRU stack ...  42 % complete
Initializing the LRU stack ...  43 % complete
Initializing the LRU stack ...  43 % complete
Initializing the LRU stack ...  43 % complete
Initializing the LRU stack ...  43 % complete
Initializing the LRU stack ...  43 % complete
Initializing the LRU stack ...  44 % complete
Initializing the LRU stack ...  44 % complete
Initializing the LRU stack ...  44 % complete
Initializing the LRU stack ...  44 % complete
Initializing the LRU stack ...  44 % complete
Initializing the LRU stack ...  45 % complete
Initializing the LRU stack ...  45 % complete
Initializing the LRU stack ...  45 % complete
Initializing the LRU stack ...  45 % complete
Initializing the LRU stack ...  45 % complete
Initializing the LRU stack ...  46 % complete
Initializing the LRU stack ...  46 % complete
Initializing the LRU stack ...  46 % complete
Initializing the LRU stack ...  46 % complete
Initializing the LRU stack ...  46 % complete
Initializing the LRU stack ...  47 % complete
Initializing the LRU stack ...  47 % complete
Initializing the LRU stack ...  47 % complete
Initializing the LRU stack ...  47 % complete
Initializing the LRU stack ...  47 % complete
Initializing the LRU stack ...  48 % complete
Initializing the LRU stack ...  48 % complete
Initializing the LRU stack ...  48 % complete
Initializing the LRU stack ...  48 % complete
Initializing the LRU stack ...  48 % complete
Initializing the LRU stack ...  49 % complete
Initializing the LRU stack ...  49 % complete
Initializing the LRU stack ...  49 % complete
Initializing the LRU stack ...  49 % complete
Initializing the LRU stack ...  49 % complete
Initializing the LRU stack ...  50 % complete
Initializing the LRU stack ...  50 % complete
Initializing the LRU stack ...  50 % complete
Initializing the LRU stack ...  50 % complete
Initializing the LRU stack ...  50 % complete
Initializing the LRU stack ...  51 % complete
Initializing the LRU stack ...  51 % complete
Initializing the LRU stack ...  51 % complete
Initializing the LRU stack ...  51 % complete
Initializing the LRU stack ...  51 % complete
Initializing the LRU stack ...  52 % complete
Initializing the LRU stack ...  52 % complete
Initializing the LRU stack ...  52 % complete
Initializing the LRU stack ...  52 % complete
Initializing the LRU stack ...  52 % complete
Initializing the LRU stack ...  53 % complete
Initializing the LRU stack ...  53 % complete
Initializing the LRU stack ...  53 % complete
Initializing the LRU stack ...  53 % complete
Initializing the LRU stack ...  53 % complete
Initializing the LRU stack ...  54 % complete
Initializing the LRU stack ...  54 % complete
Initializing the LRU stack ...  54 % complete
Initializing the LRU stack ...  54 % complete
Initializing the LRU stack ...  54 % complete
Initializing the LRU stack ...  55 % complete
Initializing the LRU stack ...  55 % complete
Initializing the LRU stack ...  55 % complete
Initializing the LRU stack ...  55 % complete
Initializing the LRU stack ...  55 % complete
Initializing the LRU stack ...  56 % complete
Initializing the LRU stack ...  56 % complete
Initializing the LRU stack ...  56 % complete
Initializing the LRU stack ...  56 % complete
Initializing the LRU stack ...  56 % complete
Initializing the LRU stack ...  57 % complete
Initializing the LRU stack ...  57 % complete
Initializing the LRU stack ...  57 % complete
Initializing the LRU stack ...  57 % complete
Initializing the LRU stack ...  57 % complete
Initializing the LRU stack ...  58 % complete
Initializing the LRU stack ...  58 % complete
Initializing the LRU stack ...  58 % complete
Initializing the LRU stack ...  58 % complete
Initializing the LRU stack ...  58 % complete
Initializing the LRU stack ...  59 % complete
Initializing the LRU stack ...  59 % complete
Initializing the LRU stack ...  59 % complete
Initializing the LRU stack ...  59 % complete
Initializing the LRU stack ...  59 % complete
Initializing the LRU stack ...  60 % complete
Initializing the LRU stack ...  60 % complete
Initializing the LRU stack ...  60 % complete
Initializing the LRU stack ...  60 % complete
Initializing the LRU stack ...  60 % complete
Initializing the LRU stack ...  61 % complete
Initializing the LRU stack ...  61 % complete
Initializing the LRU stack ...  61 % complete
Initializing the LRU stack ...  61 % complete
Initializing the LRU stack ...  61 % complete
Initializing the LRU stack ...  62 % complete
Initializing the LRU stack ...  62 % complete
Initializing the LRU stack ...  62 % complete
Initializing the LRU stack ...  62 % complete
Initializing the LRU stack ...  62 % complete
Initializing the LRU stack ...  63 % complete
Initializing the LRU stack ...  63 % complete
Initializing the LRU stack ...  63 % complete
Initializing the LRU stack ...  63 % complete
Initializing the LRU stack ...  63 % complete
Initializing the LRU stack ...  64 % complete
Initializing the LRU stack ...  64 % complete
Initializing the LRU stack ...  64 % complete
Initializing the LRU stack ...  64 % complete
Initializing the LRU stack ...  64 % complete
Initializing the LRU stack ...  65 % complete
Initializing the LRU stack ...  65 % complete
Initializing the LRU stack ...  65 % complete
Initializing the LRU stack ...  65 % complete
Initializing the LRU stack ...  65 % complete
Initializing the LRU stack ...  66 % complete
Initializing the LRU stack ...  66 % complete
Initializing the LRU stack ...  66 % complete
Initializing the LRU stack ...  66 % complete
Initializing the LRU stack ...  66 % complete
Initializing the LRU stack ...  67 % complete
Initializing the LRU stack ...  67 % complete
Initializing the LRU stack ...  67 % complete
Initializing the LRU stack ...  67 % complete
Initializing the LRU stack ...  67 % complete
Initializing the LRU stack ...  68 % complete
Initializing the LRU stack ...  68 % complete
Initializing the LRU stack ...  68 % complete
Initializing the LRU stack ...  68 % complete
Initializing the LRU stack ...  68 % complete
Initializing the LRU stack ...  69 % complete
Initializing the LRU stack ...  69 % complete
Initializing the LRU stack ...  69 % complete
Initializing the LRU stack ...  69 % complete
Initializing the LRU stack ...  69 % complete
Initializing the LRU stack ...  70 % complete
Initializing the LRU stack ...  70 % complete
Initializing the LRU stack ...  70 % complete
Initializing the LRU stack ...  70 % complete
Initializing the LRU stack ...  70 % complete
Initializing the LRU stack ...  71 % complete
Initializing the LRU stack ...  71 % complete
Initializing the LRU stack ...  71 % complete
Initializing the LRU stack ...  71 % complete
Initializing the LRU stack ...  71 % complete
Initializing the LRU stack ...  72 % complete
Initializing the LRU stack ...  72 % complete
Initializing the LRU stack ...  72 % complete
Initializing the LRU stack ...  72 % complete
Initializing the LRU stack ...  72 % complete
Initializing the LRU stack ...  73 % complete
Initializing the LRU stack ...  73 % complete
Initializing the LRU stack ...  73 % complete
Initializing the LRU stack ...  73 % complete
Initializing the LRU stack ...  73 % complete
Initializing the LRU stack ...  74 % complete
Initializing the LRU stack ...  74 % complete
Initializing the LRU stack ...  74 % complete
Initializing the LRU stack ...  74 % complete
Initializing the LRU stack ...  74 % complete
Initializing the LRU stack ...  75 % complete
Initializing the LRU stack ...  75 % complete
Initializing the LRU stack ...  75 % complete
Initializing the LRU stack ...  75 % complete
Initializing the LRU stack ...  75 % complete
Initializing the LRU stack ...  76 % complete
Initializing the LRU stack ...  76 % complete
Initializing the LRU stack ...  76 % complete
Initializing the LRU stack ...  76 % complete
Initializing the LRU stack ...  76 % complete
Initializing the LRU stack ...  77 % complete
Initializing the LRU stack ...  77 % complete
Initializing the LRU stack ...  77 % complete
Initializing the LRU stack ...  77 % complete
Initializing the LRU stack ...  77 % complete
Initializing the LRU stack ...  78 % complete
Initializing the LRU stack ...  78 % complete
Initializing the LRU stack ...  78 % complete
Initializing the LRU stack ...  78 % complete
Initializing the LRU stack ...  78 % complete
Initializing the LRU stack ...  79 % complete
Initializing the LRU stack ...  79 % complete
Initializing the LRU stack ...  79 % complete
Initializing the LRU stack ...  79 % complete
Initializing the LRU stack ...  79 % complete
Initializing the LRU stack ...  80 % complete
Initializing the LRU stack ...  80 % complete
Initializing the LRU stack ...  80 % complete
Initializing the LRU stack ...  80 % complete
Initializing the LRU stack ...  80 % complete
Initializing the LRU stack ...  81 % complete
Initializing the LRU stack ...  81 % complete
Initializing the LRU stack ...  81 % complete
Initializing the LRU stack ...  81 % complete
Initializing the LRU stack ...  81 % complete
Initializing the LRU stack ...  82 % complete
Initializing the LRU stack ...  82 % complete
Initializing the LRU stack ...  82 % complete
Initializing the LRU stack ...  82 % complete
Initializing the LRU stack ...  82 % complete
Initializing the LRU stack ...  83 % complete
Initializing the LRU stack ...  83 % complete
Initializing the LRU stack ...  83 % complete
Initializing the LRU stack ...  83 % complete
Initializing the LRU stack ...  83 % complete
Initializing the LRU stack ...  84 % complete
Initializing the LRU stack ...  84 % complete
Initializing the LRU stack ...  84 % complete
Initializing the LRU stack ...  84 % complete
Initializing the LRU stack ...  84 % complete
Initializing the LRU stack ...  85 % complete
Initializing the LRU stack ...  85 % complete
Initializing the LRU stack ...  85 % complete
Initializing the LRU stack ...  85 % complete
Initializing the LRU stack ...  85 % complete
Initializing the LRU stack ...  86 % complete
Initializing the LRU stack ...  86 % complete
Initializing the LRU stack ...  86 % complete
Initializing the LRU stack ...  86 % complete
Initializing the LRU stack ...  86 % complete
Initializing the LRU stack ...  87 % complete
Initializing the LRU stack ...  87 % complete
Initializing the LRU stack ...  87 % complete
Initializing the LRU stack ...  87 % complete
Initializing the LRU stack ...  87 % complete
Initializing the LRU stack ...  88 % complete
Initializing the LRU stack ...  88 % complete
Initializing the LRU stack ...  88 % complete
Initializing the LRU stack ...  88 % complete
Initializing the LRU stack ...  88 % complete
Initializing the LRU stack ...  89 % complete
Initializing the LRU stack ...  89 % complete
Initializing the LRU stack ...  89 % complete
Initializing the LRU stack ...  89 % complete
Initializing the LRU stack ...  89 % complete
Initializing the LRU stack ...  90 % complete
Initializing the LRU stack ...  90 % complete
Initializing the LRU stack ...  90 % complete
Initializing the LRU stack ...  90 % complete
Initializing the LRU stack ...  90 % complete
Initializing the LRU stack ...  91 % complete
Initializing the LRU stack ...  91 % complete
Initializing the LRU stack ...  91 % complete
Initializing the LRU stack ...  91 % complete
Initializing the LRU stack ...  91 % complete
Initializing the LRU stack ...  92 % complete
Initializing the LRU stack ...  92 % complete
Initializing the LRU stack ...  92 % complete
Initializing the LRU stack ...  92 % complete
Initializing the LRU stack ...  92 % complete
Initializing the LRU stack ...  93 % complete
Initializing the LRU stack ...  93 % complete
Initializing the LRU stack ...  93 % complete
Initializing the LRU stack ...  93 % complete
Initializing the LRU stack ...  93 % complete
Initializing the LRU stack ...  94 % complete
Initializing the LRU stack ...  94 % complete
Initializing the LRU stack ...  94 % complete
Initializing the LRU stack ...  94 % complete
Initializing the LRU stack ...  94 % complete
Initializing the LRU stack ...  95 % complete
Initializing the LRU stack ...  95 % complete
Initializing the LRU stack ...  95 % complete
Initializing the LRU stack ...  95 % complete
Initializing the LRU stack ...  95 % complete
Initializing the LRU stack ...  96 % complete
Initializing the LRU stack ...  96 % complete
Initializing the LRU stack ...  96 % complete
Initializing the LRU stack ...  96 % complete
Initializing the LRU stack ...  96 % complete
Initializing the LRU stack ...  97 % complete
Initializing the LRU stack ...  97 % complete
Initializing the LRU stack ...  97 % complete
Initializing the LRU stack ...  97 % complete
Initializing the LRU stack ...  97 % complete
Initializing the LRU stack ...  98 % complete
Initializing the LRU stack ...  98 % complete
Initializing the LRU stack ...  98 % complete
Initializing the LRU stack ...  98 % complete
Initializing the LRU stack ...  98 % complete
Initializing the LRU stack ...  99 % complete
Initializing the LRU stack ...  99 % complete
Initializing the LRU stack ...  99 % complete
Initializing the LRU stack ...  99 % complete
Initializing the LRU stack ...  99 % complete
Representing the cache as leaves of a tree ...  0 % complete
Representing the cache as leaves of a tree ...  0 % complete
Representing the cache as leaves of a tree ...  0 % complete
Representing the cache as leaves of a tree ...  0 % complete
Representing the cache as leaves of a tree ...  0 % complete
Representing the cache as leaves of a tree ...  1 % complete
Representing the cache as leaves of a tree ...  1 % complete
Representing the cache as leaves of a tree ...  1 % complete
Representing the cache as leaves of a tree ...  1 % complete
Representing the cache as leaves of a tree ...  1 % complete
Representing the cache as leaves of a tree ...  2 % complete
Representing the cache as leaves of a tree ...  2 % complete
Representing the cache as leaves of a tree ...  2 % complete
Representing the cache as leaves of a tree ...  2 % complete
Representing the cache as leaves of a tree ...  2 % complete
Representing the cache as leaves of a tree ...  3 % complete
Representing the cache as leaves of a tree ...  3 % complete
Representing the cache as leaves of a tree ...  3 % complete
Representing the cache as leaves of a tree ...  3 % complete
Representing the cache as leaves of a tree ...  3 % complete
Representing the cache as leaves of a tree ...  4 % complete
Representing the cache as leaves of a tree ...  4 % complete
Representing the cache as leaves of a tree ...  4 % complete
Representing the cache as leaves of a tree ...  4 % complete
Representing the cache as leaves of a tree ...  4 % complete
Representing the cache as leaves of a tree ...  5 % complete
Representing the cache as leaves of a tree ...  5 % complete
Representing the cache as leaves of a tree ...  5 % complete
Representing the cache as leaves of a tree ...  5 % complete
Representing the cache as leaves of a tree ...  5 % complete
Representing the cache as leaves of a tree ...  6 % complete
Representing the cache as leaves of a tree ...  6 % complete
Representing the cache as leaves of a tree ...  6 % complete
Representing the cache as leaves of a tree ...  6 % complete
Representing the cache as leaves of a tree ...  6 % complete
Representing the cache as leaves of a tree ...  7 % complete
Representing the cache as leaves of a tree ...  7 % complete
Representing the cache as leaves of a tree ...  7 % complete
Representing the cache as leaves of a tree ...  7 % complete
Representing the cache as leaves of a tree ...  7 % complete
Representing the cache as leaves of a tree ...  8 % complete
Representing the cache as leaves of a tree ...  8 % complete
Representing the cache as leaves of a tree ...  8 % complete
Representing the cache as leaves of a tree ...  8 % complete
Representing the cache as leaves of a tree ...  8 % complete
Representing the cache as leaves of a tree ...  9 % complete
Representing the cache as leaves of a tree ...  9 % complete
Representing the cache as leaves of a tree ...  9 % complete
Representing the cache as leaves of a tree ...  9 % complete
Representing the cache as leaves of a tree ...  9 % complete
Representing the cache as leaves of a tree ...  10 % complete
Representing the cache as leaves of a tree ...  10 % complete
Representing the cache as leaves of a tree ...  10 % complete
Representing the cache as leaves of a tree ...  10 % complete
Representing the cache as leaves of a tree ...  10 % complete
Representing the cache as leaves of a tree ...  11 % complete
Representing the cache as leaves of a tree ...  11 % complete
Representing the cache as leaves of a tree ...  11 % complete
Representing the cache as leaves of a tree ...  11 % complete
Representing the cache as leaves of a tree ...  11 % complete
Representing the cache as leaves of a tree ...  12 % complete
Representing the cache as leaves of a tree ...  12 % complete
Representing the cache as leaves of a tree ...  12 % complete
Representing the cache as leaves of a tree ...  12 % complete
Representing the cache as leaves of a tree ...  12 % complete
Representing the cache as leaves of a tree ...  13 % complete
Representing the cache as leaves of a tree ...  13 % complete
Representing the cache as leaves of a tree ...  13 % complete
Representing the cache as leaves of a tree ...  13 % complete
Representing the cache as leaves of a tree ...  13 % complete
Representing the cache as leaves of a tree ...  14 % complete
Representing the cache as leaves of a tree ...  14 % complete
Representing the cache as leaves of a tree ...  14 % complete
Representing the cache as leaves of a tree ...  14 % complete
Representing the cache as leaves of a tree ...  14 % complete
Representing the cache as leaves of a tree ...  15 % complete
Representing the cache as leaves of a tree ...  15 % complete
Representing the cache as leaves of a tree ...  15 % complete
Representing the cache as leaves of a tree ...  15 % complete
Representing the cache as leaves of a tree ...  15 % complete
Representing the cache as leaves of a tree ...  16 % complete
Representing the cache as leaves of a tree ...  16 % complete
Representing the cache as leaves of a tree ...  16 % complete
Representing the cache as leaves of a tree ...  16 % complete
Representing the cache as leaves of a tree ...  16 % complete
Representing the cache as leaves of a tree ...  17 % complete
Representing the cache as leaves of a tree ...  17 % complete
Representing the cache as leaves of a tree ...  17 % complete
Representing the cache as leaves of a tree ...  17 % complete
Representing the cache as leaves of a tree ...  17 % complete
Representing the cache as leaves of a tree ...  18 % complete
Representing the cache as leaves of a tree ...  18 % complete
Representing the cache as leaves of a tree ...  18 % complete
Representing the cache as leaves of a tree ...  18 % complete
Representing the cache as leaves of a tree ...  18 % complete
Representing the cache as leaves of a tree ...  19 % complete
Representing the cache as leaves of a tree ...  19 % complete
Representing the cache as leaves of a tree ...  19 % complete
Representing the cache as leaves of a tree ...  19 % complete
Representing the cache as leaves of a tree ...  19 % complete
Representing the cache as leaves of a tree ...  20 % complete
Representing the cache as leaves of a tree ...  20 % complete
Representing the cache as leaves of a tree ...  20 % complete
Representing the cache as leaves of a tree ...  20 % complete
Representing the cache as leaves of a tree ...  20 % complete
Representing the cache as leaves of a tree ...  21 % complete
Representing the cache as leaves of a tree ...  21 % complete
Representing the cache as leaves of a tree ...  21 % complete
Representing the cache as leaves of a tree ...  21 % complete
Representing the cache as leaves of a tree ...  21 % complete
Representing the cache as leaves of a tree ...  22 % complete
Representing the cache as leaves of a tree ...  22 % complete
Representing the cache as leaves of a tree ...  22 % complete
Representing the cache as leaves of a tree ...  22 % complete
Representing the cache as leaves of a tree ...  22 % complete
Representing the cache as leaves of a tree ...  23 % complete
Representing the cache as leaves of a tree ...  23 % complete
Representing the cache as leaves of a tree ...  23 % complete
Representing the cache as leaves of a tree ...  23 % complete
Representing the cache as leaves of a tree ...  23 % complete
Representing the cache as leaves of a tree ...  24 % complete
Representing the cache as leaves of a tree ...  24 % complete
Representing the cache as leaves of a tree ...  24 % complete
Representing the cache as leaves of a tree ...  24 % complete
Representing the cache as leaves of a tree ...  24 % complete
Representing the cache as leaves of a tree ...  25 % complete
Representing the cache as leaves of a tree ...  25 % complete
Representing the cache as leaves of a tree ...  25 % complete
Representing the cache as leaves of a tree ...  25 % complete
Representing the cache as leaves of a tree ...  25 % complete
Representing the cache as leaves of a tree ...  26 % complete
Representing the cache as leaves of a tree ...  26 % complete
Representing the cache as leaves of a tree ...  26 % complete
Representing the cache as leaves of a tree ...  26 % complete
Representing the cache as leaves of a tree ...  26 % complete
Representing the cache as leaves of a tree ...  27 % complete
Representing the cache as leaves of a tree ...  27 % complete
Representing the cache as leaves of a tree ...  27 % complete
Representing the cache as leaves of a tree ...  27 % complete
Representing the cache as leaves of a tree ...  27 % complete
Representing the cache as leaves of a tree ...  28 % complete
Representing the cache as leaves of a tree ...  28 % complete
Representing the cache as leaves of a tree ...  28 % complete
Representing the cache as leaves of a tree ...  28 % complete
Representing the cache as leaves of a tree ...  28 % complete
Representing the cache as leaves of a tree ...  29 % complete
Representing the cache as leaves of a tree ...  29 % complete
Representing the cache as leaves of a tree ...  29 % complete
Representing the cache as leaves of a tree ...  29 % complete
Representing the cache as leaves of a tree ...  29 % complete
Representing the cache as leaves of a tree ...  30 % complete
Representing the cache as leaves of a tree ...  30 % complete
Representing the cache as leaves of a tree ...  30 % complete
Representing the cache as leaves of a tree ...  30 % complete
Representing the cache as leaves of a tree ...  30 % complete
Representing the cache as leaves of a tree ...  31 % complete
Representing the cache as leaves of a tree ...  31 % complete
Representing the cache as leaves of a tree ...  31 % complete
Representing the cache as leaves of a tree ...  31 % complete
Representing the cache as leaves of a tree ...  31 % complete
Representing the cache as leaves of a tree ...  32 % complete
Representing the cache as leaves of a tree ...  32 % complete
Representing the cache as leaves of a tree ...  32 % complete
Representing the cache as leaves of a tree ...  32 % complete
Representing the cache as leaves of a tree ...  32 % complete
Representing the cache as leaves of a tree ...  33 % complete
Representing the cache as leaves of a tree ...  33 % complete
Representing the cache as leaves of a tree ...  33 % complete
Representing the cache as leaves of a tree ...  33 % complete
Representing the cache as leaves of a tree ...  33 % complete
Representing the cache as leaves of a tree ...  34 % complete
Representing the cache as leaves of a tree ...  34 % complete
Representing the cache as leaves of a tree ...  34 % complete
Representing the cache as leaves of a tree ...  34 % complete
Representing the cache as leaves of a tree ...  34 % complete
Representing the cache as leaves of a tree ...  35 % complete
Representing the cache as leaves of a tree ...  35 % complete
Representing the cache as leaves of a tree ...  35 % complete
Representing the cache as leaves of a tree ...  35 % complete
Representing the cache as leaves of a tree ...  35 % complete
Representing the cache as leaves of a tree ...  36 % complete
Representing the cache as leaves of a tree ...  36 % complete
Representing the cache as leaves of a tree ...  36 % complete
Representing the cache as leaves of a tree ...  36 % complete
Representing the cache as leaves of a tree ...  36 % complete
Representing the cache as leaves of a tree ...  37 % complete
Representing the cache as leaves of a tree ...  37 % complete
Representing the cache as leaves of a tree ...  37 % complete
Representing the cache as leaves of a tree ...  37 % complete
Representing the cache as leaves of a tree ...  37 % complete
Representing the cache as leaves of a tree ...  38 % complete
Representing the cache as leaves of a tree ...  38 % complete
Representing the cache as leaves of a tree ...  38 % complete
Representing the cache as leaves of a tree ...  38 % complete
Representing the cache as leaves of a tree ...  38 % complete
Representing the cache as leaves of a tree ...  39 % complete
Representing the cache as leaves of a tree ...  39 % complete
Representing the cache as leaves of a tree ...  39 % complete
Representing the cache as leaves of a tree ...  39 % complete
Representing the cache as leaves of a tree ...  39 % complete
Representing the cache as leaves of a tree ...  40 % complete
Representing the cache as leaves of a tree ...  40 % complete
Representing the cache as leaves of a tree ...  40 % complete
Representing the cache as leaves of a tree ...  40 % complete
Representing the cache as leaves of a tree ...  40 % complete
Representing the cache as leaves of a tree ...  41 % complete
Representing the cache as leaves of a tree ...  41 % complete
Representing the cache as leaves of a tree ...  41 % complete
Representing the cache as leaves of a tree ...  41 % complete
Representing the cache as leaves of a tree ...  41 % complete
Representing the cache as leaves of a tree ...  42 % complete
Representing the cache as leaves of a tree ...  42 % complete
Representing the cache as leaves of a tree ...  42 % complete
Representing the cache as leaves of a tree ...  42 % complete
Representing the cache as leaves of a tree ...  42 % complete
Representing the cache as leaves of a tree ...  43 % complete
Representing the cache as leaves of a tree ...  43 % complete
Representing the cache as leaves of a tree ...  43 % complete
Representing the cache as leaves of a tree ...  43 % complete
Representing the cache as leaves of a tree ...  43 % complete
Representing the cache as leaves of a tree ...  44 % complete
Representing the cache as leaves of a tree ...  44 % complete
Representing the cache as leaves of a tree ...  44 % complete
Representing the cache as leaves of a tree ...  44 % complete
Representing the cache as leaves of a tree ...  44 % complete
Representing the cache as leaves of a tree ...  45 % complete
Representing the cache as leaves of a tree ...  45 % complete
Representing the cache as leaves of a tree ...  45 % complete
Representing the cache as leaves of a tree ...  45 % complete
Representing the cache as leaves of a tree ...  45 % complete
Representing the cache as leaves of a tree ...  46 % complete
Representing the cache as leaves of a tree ...  46 % complete
Representing the cache as leaves of a tree ...  46 % complete
Representing the cache as leaves of a tree ...  46 % complete
Representing the cache as leaves of a tree ...  46 % complete
Representing the cache as leaves of a tree ...  47 % complete
Representing the cache as leaves of a tree ...  47 % complete
Representing the cache as leaves of a tree ...  47 % complete
Representing the cache as leaves of a tree ...  47 % complete
Representing the cache as leaves of a tree ...  47 % complete
Representing the cache as leaves of a tree ...  48 % complete
Representing the cache as leaves of a tree ...  48 % complete
Representing the cache as leaves of a tree ...  48 % complete
Representing the cache as leaves of a tree ...  48 % complete
Representing the cache as leaves of a tree ...  48 % complete
Representing the cache as leaves of a tree ...  49 % complete
Representing the cache as leaves of a tree ...  49 % complete
Representing the cache as leaves of a tree ...  49 % complete
Representing the cache as leaves of a tree ...  49 % complete
Representing the cache as leaves of a tree ...  49 % complete
Representing the cache as leaves of a tree ...  50 % complete
Representing the cache as leaves of a tree ...  50 % complete
Representing the cache as leaves of a tree ...  50 % complete
Representing the cache as leaves of a tree ...  50 % complete
Representing the cache as leaves of a tree ...  50 % complete
Representing the cache as leaves of a tree ...  51 % complete
Representing the cache as leaves of a tree ...  51 % complete
Representing the cache as leaves of a tree ...  51 % complete
Representing the cache as leaves of a tree ...  51 % complete
Representing the cache as leaves of a tree ...  51 % complete
Representing the cache as leaves of a tree ...  52 % complete
Representing the cache as leaves of a tree ...  52 % complete
Representing the cache as leaves of a tree ...  52 % complete
Representing the cache as leaves of a tree ...  52 % complete
Representing the cache as leaves of a tree ...  52 % complete
Representing the cache as leaves of a tree ...  53 % complete
Representing the cache as leaves of a tree ...  53 % complete
Representing the cache as leaves of a tree ...  53 % complete
Representing the cache as leaves of a tree ...  53 % complete
Representing the cache as leaves of a tree ...  53 % complete
Representing the cache as leaves of a tree ...  54 % complete
Representing the cache as leaves of a tree ...  54 % complete
Representing the cache as leaves of a tree ...  54 % complete
Representing the cache as leaves of a tree ...  54 % complete
Representing the cache as leaves of a tree ...  54 % complete
Representing the cache as leaves of a tree ...  55 % complete
Representing the cache as leaves of a tree ...  55 % complete
Representing the cache as leaves of a tree ...  55 % complete
Representing the cache as leaves of a tree ...  55 % complete
Representing the cache as leaves of a tree ...  55 % complete
Representing the cache as leaves of a tree ...  56 % complete
Representing the cache as leaves of a tree ...  56 % complete
Representing the cache as leaves of a tree ...  56 % complete
Representing the cache as leaves of a tree ...  56 % complete
Representing the cache as leaves of a tree ...  56 % complete
Representing the cache as leaves of a tree ...  57 % complete
Representing the cache as leaves of a tree ...  57 % complete
Representing the cache as leaves of a tree ...  57 % complete
Representing the cache as leaves of a tree ...  57 % complete
Representing the cache as leaves of a tree ...  57 % complete
Representing the cache as leaves of a tree ...  58 % complete
Representing the cache as leaves of a tree ...  58 % complete
Representing the cache as leaves of a tree ...  58 % complete
Representing the cache as leaves of a tree ...  58 % complete
Representing the cache as leaves of a tree ...  58 % complete
Representing the cache as leaves of a tree ...  59 % complete
Representing the cache as leaves of a tree ...  59 % complete
Representing the cache as leaves of a tree ...  59 % complete
Representing the cache as leaves of a tree ...  59 % complete
Representing the cache as leaves of a tree ...  59 % complete
Representing the cache as leaves of a tree ...  60 % complete
Representing the cache as leaves of a tree ...  60 % complete
Representing the cache as leaves of a tree ...  60 % complete
Representing the cache as leaves of a tree ...  60 % complete
Representing the cache as leaves of a tree ...  60 % complete
Representing the cache as leaves of a tree ...  61 % complete
Representing the cache as leaves of a tree ...  61 % complete
Representing the cache as leaves of a tree ...  61 % complete
Representing the cache as leaves of a tree ...  61 % complete
Representing the cache as leaves of a tree ...  61 % complete
Representing the cache as leaves of a tree ...  62 % complete
Representing the cache as leaves of a tree ...  62 % complete
Representing the cache as leaves of a tree ...  62 % complete
Representing the cache as leaves of a tree ...  62 % complete
Representing the cache as leaves of a tree ...  62 % complete
Representing the cache as leaves of a tree ...  63 % complete
Representing the cache as leaves of a tree ...  63 % complete
Representing the cache as leaves of a tree ...  63 % complete
Representing the cache as leaves of a tree ...  63 % complete
Representing the cache as leaves of a tree ...  63 % complete
Representing the cache as leaves of a tree ...  64 % complete
Representing the cache as leaves of a tree ...  64 % complete
Representing the cache as leaves of a tree ...  64 % complete
Representing the cache as leaves of a tree ...  64 % complete
Representing the cache as leaves of a tree ...  64 % complete
Representing the cache as leaves of a tree ...  65 % complete
Representing the cache as leaves of a tree ...  65 % complete
Representing the cache as leaves of a tree ...  65 % complete
Representing the cache as leaves of a tree ...  65 % complete
Representing the cache as leaves of a tree ...  65 % complete
Representing the cache as leaves of a tree ...  66 % complete
Representing the cache as leaves of a tree ...  66 % complete
Representing the cache as leaves of a tree ...  66 % complete
Representing the cache as leaves of a tree ...  66 % complete
Representing the cache as leaves of a tree ...  66 % complete
Representing the cache as leaves of a tree ...  67 % complete
Representing the cache as leaves of a tree ...  67 % complete
Representing the cache as leaves of a tree ...  67 % complete
Representing the cache as leaves of a tree ...  67 % complete
Representing the cache as leaves of a tree ...  67 % complete
Representing the cache as leaves of a tree ...  68 % complete
Representing the cache as leaves of a tree ...  68 % complete
Representing the cache as leaves of a tree ...  68 % complete
Representing the cache as leaves of a tree ...  68 % complete
Representing the cache as leaves of a tree ...  68 % complete
Representing the cache as leaves of a tree ...  69 % complete
Representing the cache as leaves of a tree ...  69 % complete
Representing the cache as leaves of a tree ...  69 % complete
Representing the cache as leaves of a tree ...  69 % complete
Representing the cache as leaves of a tree ...  69 % complete
Representing the cache as leaves of a tree ...  70 % complete
Representing the cache as leaves of a tree ...  70 % complete
Representing the cache as leaves of a tree ...  70 % complete
Representing the cache as leaves of a tree ...  70 % complete
Representing the cache as leaves of a tree ...  70 % complete
Representing the cache as leaves of a tree ...  71 % complete
Representing the cache as leaves of a tree ...  71 % complete
Representing the cache as leaves of a tree ...  71 % complete
Representing the cache as leaves of a tree ...  71 % complete
Representing the cache as leaves of a tree ...  71 % complete
Representing the cache as leaves of a tree ...  72 % complete
Representing the cache as leaves of a tree ...  72 % complete
Representing the cache as leaves of a tree ...  72 % complete
Representing the cache as leaves of a tree ...  72 % complete
Representing the cache as leaves of a tree ...  72 % complete
Representing the cache as leaves of a tree ...  73 % complete
Representing the cache as leaves of a tree ...  73 % complete
Representing the cache as leaves of a tree ...  73 % complete
Representing the cache as leaves of a tree ...  73 % complete
Representing the cache as leaves of a tree ...  73 % complete
Representing the cache as leaves of a tree ...  74 % complete
Representing the cache as leaves of a tree ...  74 % complete
Representing the cache as leaves of a tree ...  74 % complete
Representing the cache as leaves of a tree ...  74 % complete
Representing the cache as leaves of a tree ...  74 % complete
Representing the cache as leaves of a tree ...  75 % complete
Representing the cache as leaves of a tree ...  75 % complete
Representing the cache as leaves of a tree ...  75 % complete
Representing the cache as leaves of a tree ...  75 % complete
Representing the cache as leaves of a tree ...  75 % complete
Representing the cache as leaves of a tree ...  76 % complete
Representing the cache as leaves of a tree ...  76 % complete
Representing the cache as leaves of a tree ...  76 % complete
Representing the cache as leaves of a tree ...  76 % complete
Representing the cache as leaves of a tree ...  76 % complete
Representing the cache as leaves of a tree ...  77 % complete
Representing the cache as leaves of a tree ...  77 % complete
Representing the cache as leaves of a tree ...  77 % complete
Representing the cache as leaves of a tree ...  77 % complete
Representing the cache as leaves of a tree ...  77 % complete
Representing the cache as leaves of a tree ...  78 % complete
Representing the cache as leaves of a tree ...  78 % complete
Representing the cache as leaves of a tree ...  78 % complete
Representing the cache as leaves of a tree ...  78 % complete
Representing the cache as leaves of a tree ...  78 % complete
Representing the cache as leaves of a tree ...  79 % complete
Representing the cache as leaves of a tree ...  79 % complete
Representing the cache as leaves of a tree ...  79 % complete
Representing the cache as leaves of a tree ...  79 % complete
Representing the cache as leaves of a tree ...  79 % complete
Representing the cache as leaves of a tree ...  80 % complete
Representing the cache as leaves of a tree ...  80 % complete
Representing the cache as leaves of a tree ...  80 % complete
Representing the cache as leaves of a tree ...  80 % complete
Representing the cache as leaves of a tree ...  80 % complete
Representing the cache as leaves of a tree ...  81 % complete
Representing the cache as leaves of a tree ...  81 % complete
Representing the cache as leaves of a tree ...  81 % complete
Representing the cache as leaves of a tree ...  81 % complete
Representing the cache as leaves of a tree ...  81 % complete
Representing the cache as leaves of a tree ...  82 % complete
Representing the cache as leaves of a tree ...  82 % complete
Representing the cache as leaves of a tree ...  82 % complete
Representing the cache as leaves of a tree ...  82 % complete
Representing the cache as leaves of a tree ...  82 % complete
Representing the cache as leaves of a tree ...  83 % complete
Representing the cache as leaves of a tree ...  83 % complete
Representing the cache as leaves of a tree ...  83 % complete
Representing the cache as leaves of a tree ...  83 % complete
Representing the cache as leaves of a tree ...  83 % complete
Representing the cache as leaves of a tree ...  84 % complete
Representing the cache as leaves of a tree ...  84 % complete
Representing the cache as leaves of a tree ...  84 % complete
Representing the cache as leaves of a tree ...  84 % complete
Representing the cache as leaves of a tree ...  84 % complete
Representing the cache as leaves of a tree ...  85 % complete
Representing the cache as leaves of a tree ...  85 % complete
Representing the cache as leaves of a tree ...  85 % complete
Representing the cache as leaves of a tree ...  85 % complete
Representing the cache as leaves of a tree ...  85 % complete
Representing the cache as leaves of a tree ...  86 % complete
Representing the cache as leaves of a tree ...  86 % complete
Representing the cache as leaves of a tree ...  86 % complete
Representing the cache as leaves of a tree ...  86 % complete
Representing the cache as leaves of a tree ...  86 % complete
Representing the cache as leaves of a tree ...  87 % complete
Representing the cache as leaves of a tree ...  87 % complete
Representing the cache as leaves of a tree ...  87 % complete
Representing the cache as leaves of a tree ...  87 % complete
Representing the cache as leaves of a tree ...  87 % complete
Representing the cache as leaves of a tree ...  88 % complete
Representing the cache as leaves of a tree ...  88 % complete
Representing the cache as leaves of a tree ...  88 % complete
Representing the cache as leaves of a tree ...  88 % complete
Representing the cache as leaves of a tree ...  88 % complete
Representing the cache as leaves of a tree ...  89 % complete
Representing the cache as leaves of a tree ...  89 % complete
Representing the cache as leaves of a tree ...  89 % complete
Representing the cache as leaves of a tree ...  89 % complete
Representing the cache as leaves of a tree ...  89 % complete
Representing the cache as leaves of a tree ...  90 % complete
Representing the cache as leaves of a tree ...  90 % complete
Representing the cache as leaves of a tree ...  90 % complete
Representing the cache as leaves of a tree ...  90 % complete
Representing the cache as leaves of a tree ...  90 % complete
Representing the cache as leaves of a tree ...  91 % complete
Representing the cache as leaves of a tree ...  91 % complete
Representing the cache as leaves of a tree ...  91 % complete
Representing the cache as leaves of a tree ...  91 % complete
Representing the cache as leaves of a tree ...  91 % complete
Representing the cache as leaves of a tree ...  92 % complete
Representing the cache as leaves of a tree ...  92 % complete
Representing the cache as leaves of a tree ...  92 % complete
Representing the cache as leaves of a tree ...  92 % complete
Representing the cache as leaves of a tree ...  92 % complete
Representing the cache as leaves of a tree ...  93 % complete
Representing the cache as leaves of a tree ...  93 % complete
Representing the cache as leaves of a tree ...  93 % complete
Representing the cache as leaves of a tree ...  93 % complete
Representing the cache as leaves of a tree ...  93 % complete
Representing the cache as leaves of a tree ...  94 % complete
Representing the cache as leaves of a tree ...  94 % complete
Representing the cache as leaves of a tree ...  94 % complete
Representing the cache as leaves of a tree ...  94 % complete
Representing the cache as leaves of a tree ...  94 % complete
Representing the cache as leaves of a tree ...  95 % complete
Representing the cache as leaves of a tree ...  95 % complete
Representing the cache as leaves of a tree ...  95 % complete
Representing the cache as leaves of a tree ...  95 % complete
Representing the cache as leaves of a tree ...  95 % complete
Representing the cache as leaves of a tree ...  96 % complete
Representing the cache as leaves of a tree ...  96 % complete
Representing the cache as leaves of a tree ...  96 % complete
Representing the cache as leaves of a tree ...  96 % complete
Representing the cache as leaves of a tree ...  96 % complete
Representing the cache as leaves of a tree ...  97 % complete
Representing the cache as leaves of a tree ...  97 % complete
Representing the cache as leaves of a tree ...  97 % complete
Representing the cache as leaves of a tree ...  97 % complete
Representing the cache as leaves of a tree ...  97 % complete
Representing the cache as leaves of a tree ...  98 % complete
Representing the cache as leaves of a tree ...  98 % complete
Representing the cache as leaves of a tree ...  98 % complete
Representing the cache as leaves of a tree ...  98 % complete
Representing the cache as leaves of a tree ...  98 % complete
Representing the cache as leaves of a tree ...  99 % complete
Representing the cache as leaves of a tree ...  99 % complete
Representing the cache as leaves of a tree ...  99 % complete
Representing the cache as leaves of a tree ...  99 % complete
Representing the cache as leaves of a tree ...  99 % complete
Creating tree, parsing level:  0
Creating tree, parsing level:  1
Creating tree, parsing level:  2
Creating tree, parsing level:  3
Creating tree, parsing level:  4
Creating tree, parsing level:  5
Creating tree, parsing level:  6
Creating tree, parsing level:  7
Creating tree, parsing level:  8
Creating tree, parsing level:  9
Creating tree, parsing level:  10
Creating tree, parsing level:  11
Creating tree, parsing level:  12
Creating tree, parsing level:  13
Creating tree, parsing level:  14
Creating tree, parsing level:  15
Creating tree, parsing level:  16
Creating tree, parsing level:  17
Creating tree, parsing level:  18
Creating tree, parsing level:  19
Creating tree, parsing level:  20
Creating tree, parsing level:  21
Creating tree, parsing level:  22
Creating tree, parsing level:  23
Creating tree, parsing level:  24
Trace computed : 0 2021-11-22 10:43:45.361787 10001400159 49981075 48 fail : 0 sz added : 0 sz_removed : 0 evicted : 0
Trace computed : 1000000 2021-11-22 10:48:09.498565 10001399728 50065747 1871081 fail : 124 sz added : 16760976 sz_removed : 16761407 evicted : 26244
Trace computed : 2000000 2021-11-22 10:52:43.557723 10001400215 50150961 3751210 fail : 279 sz added : 33570521 sz_removed : 33570465 evicted : 52358
Trace computed : 3000000 2021-11-22 10:57:08.656489 10001401722 50234710 5637670 fail : 413 sz added : 50582298 sz_removed : 50580735 evicted : 78283
Trace computed : 4000000 2021-11-22 11:01:34.525627 10001400636 50318015 7556752 fail : 547 sz added : 66937205 sz_removed : 66936728 evicted : 104338
Trace computed : 5000000 2021-11-22 11:06:03.109252 10001398541 50400479 9500636 fail : 679 sz added : 83173432 sz_removed : 83175050 evicted : 130277
Trace computed : 6000000 2021-11-22 11:10:34.248254 10001405163 50480760 11442152 fail : 833 sz added : 99222671 sz_removed : 99217667 evicted : 156655
Trace computed : 7000000 2021-11-22 11:15:05.344467 10001401008 50558184 13370434 fail : 979 sz added : 114623164 sz_removed : 114622315 evicted : 182805
Trace computed : 8000000 2021-11-22 11:19:34.038496 10001400156 50638904 15312069 fail : 1131 sz added : 130721020 sz_removed : 130721023 evicted : 208843
Trace computed : 9000000 2021-11-22 11:24:03.119066 10001399609 50719428 17267966 fail : 1265 sz added : 146693292 sz_removed : 146693842 evicted : 234824
Trace computed : 10000000 2021-11-22 11:28:32.455500 10001399231 50802399 19233089 fail : 1387 sz added : 162772210 sz_removed : 162773138 evicted : 260548
Trace computed : 11000000 2021-11-22 11:33:04.450379 10001401114 50879297 21158536 fail : 1507 sz added : 178035678 sz_removed : 178034723 evicted : 286572
Trace computed : 12000000 2021-11-22 11:37:37.978351 10001400041 50952349 23053686 fail : 1634 sz added : 192691141 sz_removed : 192691259 evicted : 312547
Trace computed : 13000000 2021-11-22 11:42:12.655417 10001401881 51020400 24906575 fail : 1765 sz added : 206617004 sz_removed : 206615282 evicted : 338388
Trace computed : 14000000 2021-11-22 11:48:15.127474 10001401260 51088961 26734438 fail : 1903 sz added : 220449985 sz_removed : 220448884 evicted : 364634
Trace computed : 15000000 2021-11-22 11:52:50.186604 10001399747 51155081 28533910 fail : 2023 sz added : 233717215 sz_removed : 233717627 evicted : 390494
Trace computed : 16000000 2021-11-22 11:57:28.004153 10001402071 51220027 30306525 fail : 2153 sz added : 247124785 sz_removed : 247122873 evicted : 416240
Trace computed : 17000000 2021-11-22 12:02:07.975145 10001400209 51292154 32063543 fail : 2298 sz added : 261202609 sz_removed : 261202559 evicted : 442302
Trace computed : 18000000 2021-11-22 12:06:46.740731 10001400648 51360414 33816683 fail : 2436 sz added : 274787629 sz_removed : 274787140 evicted : 468247
Trace computed : 19000000 2021-11-22 12:11:27.227718 10001400897 51435005 35539661 fail : 2566 sz added : 289349662 sz_removed : 289348924 evicted : 494271
Trace computed : 20000000 2021-11-22 12:16:06.912694 10001401003 51508492 37250377 fail : 2697 sz added : 303748719 sz_removed : 303747875 evicted : 520462
Trace computed : 21000000 2021-11-22 12:20:46.427508 10001412340 51585773 38921339 fail : 2832 sz added : 318507236 sz_removed : 318495055 evicted : 546624
Trace computed : 22000000 2021-11-22 12:25:26.215825 10001400810 51662781 40537752 fail : 2970 sz added : 333755039 sz_removed : 333754388 evicted : 572446
Trace computed : 23000000 2021-11-22 12:30:06.499399 10001402150 51741733 42115293 fail : 3110 sz added : 349538256 sz_removed : 349536265 evicted : 598851
Trace computed : 24000000 2021-11-22 12:34:48.996986 10001401234 51819103 43653792 fail : 3272 sz added : 364902540 sz_removed : 364901465 evicted : 624961
Trace computed : 25000000 2021-11-22 12:39:29.117307 10001400354 51895056 45147642 fail : 3403 sz added : 380391795 sz_removed : 380391600 evicted : 650981
Trace computed : 26000000 2021-11-22 12:44:09.046552 10001399992 51969489 46588914 fail : 3543 sz added : 395329853 sz_removed : 395330020 evicted : 676868
Trace computed : 27000000 2021-11-22 12:48:51.604221 10001402146 52046400 47961877 fail : 3674 sz added : 410834817 sz_removed : 410832830 evicted : 703161
Trace computed : 28000000 2021-11-22 12:53:34.246616 10001402255 52123097 49196332 fail : 3801 sz added : 426149879 sz_removed : 426147783 evicted : 728962
Trace computed : 29000000 2021-11-22 12:58:15.473089 10001399968 52202458 50175179 fail : 3927 sz added : 441950827 sz_removed : 441951018 evicted : 754925
Trace computed : 30000000 2021-11-22 13:02:57.858916 10001398269 52284162 51080036 fail : 4059 sz added : 458423714 sz_removed : 458425604 evicted : 781314
