Finished reading the input models
Sampling the object sizes that will be assigned to the initial objects in the LRU stack ...
Initializing the LRU stack ...  0 % complete
Initializing the LRU stack ...  0 % complete
Initializing the LRU stack ...  0 % complete
Initializing the LRU stack ...  0 % complete
Initializing the LRU stack ...  0 % complete
Initializing the LRU stack ...  1 % complete
Initializing the LRU stack ...  1 % complete
Initializing the LRU stack ...  1 % complete
Initializing the LRU stack ...  1 % complete
Initializing the LRU stack ...  2 % complete
Initializing the LRU stack ...  2 % complete
Initializing the LRU stack ...  2 % complete
Initializing the LRU stack ...  2 % complete
Initializing the LRU stack ...  2 % complete
Initializing the LRU stack ...  3 % complete
Initializing the LRU stack ...  3 % complete
Initializing the LRU stack ...  3 % complete
Initializing the LRU stack ...  3 % complete
Initializing the LRU stack ...  3 % complete
Initializing the LRU stack ...  4 % complete
Initializing the LRU stack ...  4 % complete
Initializing the LRU stack ...  4 % complete
Initializing the LRU stack ...  4 % complete
Initializing the LRU stack ...  4 % complete
Initializing the LRU stack ...  5 % complete
Initializing the LRU stack ...  5 % complete
Initializing the LRU stack ...  5 % complete
Initializing the LRU stack ...  5 % complete
Initializing the LRU stack ...  5 % complete
Initializing the LRU stack ...  6 % complete
Initializing the LRU stack ...  6 % complete
Initializing the LRU stack ...  6 % complete
Initializing the LRU stack ...  6 % complete
Initializing the LRU stack ...  6 % complete
Initializing the LRU stack ...  7 % complete
Initializing the LRU stack ...  7 % complete
Initializing the LRU stack ...  7 % complete
Initializing the LRU stack ...  7 % complete
Initializing the LRU stack ...  7 % complete
Initializing the LRU stack ...  8 % complete
Initializing the LRU stack ...  8 % complete
Initializing the LRU stack ...  8 % complete
Initializing the LRU stack ...  8 % complete
Initializing the LRU stack ...  8 % complete
Initializing the LRU stack ...  9 % complete
Initializing the LRU stack ...  9 % complete
Initializing the LRU stack ...  9 % complete
Initializing the LRU stack ...  9 % complete
Initializing the LRU stack ...  9 % complete
Initializing the LRU stack ...  10 % complete
Initializing the LRU stack ...  10 % complete
Initializing the LRU stack ...  10 % complete
Initializing the LRU stack ...  10 % complete
Initializing the LRU stack ...  10 % complete
Initializing the LRU stack ...  11 % complete
Initializing the LRU stack ...  11 % complete
Initializing the LRU stack ...  11 % complete
Initializing the LRU stack ...  11 % complete
Initializing the LRU stack ...  11 % complete
Initializing the LRU stack ...  12 % complete
Initializing the LRU stack ...  12 % complete
Initializing the LRU stack ...  12 % complete
Initializing the LRU stack ...  12 % complete
Initializing the LRU stack ...  12 % complete
Initializing the LRU stack ...  13 % complete
Initializing the LRU stack ...  13 % complete
Initializing the LRU stack ...  13 % complete
Initializing the LRU stack ...  13 % complete
Initializing the LRU stack ...  13 % complete
Initializing the LRU stack ...  14 % complete
Initializing the LRU stack ...  14 % complete
Initializing the LRU stack ...  14 % complete
Initializing the LRU stack ...  14 % complete
Initializing the LRU stack ...  14 % complete
Initializing the LRU stack ...  15 % complete
Initializing the LRU stack ...  15 % complete
Initializing the LRU stack ...  15 % complete
Initializing the LRU stack ...  15 % complete
Initializing the LRU stack ...  15 % complete
Initializing the LRU stack ...  16 % complete
Initializing the LRU stack ...  16 % complete
Initializing the LRU stack ...  16 % complete
Initializing the LRU stack ...  16 % complete
Initializing the LRU stack ...  16 % complete
Initializing the LRU stack ...  17 % complete
Initializing the LRU stack ...  17 % complete
Initializing the LRU stack ...  17 % complete
Initializing the LRU stack ...  17 % complete
Initializing the LRU stack ...  17 % complete
Initializing the LRU stack ...  18 % complete
Initializing the LRU stack ...  18 % complete
Initializing the LRU stack ...  18 % complete
Initializing the LRU stack ...  18 % complete
Initializing the LRU stack ...  18 % complete
Initializing the LRU stack ...  19 % complete
Initializing the LRU stack ...  19 % complete
Initializing the LRU stack ...  19 % complete
Initializing the LRU stack ...  19 % complete
Initializing the LRU stack ...  19 % complete
Initializing the LRU stack ...  20 % complete
Initializing the LRU stack ...  20 % complete
Initializing the LRU stack ...  20 % complete
Initializing the LRU stack ...  20 % complete
Initializing the LRU stack ...  20 % complete
Initializing the LRU stack ...  21 % complete
Initializing the LRU stack ...  21 % complete
Initializing the LRU stack ...  21 % complete
Initializing the LRU stack ...  21 % complete
Initializing the LRU stack ...  21 % complete
Initializing the LRU stack ...  22 % complete
Initializing the LRU stack ...  22 % complete
Initializing the LRU stack ...  22 % complete
Initializing the LRU stack ...  22 % complete
Initializing the LRU stack ...  22 % complete
Initializing the LRU stack ...  23 % complete
Initializing the LRU stack ...  23 % complete
Initializing the LRU stack ...  23 % complete
Initializing the LRU stack ...  23 % complete
Initializing the LRU stack ...  23 % complete
Initializing the LRU stack ...  24 % complete
Initializing the LRU stack ...  24 % complete
Initializing the LRU stack ...  24 % complete
Initializing the LRU stack ...  24 % complete
Initializing the LRU stack ...  24 % complete
Initializing the LRU stack ...  25 % complete
Initializing the LRU stack ...  25 % complete
Initializing the LRU stack ...  25 % complete
Initializing the LRU stack ...  25 % complete
Initializing the LRU stack ...  25 % complete
Initializing the LRU stack ...  26 % complete
Initializing the LRU stack ...  26 % complete
Initializing the LRU stack ...  26 % complete
Initializing the LRU stack ...  26 % complete
Initializing the LRU stack ...  26 % complete
Initializing the LRU stack ...  27 % complete
Initializing the LRU stack ...  27 % complete
Initializing the LRU stack ...  27 % complete
Initializing the LRU stack ...  27 % complete
Initializing the LRU stack ...  27 % complete
Initializing the LRU stack ...  28 % complete
Initializing the LRU stack ...  28 % complete
Initializing the LRU stack ...  28 % complete
Initializing the LRU stack ...  28 % complete
Initializing the LRU stack ...  28 % complete
Initializing the LRU stack ...  29 % complete
Initializing the LRU stack ...  29 % complete
Initializing the LRU stack ...  29 % complete
Initializing the LRU stack ...  29 % complete
Initializing the LRU stack ...  29 % complete
Initializing the LRU stack ...  30 % complete
Initializing the LRU stack ...  30 % complete
Initializing the LRU stack ...  30 % complete
Initializing the LRU stack ...  30 % complete
Initializing the LRU stack ...  30 % complete
Initializing the LRU stack ...  31 % complete
Initializing the LRU stack ...  31 % complete
Initializing the LRU stack ...  31 % complete
Initializing the LRU stack ...  31 % complete
Initializing the LRU stack ...  31 % complete
Initializing the LRU stack ...  32 % complete
Initializing the LRU stack ...  32 % complete
Initializing the LRU stack ...  32 % complete
Initializing the LRU stack ...  32 % complete
Initializing the LRU stack ...  32 % complete
Initializing the LRU stack ...  33 % complete
Initializing the LRU stack ...  33 % complete
Initializing the LRU stack ...  33 % complete
Initializing the LRU stack ...  33 % complete
Initializing the LRU stack ...  33 % complete
Initializing the LRU stack ...  34 % complete
Initializing the LRU stack ...  34 % complete
Initializing the LRU stack ...  34 % complete
Initializing the LRU stack ...  34 % complete
Initializing the LRU stack ...  34 % complete
Initializing the LRU stack ...  35 % complete
Initializing the LRU stack ...  35 % complete
Initializing the LRU stack ...  35 % complete
Initializing the LRU stack ...  35 % complete
Initializing the LRU stack ...  35 % complete
Initializing the LRU stack ...  36 % complete
Initializing the LRU stack ...  36 % complete
Initializing the LRU stack ...  36 % complete
Initializing the LRU stack ...  36 % complete
Initializing the LRU stack ...  36 % complete
Initializing the LRU stack ...  37 % complete
Initializing the LRU stack ...  37 % complete
Initializing the LRU stack ...  37 % complete
Initializing the LRU stack ...  37 % complete
Initializing the LRU stack ...  37 % complete
Initializing the LRU stack ...  37 % complete
Initializing the LRU stack ...  38 % complete
Initializing the LRU stack ...  38 % complete
Initializing the LRU stack ...  38 % complete
Initializing the LRU stack ...  38 % complete
Initializing the LRU stack ...  38 % complete
Initializing the LRU stack ...  39 % complete
Initializing the LRU stack ...  39 % complete
Initializing the LRU stack ...  39 % complete
Initializing the LRU stack ...  39 % complete
Initializing the LRU stack ...  39 % complete
Initializing the LRU stack ...  40 % complete
Initializing the LRU stack ...  40 % complete
Initializing the LRU stack ...  40 % complete
Initializing the LRU stack ...  40 % complete
Initializing the LRU stack ...  40 % complete
Initializing the LRU stack ...  41 % complete
Initializing the LRU stack ...  41 % complete
Initializing the LRU stack ...  41 % complete
Initializing the LRU stack ...  41 % complete
Initializing the LRU stack ...  41 % complete
Initializing the LRU stack ...  42 % complete
Initializing the LRU stack ...  42 % complete
Initializing the LRU stack ...  42 % complete
Initializing the LRU stack ...  42 % complete
Initializing the LRU stack ...  42 % complete
Initializing the LRU stack ...  43 % complete
Initializing the LRU stack ...  43 % complete
Initializing the LRU stack ...  43 % complete
Initializing the LRU stack ...  43 % complete
Initializing the LRU stack ...  44 % complete
Initializing the LRU stack ...  44 % complete
Initializing the LRU stack ...  44 % complete
Initializing the LRU stack ...  44 % complete
Initializing the LRU stack ...  44 % complete
Initializing the LRU stack ...  45 % complete
Initializing the LRU stack ...  45 % complete
Initializing the LRU stack ...  45 % complete
Initializing the LRU stack ...  45 % complete
Initializing the LRU stack ...  45 % complete
Initializing the LRU stack ...  45 % complete
Initializing the LRU stack ...  46 % complete
Initializing the LRU stack ...  46 % complete
Initializing the LRU stack ...  46 % complete
Initializing the LRU stack ...  46 % complete
Initializing the LRU stack ...  46 % complete
Initializing the LRU stack ...  47 % complete
Initializing the LRU stack ...  47 % complete
Initializing the LRU stack ...  47 % complete
Initializing the LRU stack ...  47 % complete
Initializing the LRU stack ...  47 % complete
Initializing the LRU stack ...  48 % complete
Initializing the LRU stack ...  48 % complete
Initializing the LRU stack ...  48 % complete
Initializing the LRU stack ...  48 % complete
Initializing the LRU stack ...  48 % complete
Initializing the LRU stack ...  49 % complete
Initializing the LRU stack ...  49 % complete
Initializing the LRU stack ...  49 % complete
Initializing the LRU stack ...  49 % complete
Initializing the LRU stack ...  49 % complete
Initializing the LRU stack ...  50 % complete
Initializing the LRU stack ...  50 % complete
Initializing the LRU stack ...  50 % complete
Initializing the LRU stack ...  50 % complete
Initializing the LRU stack ...  50 % complete
Initializing the LRU stack ...  51 % complete
Initializing the LRU stack ...  51 % complete
Initializing the LRU stack ...  51 % complete
Initializing the LRU stack ...  51 % complete
Initializing the LRU stack ...  51 % complete
Initializing the LRU stack ...  52 % complete
Initializing the LRU stack ...  52 % complete
Initializing the LRU stack ...  52 % complete
Initializing the LRU stack ...  52 % complete
Initializing the LRU stack ...  52 % complete
Initializing the LRU stack ...  53 % complete
Initializing the LRU stack ...  53 % complete
Initializing the LRU stack ...  53 % complete
Initializing the LRU stack ...  53 % complete
Initializing the LRU stack ...  53 % complete
Initializing the LRU stack ...  54 % complete
Initializing the LRU stack ...  54 % complete
Initializing the LRU stack ...  54 % complete
Initializing the LRU stack ...  54 % complete
Initializing the LRU stack ...  55 % complete
Initializing the LRU stack ...  55 % complete
Initializing the LRU stack ...  55 % complete
Initializing the LRU stack ...  55 % complete
Initializing the LRU stack ...  55 % complete
Initializing the LRU stack ...  56 % complete
Initializing the LRU stack ...  56 % complete
Initializing the LRU stack ...  56 % complete
Initializing the LRU stack ...  56 % complete
Initializing the LRU stack ...  56 % complete
Initializing the LRU stack ...  57 % complete
Initializing the LRU stack ...  57 % complete
Initializing the LRU stack ...  57 % complete
Initializing the LRU stack ...  57 % complete
Initializing the LRU stack ...  57 % complete
Initializing the LRU stack ...  58 % complete
Initializing the LRU stack ...  58 % complete
Initializing the LRU stack ...  58 % complete
Initializing the LRU stack ...  58 % complete
Initializing the LRU stack ...  58 % complete
Initializing the LRU stack ...  58 % complete
Initializing the LRU stack ...  59 % complete
Initializing the LRU stack ...  59 % complete
Initializing the LRU stack ...  59 % complete
Initializing the LRU stack ...  59 % complete
Initializing the LRU stack ...  60 % complete
Initializing the LRU stack ...  60 % complete
Initializing the LRU stack ...  60 % complete
Initializing the LRU stack ...  60 % complete
Initializing the LRU stack ...  60 % complete
Initializing the LRU stack ...  61 % complete
Initializing the LRU stack ...  61 % complete
Initializing the LRU stack ...  61 % complete
Initializing the LRU stack ...  61 % complete
Initializing the LRU stack ...  61 % complete
Initializing the LRU stack ...  62 % complete
Initializing the LRU stack ...  62 % complete
Initializing the LRU stack ...  62 % complete
Initializing the LRU stack ...  62 % complete
Initializing the LRU stack ...  62 % complete
Initializing the LRU stack ...  63 % complete
Initializing the LRU stack ...  63 % complete
Initializing the LRU stack ...  63 % complete
Initializing the LRU stack ...  63 % complete
Initializing the LRU stack ...  63 % complete
Initializing the LRU stack ...  63 % complete
Initializing the LRU stack ...  64 % complete
Initializing the LRU stack ...  64 % complete
Initializing the LRU stack ...  64 % complete
Initializing the LRU stack ...  64 % complete
Initializing the LRU stack ...  64 % complete
Initializing the LRU stack ...  65 % complete
Initializing the LRU stack ...  65 % complete
Initializing the LRU stack ...  65 % complete
Initializing the LRU stack ...  65 % complete
Initializing the LRU stack ...  66 % complete
Initializing the LRU stack ...  66 % complete
Initializing the LRU stack ...  66 % complete
Initializing the LRU stack ...  66 % complete
Initializing the LRU stack ...  66 % complete
Initializing the LRU stack ...  66 % complete
Initializing the LRU stack ...  67 % complete
Initializing the LRU stack ...  67 % complete
Initializing the LRU stack ...  67 % complete
Initializing the LRU stack ...  67 % complete
Initializing the LRU stack ...  68 % complete
Initializing the LRU stack ...  68 % complete
Initializing the LRU stack ...  68 % complete
Initializing the LRU stack ...  68 % complete
Initializing the LRU stack ...  68 % complete
Initializing the LRU stack ...  68 % complete
Initializing the LRU stack ...  69 % complete
Initializing the LRU stack ...  69 % complete
Initializing the LRU stack ...  69 % complete
Initializing the LRU stack ...  69 % complete
Initializing the LRU stack ...  70 % complete
Initializing the LRU stack ...  70 % complete
Initializing the LRU stack ...  70 % complete
Initializing the LRU stack ...  70 % complete
Initializing the LRU stack ...  70 % complete
Initializing the LRU stack ...  71 % complete
Initializing the LRU stack ...  71 % complete
Initializing the LRU stack ...  71 % complete
Initializing the LRU stack ...  71 % complete
Initializing the LRU stack ...  71 % complete
Initializing the LRU stack ...  72 % complete
Initializing the LRU stack ...  72 % complete
Initializing the LRU stack ...  72 % complete
Initializing the LRU stack ...  72 % complete
Initializing the LRU stack ...  72 % complete
Initializing the LRU stack ...  73 % complete
Initializing the LRU stack ...  73 % complete
Initializing the LRU stack ...  73 % complete
Initializing the LRU stack ...  73 % complete
Initializing the LRU stack ...  73 % complete
Initializing the LRU stack ...  74 % complete
Initializing the LRU stack ...  74 % complete
Initializing the LRU stack ...  74 % complete
Initializing the LRU stack ...  74 % complete
Initializing the LRU stack ...  74 % complete
Initializing the LRU stack ...  74 % complete
Initializing the LRU stack ...  75 % complete
Initializing the LRU stack ...  75 % complete
Initializing the LRU stack ...  75 % complete
Initializing the LRU stack ...  75 % complete
Initializing the LRU stack ...  75 % complete
Initializing the LRU stack ...  76 % complete
Initializing the LRU stack ...  76 % complete
Initializing the LRU stack ...  76 % complete
Initializing the LRU stack ...  76 % complete
Initializing the LRU stack ...  76 % complete
Initializing the LRU stack ...  77 % complete
Initializing the LRU stack ...  77 % complete
Initializing the LRU stack ...  77 % complete
Initializing the LRU stack ...  77 % complete
Initializing the LRU stack ...  78 % complete
Initializing the LRU stack ...  78 % complete
Initializing the LRU stack ...  78 % complete
Initializing the LRU stack ...  78 % complete
Initializing the LRU stack ...  78 % complete
Initializing the LRU stack ...  79 % complete
Initializing the LRU stack ...  79 % complete
Initializing the LRU stack ...  79 % complete
Initializing the LRU stack ...  79 % complete
Initializing the LRU stack ...  79 % complete
Initializing the LRU stack ...  80 % complete
Initializing the LRU stack ...  80 % complete
Initializing the LRU stack ...  80 % complete
Initializing the LRU stack ...  80 % complete
Initializing the LRU stack ...  80 % complete
Initializing the LRU stack ...  81 % complete
Initializing the LRU stack ...  81 % complete
Initializing the LRU stack ...  81 % complete
Initializing the LRU stack ...  81 % complete
Initializing the LRU stack ...  81 % complete
Initializing the LRU stack ...  82 % complete
Initializing the LRU stack ...  82 % complete
Initializing the LRU stack ...  82 % complete
Initializing the LRU stack ...  82 % complete
Initializing the LRU stack ...  82 % complete
Initializing the LRU stack ...  83 % complete
Initializing the LRU stack ...  83 % complete
Initializing the LRU stack ...  83 % complete
Initializing the LRU stack ...  83 % complete
Initializing the LRU stack ...  83 % complete
Initializing the LRU stack ...  84 % complete
Initializing the LRU stack ...  84 % complete
Initializing the LRU stack ...  84 % complete
Initializing the LRU stack ...  84 % complete
Initializing the LRU stack ...  84 % complete
Initializing the LRU stack ...  85 % complete
Initializing the LRU stack ...  85 % complete
Initializing the LRU stack ...  85 % complete
Initializing the LRU stack ...  85 % complete
Initializing the LRU stack ...  85 % complete
Initializing the LRU stack ...  86 % complete
Initializing the LRU stack ...  86 % complete
Initializing the LRU stack ...  86 % complete
Initializing the LRU stack ...  86 % complete
Initializing the LRU stack ...  86 % complete
Initializing the LRU stack ...  87 % complete
Initializing the LRU stack ...  87 % complete
Initializing the LRU stack ...  87 % complete
Initializing the LRU stack ...  87 % complete
Initializing the LRU stack ...  87 % complete
Initializing the LRU stack ...  88 % complete
Initializing the LRU stack ...  88 % complete
Initializing the LRU stack ...  88 % complete
Initializing the LRU stack ...  88 % complete
Initializing the LRU stack ...  88 % complete
Initializing the LRU stack ...  89 % complete
Initializing the LRU stack ...  89 % complete
Initializing the LRU stack ...  89 % complete
Initializing the LRU stack ...  89 % complete
Initializing the LRU stack ...  89 % complete
Initializing the LRU stack ...  90 % complete
Initializing the LRU stack ...  90 % complete
Initializing the LRU stack ...  90 % complete
Initializing the LRU stack ...  90 % complete
Initializing the LRU stack ...  90 % complete
Initializing the LRU stack ...  91 % complete
Initializing the LRU stack ...  91 % complete
Initializing the LRU stack ...  91 % complete
Initializing the LRU stack ...  91 % complete
Initializing the LRU stack ...  91 % complete
Initializing the LRU stack ...  92 % complete
Initializing the LRU stack ...  92 % complete
Initializing the LRU stack ...  92 % complete
Initializing the LRU stack ...  92 % complete
Initializing the LRU stack ...  92 % complete
Initializing the LRU stack ...  93 % complete
Initializing the LRU stack ...  93 % complete
Initializing the LRU stack ...  93 % complete
Initializing the LRU stack ...  93 % complete
Initializing the LRU stack ...  93 % complete
Initializing the LRU stack ...  94 % complete
Initializing the LRU stack ...  94 % complete
Initializing the LRU stack ...  94 % complete
Initializing the LRU stack ...  94 % complete
Initializing the LRU stack ...  94 % complete
Initializing the LRU stack ...  95 % complete
Initializing the LRU stack ...  95 % complete
Initializing the LRU stack ...  95 % complete
Initializing the LRU stack ...  95 % complete
Initializing the LRU stack ...  95 % complete
Initializing the LRU stack ...  96 % complete
Initializing the LRU stack ...  96 % complete
Initializing the LRU stack ...  96 % complete
Initializing the LRU stack ...  96 % complete
Initializing the LRU stack ...  96 % complete
Initializing the LRU stack ...  97 % complete
Initializing the LRU stack ...  97 % complete
Initializing the LRU stack ...  97 % complete
Initializing the LRU stack ...  97 % complete
Initializing the LRU stack ...  97 % complete
Initializing the LRU stack ...  98 % complete
Initializing the LRU stack ...  98 % complete
Initializing the LRU stack ...  98 % complete
Initializing the LRU stack ...  98 % complete
Initializing the LRU stack ...  98 % complete
Initializing the LRU stack ...  98 % complete
Initializing the LRU stack ...  99 % complete
Initializing the LRU stack ...  99 % complete
Initializing the LRU stack ...  99 % complete
Initializing the LRU stack ...  99 % complete
Representing the cache as leaves of a tree ...  0 % complete
Representing the cache as leaves of a tree ...  0 % complete
Representing the cache as leaves of a tree ...  0 % complete
Representing the cache as leaves of a tree ...  0 % complete
Representing the cache as leaves of a tree ...  0 % complete
Representing the cache as leaves of a tree ...  1 % complete
Representing the cache as leaves of a tree ...  1 % complete
Representing the cache as leaves of a tree ...  1 % complete
Representing the cache as leaves of a tree ...  1 % complete
Representing the cache as leaves of a tree ...  1 % complete
Representing the cache as leaves of a tree ...  2 % complete
Representing the cache as leaves of a tree ...  2 % complete
Representing the cache as leaves of a tree ...  2 % complete
Representing the cache as leaves of a tree ...  2 % complete
Representing the cache as leaves of a tree ...  2 % complete
Representing the cache as leaves of a tree ...  3 % complete
Representing the cache as leaves of a tree ...  3 % complete
Representing the cache as leaves of a tree ...  3 % complete
Representing the cache as leaves of a tree ...  3 % complete
Representing the cache as leaves of a tree ...  3 % complete
Representing the cache as leaves of a tree ...  4 % complete
Representing the cache as leaves of a tree ...  4 % complete
Representing the cache as leaves of a tree ...  4 % complete
Representing the cache as leaves of a tree ...  4 % complete
Representing the cache as leaves of a tree ...  4 % complete
Representing the cache as leaves of a tree ...  5 % complete
Representing the cache as leaves of a tree ...  5 % complete
Representing the cache as leaves of a tree ...  5 % complete
Representing the cache as leaves of a tree ...  5 % complete
Representing the cache as leaves of a tree ...  5 % complete
Representing the cache as leaves of a tree ...  6 % complete
Representing the cache as leaves of a tree ...  6 % complete
Representing the cache as leaves of a tree ...  6 % complete
Representing the cache as leaves of a tree ...  6 % complete
Representing the cache as leaves of a tree ...  6 % complete
Representing the cache as leaves of a tree ...  7 % complete
Representing the cache as leaves of a tree ...  7 % complete
Representing the cache as leaves of a tree ...  7 % complete
Representing the cache as leaves of a tree ...  7 % complete
Representing the cache as leaves of a tree ...  7 % complete
Representing the cache as leaves of a tree ...  8 % complete
Representing the cache as leaves of a tree ...  8 % complete
Representing the cache as leaves of a tree ...  8 % complete
Representing the cache as leaves of a tree ...  8 % complete
Representing the cache as leaves of a tree ...  8 % complete
Representing the cache as leaves of a tree ...  9 % complete
Representing the cache as leaves of a tree ...  9 % complete
Representing the cache as leaves of a tree ...  9 % complete
Representing the cache as leaves of a tree ...  9 % complete
Representing the cache as leaves of a tree ...  9 % complete
Representing the cache as leaves of a tree ...  10 % complete
Representing the cache as leaves of a tree ...  10 % complete
Representing the cache as leaves of a tree ...  10 % complete
Representing the cache as leaves of a tree ...  10 % complete
Representing the cache as leaves of a tree ...  10 % complete
Representing the cache as leaves of a tree ...  11 % complete
Representing the cache as leaves of a tree ...  11 % complete
Representing the cache as leaves of a tree ...  11 % complete
Representing the cache as leaves of a tree ...  11 % complete
Representing the cache as leaves of a tree ...  11 % complete
Representing the cache as leaves of a tree ...  12 % complete
Representing the cache as leaves of a tree ...  12 % complete
Representing the cache as leaves of a tree ...  12 % complete
Representing the cache as leaves of a tree ...  12 % complete
Representing the cache as leaves of a tree ...  12 % complete
Representing the cache as leaves of a tree ...  13 % complete
Representing the cache as leaves of a tree ...  13 % complete
Representing the cache as leaves of a tree ...  13 % complete
Representing the cache as leaves of a tree ...  13 % complete
Representing the cache as leaves of a tree ...  13 % complete
Representing the cache as leaves of a tree ...  14 % complete
Representing the cache as leaves of a tree ...  14 % complete
Representing the cache as leaves of a tree ...  14 % complete
Representing the cache as leaves of a tree ...  14 % complete
Representing the cache as leaves of a tree ...  14 % complete
Representing the cache as leaves of a tree ...  15 % complete
Representing the cache as leaves of a tree ...  15 % complete
Representing the cache as leaves of a tree ...  15 % complete
Representing the cache as leaves of a tree ...  15 % complete
Representing the cache as leaves of a tree ...  15 % complete
Representing the cache as leaves of a tree ...  16 % complete
Representing the cache as leaves of a tree ...  16 % complete
Representing the cache as leaves of a tree ...  16 % complete
Representing the cache as leaves of a tree ...  16 % complete
Representing the cache as leaves of a tree ...  16 % complete
Representing the cache as leaves of a tree ...  17 % complete
Representing the cache as leaves of a tree ...  17 % complete
Representing the cache as leaves of a tree ...  17 % complete
Representing the cache as leaves of a tree ...  17 % complete
Representing the cache as leaves of a tree ...  17 % complete
Representing the cache as leaves of a tree ...  18 % complete
Representing the cache as leaves of a tree ...  18 % complete
Representing the cache as leaves of a tree ...  18 % complete
Representing the cache as leaves of a tree ...  18 % complete
Representing the cache as leaves of a tree ...  18 % complete
Representing the cache as leaves of a tree ...  19 % complete
Representing the cache as leaves of a tree ...  19 % complete
Representing the cache as leaves of a tree ...  19 % complete
Representing the cache as leaves of a tree ...  19 % complete
Representing the cache as leaves of a tree ...  19 % complete
Representing the cache as leaves of a tree ...  20 % complete
Representing the cache as leaves of a tree ...  20 % complete
Representing the cache as leaves of a tree ...  20 % complete
Representing the cache as leaves of a tree ...  20 % complete
Representing the cache as leaves of a tree ...  20 % complete
Representing the cache as leaves of a tree ...  21 % complete
Representing the cache as leaves of a tree ...  21 % complete
Representing the cache as leaves of a tree ...  21 % complete
Representing the cache as leaves of a tree ...  21 % complete
Representing the cache as leaves of a tree ...  21 % complete
Representing the cache as leaves of a tree ...  22 % complete
Representing the cache as leaves of a tree ...  22 % complete
Representing the cache as leaves of a tree ...  22 % complete
Representing the cache as leaves of a tree ...  22 % complete
Representing the cache as leaves of a tree ...  22 % complete
Representing the cache as leaves of a tree ...  23 % complete
Representing the cache as leaves of a tree ...  23 % complete
Representing the cache as leaves of a tree ...  23 % complete
Representing the cache as leaves of a tree ...  23 % complete
Representing the cache as leaves of a tree ...  23 % complete
Representing the cache as leaves of a tree ...  24 % complete
Representing the cache as leaves of a tree ...  24 % complete
Representing the cache as leaves of a tree ...  24 % complete
Representing the cache as leaves of a tree ...  24 % complete
Representing the cache as leaves of a tree ...  24 % complete
Representing the cache as leaves of a tree ...  25 % complete
Representing the cache as leaves of a tree ...  25 % complete
Representing the cache as leaves of a tree ...  25 % complete
Representing the cache as leaves of a tree ...  25 % complete
Representing the cache as leaves of a tree ...  25 % complete
Representing the cache as leaves of a tree ...  26 % complete
Representing the cache as leaves of a tree ...  26 % complete
Representing the cache as leaves of a tree ...  26 % complete
Representing the cache as leaves of a tree ...  26 % complete
Representing the cache as leaves of a tree ...  26 % complete
Representing the cache as leaves of a tree ...  27 % complete
Representing the cache as leaves of a tree ...  27 % complete
Representing the cache as leaves of a tree ...  27 % complete
Representing the cache as leaves of a tree ...  27 % complete
Representing the cache as leaves of a tree ...  27 % complete
Representing the cache as leaves of a tree ...  28 % complete
Representing the cache as leaves of a tree ...  28 % complete
Representing the cache as leaves of a tree ...  28 % complete
Representing the cache as leaves of a tree ...  28 % complete
Representing the cache as leaves of a tree ...  28 % complete
Representing the cache as leaves of a tree ...  29 % complete
Representing the cache as leaves of a tree ...  29 % complete
Representing the cache as leaves of a tree ...  29 % complete
Representing the cache as leaves of a tree ...  29 % complete
Representing the cache as leaves of a tree ...  29 % complete
Representing the cache as leaves of a tree ...  30 % complete
Representing the cache as leaves of a tree ...  30 % complete
Representing the cache as leaves of a tree ...  30 % complete
Representing the cache as leaves of a tree ...  30 % complete
Representing the cache as leaves of a tree ...  30 % complete
Representing the cache as leaves of a tree ...  31 % complete
Representing the cache as leaves of a tree ...  31 % complete
Representing the cache as leaves of a tree ...  31 % complete
Representing the cache as leaves of a tree ...  31 % complete
Representing the cache as leaves of a tree ...  31 % complete
Representing the cache as leaves of a tree ...  32 % complete
Representing the cache as leaves of a tree ...  32 % complete
Representing the cache as leaves of a tree ...  32 % complete
Representing the cache as leaves of a tree ...  32 % complete
Representing the cache as leaves of a tree ...  32 % complete
Representing the cache as leaves of a tree ...  33 % complete
Representing the cache as leaves of a tree ...  33 % complete
Representing the cache as leaves of a tree ...  33 % complete
Representing the cache as leaves of a tree ...  33 % complete
Representing the cache as leaves of a tree ...  33 % complete
Representing the cache as leaves of a tree ...  34 % complete
Representing the cache as leaves of a tree ...  34 % complete
Representing the cache as leaves of a tree ...  34 % complete
Representing the cache as leaves of a tree ...  34 % complete
Representing the cache as leaves of a tree ...  34 % complete
Representing the cache as leaves of a tree ...  35 % complete
Representing the cache as leaves of a tree ...  35 % complete
Representing the cache as leaves of a tree ...  35 % complete
Representing the cache as leaves of a tree ...  35 % complete
Representing the cache as leaves of a tree ...  35 % complete
Representing the cache as leaves of a tree ...  36 % complete
Representing the cache as leaves of a tree ...  36 % complete
Representing the cache as leaves of a tree ...  36 % complete
Representing the cache as leaves of a tree ...  36 % complete
Representing the cache as leaves of a tree ...  36 % complete
Representing the cache as leaves of a tree ...  37 % complete
Representing the cache as leaves of a tree ...  37 % complete
Representing the cache as leaves of a tree ...  37 % complete
Representing the cache as leaves of a tree ...  37 % complete
Representing the cache as leaves of a tree ...  37 % complete
Representing the cache as leaves of a tree ...  38 % complete
Representing the cache as leaves of a tree ...  38 % complete
Representing the cache as leaves of a tree ...  38 % complete
Representing the cache as leaves of a tree ...  38 % complete
Representing the cache as leaves of a tree ...  38 % complete
Representing the cache as leaves of a tree ...  39 % complete
Representing the cache as leaves of a tree ...  39 % complete
Representing the cache as leaves of a tree ...  39 % complete
Representing the cache as leaves of a tree ...  39 % complete
Representing the cache as leaves of a tree ...  39 % complete
Representing the cache as leaves of a tree ...  40 % complete
Representing the cache as leaves of a tree ...  40 % complete
Representing the cache as leaves of a tree ...  40 % complete
Representing the cache as leaves of a tree ...  40 % complete
Representing the cache as leaves of a tree ...  40 % complete
Representing the cache as leaves of a tree ...  41 % complete
Representing the cache as leaves of a tree ...  41 % complete
Representing the cache as leaves of a tree ...  41 % complete
Representing the cache as leaves of a tree ...  41 % complete
Representing the cache as leaves of a tree ...  41 % complete
Representing the cache as leaves of a tree ...  42 % complete
Representing the cache as leaves of a tree ...  42 % complete
Representing the cache as leaves of a tree ...  42 % complete
Representing the cache as leaves of a tree ...  42 % complete
Representing the cache as leaves of a tree ...  42 % complete
Representing the cache as leaves of a tree ...  43 % complete
Representing the cache as leaves of a tree ...  43 % complete
Representing the cache as leaves of a tree ...  43 % complete
Representing the cache as leaves of a tree ...  43 % complete
Representing the cache as leaves of a tree ...  43 % complete
Representing the cache as leaves of a tree ...  44 % complete
Representing the cache as leaves of a tree ...  44 % complete
Representing the cache as leaves of a tree ...  44 % complete
Representing the cache as leaves of a tree ...  44 % complete
Representing the cache as leaves of a tree ...  44 % complete
Representing the cache as leaves of a tree ...  45 % complete
Representing the cache as leaves of a tree ...  45 % complete
Representing the cache as leaves of a tree ...  45 % complete
Representing the cache as leaves of a tree ...  45 % complete
Representing the cache as leaves of a tree ...  45 % complete
Representing the cache as leaves of a tree ...  46 % complete
Representing the cache as leaves of a tree ...  46 % complete
Representing the cache as leaves of a tree ...  46 % complete
Representing the cache as leaves of a tree ...  46 % complete
Representing the cache as leaves of a tree ...  46 % complete
Representing the cache as leaves of a tree ...  47 % complete
Representing the cache as leaves of a tree ...  47 % complete
Representing the cache as leaves of a tree ...  47 % complete
Representing the cache as leaves of a tree ...  47 % complete
Representing the cache as leaves of a tree ...  47 % complete
Representing the cache as leaves of a tree ...  48 % complete
Representing the cache as leaves of a tree ...  48 % complete
Representing the cache as leaves of a tree ...  48 % complete
Representing the cache as leaves of a tree ...  48 % complete
Representing the cache as leaves of a tree ...  48 % complete
Representing the cache as leaves of a tree ...  49 % complete
Representing the cache as leaves of a tree ...  49 % complete
Representing the cache as leaves of a tree ...  49 % complete
Representing the cache as leaves of a tree ...  49 % complete
Representing the cache as leaves of a tree ...  49 % complete
Representing the cache as leaves of a tree ...  50 % complete
Representing the cache as leaves of a tree ...  50 % complete
Representing the cache as leaves of a tree ...  50 % complete
Representing the cache as leaves of a tree ...  50 % complete
Representing the cache as leaves of a tree ...  50 % complete
Representing the cache as leaves of a tree ...  51 % complete
Representing the cache as leaves of a tree ...  51 % complete
Representing the cache as leaves of a tree ...  51 % complete
Representing the cache as leaves of a tree ...  51 % complete
Representing the cache as leaves of a tree ...  51 % complete
Representing the cache as leaves of a tree ...  52 % complete
Representing the cache as leaves of a tree ...  52 % complete
Representing the cache as leaves of a tree ...  52 % complete
Representing the cache as leaves of a tree ...  52 % complete
Representing the cache as leaves of a tree ...  52 % complete
Representing the cache as leaves of a tree ...  53 % complete
Representing the cache as leaves of a tree ...  53 % complete
Representing the cache as leaves of a tree ...  53 % complete
Representing the cache as leaves of a tree ...  53 % complete
Representing the cache as leaves of a tree ...  53 % complete
Representing the cache as leaves of a tree ...  54 % complete
Representing the cache as leaves of a tree ...  54 % complete
Representing the cache as leaves of a tree ...  54 % complete
Representing the cache as leaves of a tree ...  54 % complete
Representing the cache as leaves of a tree ...  54 % complete
Representing the cache as leaves of a tree ...  55 % complete
Representing the cache as leaves of a tree ...  55 % complete
Representing the cache as leaves of a tree ...  55 % complete
Representing the cache as leaves of a tree ...  55 % complete
Representing the cache as leaves of a tree ...  55 % complete
Representing the cache as leaves of a tree ...  56 % complete
Representing the cache as leaves of a tree ...  56 % complete
Representing the cache as leaves of a tree ...  56 % complete
Representing the cache as leaves of a tree ...  56 % complete
Representing the cache as leaves of a tree ...  56 % complete
Representing the cache as leaves of a tree ...  57 % complete
Representing the cache as leaves of a tree ...  57 % complete
Representing the cache as leaves of a tree ...  57 % complete
Representing the cache as leaves of a tree ...  57 % complete
Representing the cache as leaves of a tree ...  57 % complete
Representing the cache as leaves of a tree ...  58 % complete
Representing the cache as leaves of a tree ...  58 % complete
Representing the cache as leaves of a tree ...  58 % complete
Representing the cache as leaves of a tree ...  58 % complete
Representing the cache as leaves of a tree ...  58 % complete
Representing the cache as leaves of a tree ...  59 % complete
Representing the cache as leaves of a tree ...  59 % complete
Representing the cache as leaves of a tree ...  59 % complete
Representing the cache as leaves of a tree ...  59 % complete
Representing the cache as leaves of a tree ...  59 % complete
Representing the cache as leaves of a tree ...  60 % complete
Representing the cache as leaves of a tree ...  60 % complete
Representing the cache as leaves of a tree ...  60 % complete
Representing the cache as leaves of a tree ...  60 % complete
Representing the cache as leaves of a tree ...  60 % complete
Representing the cache as leaves of a tree ...  61 % complete
Representing the cache as leaves of a tree ...  61 % complete
Representing the cache as leaves of a tree ...  61 % complete
Representing the cache as leaves of a tree ...  61 % complete
Representing the cache as leaves of a tree ...  61 % complete
Representing the cache as leaves of a tree ...  62 % complete
Representing the cache as leaves of a tree ...  62 % complete
Representing the cache as leaves of a tree ...  62 % complete
Representing the cache as leaves of a tree ...  62 % complete
Representing the cache as leaves of a tree ...  62 % complete
Representing the cache as leaves of a tree ...  63 % complete
Representing the cache as leaves of a tree ...  63 % complete
Representing the cache as leaves of a tree ...  63 % complete
Representing the cache as leaves of a tree ...  63 % complete
Representing the cache as leaves of a tree ...  63 % complete
Representing the cache as leaves of a tree ...  64 % complete
Representing the cache as leaves of a tree ...  64 % complete
Representing the cache as leaves of a tree ...  64 % complete
Representing the cache as leaves of a tree ...  64 % complete
Representing the cache as leaves of a tree ...  64 % complete
Representing the cache as leaves of a tree ...  65 % complete
Representing the cache as leaves of a tree ...  65 % complete
Representing the cache as leaves of a tree ...  65 % complete
Representing the cache as leaves of a tree ...  65 % complete
Representing the cache as leaves of a tree ...  65 % complete
Representing the cache as leaves of a tree ...  66 % complete
Representing the cache as leaves of a tree ...  66 % complete
Representing the cache as leaves of a tree ...  66 % complete
Representing the cache as leaves of a tree ...  66 % complete
Representing the cache as leaves of a tree ...  66 % complete
Representing the cache as leaves of a tree ...  67 % complete
Representing the cache as leaves of a tree ...  67 % complete
Representing the cache as leaves of a tree ...  67 % complete
Representing the cache as leaves of a tree ...  67 % complete
Representing the cache as leaves of a tree ...  67 % complete
Representing the cache as leaves of a tree ...  68 % complete
Representing the cache as leaves of a tree ...  68 % complete
Representing the cache as leaves of a tree ...  68 % complete
Representing the cache as leaves of a tree ...  68 % complete
Representing the cache as leaves of a tree ...  68 % complete
Representing the cache as leaves of a tree ...  69 % complete
Representing the cache as leaves of a tree ...  69 % complete
Representing the cache as leaves of a tree ...  69 % complete
Representing the cache as leaves of a tree ...  69 % complete
Representing the cache as leaves of a tree ...  69 % complete
Representing the cache as leaves of a tree ...  70 % complete
Representing the cache as leaves of a tree ...  70 % complete
Representing the cache as leaves of a tree ...  70 % complete
Representing the cache as leaves of a tree ...  70 % complete
Representing the cache as leaves of a tree ...  70 % complete
Representing the cache as leaves of a tree ...  71 % complete
Representing the cache as leaves of a tree ...  71 % complete
Representing the cache as leaves of a tree ...  71 % complete
Representing the cache as leaves of a tree ...  71 % complete
Representing the cache as leaves of a tree ...  71 % complete
Representing the cache as leaves of a tree ...  72 % complete
Representing the cache as leaves of a tree ...  72 % complete
Representing the cache as leaves of a tree ...  72 % complete
Representing the cache as leaves of a tree ...  72 % complete
Representing the cache as leaves of a tree ...  72 % complete
Representing the cache as leaves of a tree ...  73 % complete
Representing the cache as leaves of a tree ...  73 % complete
Representing the cache as leaves of a tree ...  73 % complete
Representing the cache as leaves of a tree ...  73 % complete
Representing the cache as leaves of a tree ...  73 % complete
Representing the cache as leaves of a tree ...  74 % complete
Representing the cache as leaves of a tree ...  74 % complete
Representing the cache as leaves of a tree ...  74 % complete
Representing the cache as leaves of a tree ...  74 % complete
Representing the cache as leaves of a tree ...  74 % complete
Representing the cache as leaves of a tree ...  75 % complete
Representing the cache as leaves of a tree ...  75 % complete
Representing the cache as leaves of a tree ...  75 % complete
Representing the cache as leaves of a tree ...  75 % complete
Representing the cache as leaves of a tree ...  75 % complete
Representing the cache as leaves of a tree ...  76 % complete
Representing the cache as leaves of a tree ...  76 % complete
Representing the cache as leaves of a tree ...  76 % complete
Representing the cache as leaves of a tree ...  76 % complete
Representing the cache as leaves of a tree ...  76 % complete
Representing the cache as leaves of a tree ...  77 % complete
Representing the cache as leaves of a tree ...  77 % complete
Representing the cache as leaves of a tree ...  77 % complete
Representing the cache as leaves of a tree ...  77 % complete
Representing the cache as leaves of a tree ...  77 % complete
Representing the cache as leaves of a tree ...  78 % complete
Representing the cache as leaves of a tree ...  78 % complete
Representing the cache as leaves of a tree ...  78 % complete
Representing the cache as leaves of a tree ...  78 % complete
Representing the cache as leaves of a tree ...  78 % complete
Representing the cache as leaves of a tree ...  79 % complete
Representing the cache as leaves of a tree ...  79 % complete
Representing the cache as leaves of a tree ...  79 % complete
Representing the cache as leaves of a tree ...  79 % complete
Representing the cache as leaves of a tree ...  79 % complete
Representing the cache as leaves of a tree ...  80 % complete
Representing the cache as leaves of a tree ...  80 % complete
Representing the cache as leaves of a tree ...  80 % complete
Representing the cache as leaves of a tree ...  80 % complete
Representing the cache as leaves of a tree ...  80 % complete
Representing the cache as leaves of a tree ...  81 % complete
Representing the cache as leaves of a tree ...  81 % complete
Representing the cache as leaves of a tree ...  81 % complete
Representing the cache as leaves of a tree ...  81 % complete
Representing the cache as leaves of a tree ...  81 % complete
Representing the cache as leaves of a tree ...  82 % complete
Representing the cache as leaves of a tree ...  82 % complete
Representing the cache as leaves of a tree ...  82 % complete
Representing the cache as leaves of a tree ...  82 % complete
Representing the cache as leaves of a tree ...  82 % complete
Representing the cache as leaves of a tree ...  83 % complete
Representing the cache as leaves of a tree ...  83 % complete
Representing the cache as leaves of a tree ...  83 % complete
Representing the cache as leaves of a tree ...  83 % complete
Representing the cache as leaves of a tree ...  83 % complete
Representing the cache as leaves of a tree ...  84 % complete
Representing the cache as leaves of a tree ...  84 % complete
Representing the cache as leaves of a tree ...  84 % complete
Representing the cache as leaves of a tree ...  84 % complete
Representing the cache as leaves of a tree ...  84 % complete
Representing the cache as leaves of a tree ...  85 % complete
Representing the cache as leaves of a tree ...  85 % complete
Representing the cache as leaves of a tree ...  85 % complete
Representing the cache as leaves of a tree ...  85 % complete
Representing the cache as leaves of a tree ...  85 % complete
Representing the cache as leaves of a tree ...  86 % complete
Representing the cache as leaves of a tree ...  86 % complete
Representing the cache as leaves of a tree ...  86 % complete
Representing the cache as leaves of a tree ...  86 % complete
Representing the cache as leaves of a tree ...  86 % complete
Representing the cache as leaves of a tree ...  87 % complete
Representing the cache as leaves of a tree ...  87 % complete
Representing the cache as leaves of a tree ...  87 % complete
Representing the cache as leaves of a tree ...  87 % complete
Representing the cache as leaves of a tree ...  87 % complete
Representing the cache as leaves of a tree ...  88 % complete
Representing the cache as leaves of a tree ...  88 % complete
Representing the cache as leaves of a tree ...  88 % complete
Representing the cache as leaves of a tree ...  88 % complete
Representing the cache as leaves of a tree ...  88 % complete
Representing the cache as leaves of a tree ...  89 % complete
Representing the cache as leaves of a tree ...  89 % complete
Representing the cache as leaves of a tree ...  89 % complete
Representing the cache as leaves of a tree ...  89 % complete
Representing the cache as leaves of a tree ...  89 % complete
Representing the cache as leaves of a tree ...  90 % complete
Representing the cache as leaves of a tree ...  90 % complete
Representing the cache as leaves of a tree ...  90 % complete
Representing the cache as leaves of a tree ...  90 % complete
Representing the cache as leaves of a tree ...  90 % complete
Representing the cache as leaves of a tree ...  91 % complete
Representing the cache as leaves of a tree ...  91 % complete
Representing the cache as leaves of a tree ...  91 % complete
Representing the cache as leaves of a tree ...  91 % complete
Representing the cache as leaves of a tree ...  91 % complete
Representing the cache as leaves of a tree ...  92 % complete
Representing the cache as leaves of a tree ...  92 % complete
Representing the cache as leaves of a tree ...  92 % complete
Representing the cache as leaves of a tree ...  92 % complete
Representing the cache as leaves of a tree ...  92 % complete
Representing the cache as leaves of a tree ...  93 % complete
Representing the cache as leaves of a tree ...  93 % complete
Representing the cache as leaves of a tree ...  93 % complete
Representing the cache as leaves of a tree ...  93 % complete
Representing the cache as leaves of a tree ...  93 % complete
Representing the cache as leaves of a tree ...  94 % complete
Representing the cache as leaves of a tree ...  94 % complete
Representing the cache as leaves of a tree ...  94 % complete
Representing the cache as leaves of a tree ...  94 % complete
Representing the cache as leaves of a tree ...  94 % complete
Representing the cache as leaves of a tree ...  95 % complete
Representing the cache as leaves of a tree ...  95 % complete
Representing the cache as leaves of a tree ...  95 % complete
Representing the cache as leaves of a tree ...  95 % complete
Representing the cache as leaves of a tree ...  95 % complete
Representing the cache as leaves of a tree ...  96 % complete
Representing the cache as leaves of a tree ...  96 % complete
Representing the cache as leaves of a tree ...  96 % complete
Representing the cache as leaves of a tree ...  96 % complete
Representing the cache as leaves of a tree ...  96 % complete
Representing the cache as leaves of a tree ...  97 % complete
Representing the cache as leaves of a tree ...  97 % complete
Representing the cache as leaves of a tree ...  97 % complete
Representing the cache as leaves of a tree ...  97 % complete
Representing the cache as leaves of a tree ...  97 % complete
Representing the cache as leaves of a tree ...  98 % complete
Representing the cache as leaves of a tree ...  98 % complete
Representing the cache as leaves of a tree ...  98 % complete
Representing the cache as leaves of a tree ...  98 % complete
Representing the cache as leaves of a tree ...  98 % complete
Representing the cache as leaves of a tree ...  99 % complete
Representing the cache as leaves of a tree ...  99 % complete
Representing the cache as leaves of a tree ...  99 % complete
Representing the cache as leaves of a tree ...  99 % complete
Representing the cache as leaves of a tree ...  99 % complete
Creating tree, parsing level:  0
Creating tree, parsing level:  1
Creating tree, parsing level:  2
Creating tree, parsing level:  3
Creating tree, parsing level:  4
Creating tree, parsing level:  5
Creating tree, parsing level:  6
Creating tree, parsing level:  7
Creating tree, parsing level:  8
Creating tree, parsing level:  9
Creating tree, parsing level:  10
Creating tree, parsing level:  11
Creating tree, parsing level:  12
Creating tree, parsing level:  13
Creating tree, parsing level:  14
Creating tree, parsing level:  15
Creating tree, parsing level:  16
Creating tree, parsing level:  17
Creating tree, parsing level:  18
Creating tree, parsing level:  19
Creating tree, parsing level:  20
Creating tree, parsing level:  21
Creating tree, parsing level:  22
Creating tree, parsing level:  23
Creating tree, parsing level:  24
Trace computed : 0 2021-11-21 19:11:12.561096 10001400125 49996978 42 fail : 0 sz added : 0 sz_removed : 0 evicted : 0
Trace computed : 100000 2021-11-21 19:12:02.484618 10001401432 50005702 183258 fail : 12 sz added : 1663439 sz_removed : 1662132 evicted : 2651
Trace computed : 200000 2021-11-21 19:12:25.117675 10001400403 50013490 373908 fail : 29 sz added : 3252320 sz_removed : 3252042 evicted : 5166
Trace computed : 300000 2021-11-21 19:12:48.868572 10001400368 50020537 564217 fail : 47 sz added : 4812803 sz_removed : 4812560 evicted : 7709
Trace computed : 400000 2021-11-21 19:13:12.774152 10001399729 50029055 751580 fail : 56 sz added : 6547887 sz_removed : 6548283 evicted : 10328
Trace computed : 500000 2021-11-21 19:13:37.506749 10001401065 50037803 936870 fail : 68 sz added : 8244925 sz_removed : 8243985 evicted : 12918
Trace computed : 600000 2021-11-21 19:14:01.926950 10001400390 50046552 1124345 fail : 78 sz added : 9973802 sz_removed : 9973537 evicted : 15484
Trace computed : 700000 2021-11-21 19:14:27.002159 10001402398 50054352 1312954 fail : 91 sz added : 11562147 sz_removed : 11559874 evicted : 18046
Trace computed : 800000 2021-11-21 19:14:51.979641 10001407566 50062326 1501941 fail : 104 sz added : 13203357 sz_removed : 13195916 evicted : 20618
Trace computed : 900000 2021-11-21 19:15:16.757157 10001401946 50070632 1689247 fail : 117 sz added : 14903362 sz_removed : 14901541 evicted : 23241
Trace computed : 1000000 2021-11-21 19:15:41.955853 10001399885 50077887 1877516 fail : 131 sz added : 16487565 sz_removed : 16487805 evicted : 25824
Trace computed : 1100000 2021-11-21 19:16:07.051513 10001399952 50086862 2065595 fail : 147 sz added : 18178329 sz_removed : 18178502 evicted : 28495
Trace computed : 1200000 2021-11-21 19:16:32.213363 10001402369 50095835 2254076 fail : 163 sz added : 19850410 sz_removed : 19848166 evicted : 31072
Trace computed : 1300000 2021-11-21 19:16:57.263289 10001399912 50103887 2441342 fail : 176 sz added : 21469005 sz_removed : 21469218 evicted : 33618
Trace computed : 1400000 2021-11-21 19:17:23.036640 10001400015 50112679 2630918 fail : 192 sz added : 23153082 sz_removed : 23153192 evicted : 36194
Trace computed : 1500000 2021-11-21 19:17:48.330660 10001401186 50121210 2818989 fail : 210 sz added : 24814577 sz_removed : 24813516 evicted : 38812
Trace computed : 1600000 2021-11-21 19:18:13.802916 10001402474 50129869 3006109 fail : 225 sz added : 26433137 sz_removed : 26430788 evicted : 41406
Trace computed : 1700000 2021-11-21 19:18:39.946748 10001398196 50137597 3193820 fail : 236 sz added : 28205810 sz_removed : 28207739 evicted : 43972
Trace computed : 1800000 2021-11-21 19:19:05.851571 10001400249 50145971 3380724 fail : 252 sz added : 29876515 sz_removed : 29876391 evicted : 46576
Trace computed : 1900000 2021-11-21 19:19:31.629384 10001400295 50153761 3568193 fail : 266 sz added : 31529334 sz_removed : 31529164 evicted : 49177
Trace computed : 2000000 2021-11-21 19:19:57.735116 10001400163 50161953 3754492 fail : 279 sz added : 33097262 sz_removed : 33097224 evicted : 51749
Trace computed : 2100000 2021-11-21 19:20:24.007365 10001400331 50171674 3940116 fail : 294 sz added : 34809096 sz_removed : 34808890 evicted : 54258
Trace computed : 2200000 2021-11-21 19:20:50.266738 10001402753 50180167 4126943 fail : 298 sz added : 36471860 sz_removed : 36469232 evicted : 56869
Trace computed : 2300000 2021-11-21 19:21:16.323083 10001400884 50188934 4313500 fail : 307 sz added : 38137002 sz_removed : 38136243 evicted : 59459
Trace computed : 2400000 2021-11-21 19:21:42.341561 10001400485 50197898 4502303 fail : 316 sz added : 39905426 sz_removed : 39905066 evicted : 62070
Trace computed : 2500000 2021-11-21 19:22:08.877122 10001400004 50206420 4690715 fail : 334 sz added : 41515478 sz_removed : 41515599 evicted : 64717
Trace computed : 2600000 2021-11-21 19:22:35.349542 10001402152 50215279 4879632 fail : 348 sz added : 43194446 sz_removed : 43192419 evicted : 67271
Trace computed : 2700000 2021-11-21 19:23:01.496060 10001401053 50223954 5069737 fail : 359 sz added : 44974551 sz_removed : 44973623 evicted : 69849
Trace computed : 2800000 2021-11-21 19:23:28.368947 10001402342 50232940 5260362 fail : 370 sz added : 46694457 sz_removed : 46692240 evicted : 72422
Trace computed : 2900000 2021-11-21 19:23:54.600461 10001400671 50240511 5449946 fail : 384 sz added : 48312902 sz_removed : 48312356 evicted : 75091
Trace computed : 3000000 2021-11-21 19:24:21.229576 10001400270 50248667 5638538 fail : 399 sz added : 49878149 sz_removed : 49878004 evicted : 77648
Trace computed : 3100000 2021-11-21 19:24:47.996340 10001400893 50256829 5829057 fail : 410 sz added : 51598856 sz_removed : 51598088 evicted : 80237
Trace computed : 3200000 2021-11-21 19:25:14.578110 10001400129 50265369 6019360 fail : 425 sz added : 53286827 sz_removed : 53286823 evicted : 82858
Trace computed : 3300000 2021-11-21 19:25:41.570897 10001400858 50272825 6209684 fail : 436 sz added : 54903333 sz_removed : 54902600 evicted : 85448
Trace computed : 3400000 2021-11-21 19:26:08.186681 10001402387 50281565 6400946 fail : 444 sz added : 56591938 sz_removed : 56589676 evicted : 88064
Trace computed : 3500000 2021-11-21 19:26:34.556345 10001400356 50289357 6594477 fail : 458 sz added : 58233671 sz_removed : 58233440 evicted : 90637
Trace computed : 3600000 2021-11-21 19:27:01.433703 10001400345 50297300 6788308 fail : 471 sz added : 59954930 sz_removed : 59954710 evicted : 93313
Trace computed : 3700000 2021-11-21 19:27:27.606860 10001399177 50304721 6980808 fail : 480 sz added : 61540333 sz_removed : 61541281 evicted : 95880
Trace computed : 3800000 2021-11-21 19:27:54.660180 10001399974 50312172 7172944 fail : 493 sz added : 63093079 sz_removed : 63093230 evicted : 98428
Trace computed : 3900000 2021-11-21 19:28:21.254004 10001405874 50321510 7365499 fail : 507 sz added : 64891965 sz_removed : 64886216 evicted : 101097
Trace computed : 4000000 2021-11-21 19:28:47.991378 10001400874 50329046 7558263 fail : 518 sz added : 66437864 sz_removed : 66437115 evicted : 103622
Trace computed : 4100000 2021-11-21 19:29:14.612203 10001401204 50337271 7752094 fail : 530 sz added : 68070841 sz_removed : 68069762 evicted : 106202
Trace computed : 4200000 2021-11-21 19:29:41.998625 10001399906 50345989 7945901 fail : 540 sz added : 69754483 sz_removed : 69754702 evicted : 108798
Trace computed : 4300000 2021-11-21 19:30:08.985386 10001398739 50354255 8140374 fail : 554 sz added : 71368392 sz_removed : 71369778 evicted : 111328
Trace computed : 4400000 2021-11-21 19:30:35.661716 10001400234 50362180 8334228 fail : 571 sz added : 73017801 sz_removed : 73017692 evicted : 113875
Trace computed : 4500000 2021-11-21 19:31:02.928690 10001400088 50369537 8528443 fail : 580 sz added : 74581768 sz_removed : 74581805 evicted : 116375
Trace computed : 4600000 2021-11-21 19:31:29.998968 10001400439 50378695 8723782 fail : 596 sz added : 76264078 sz_removed : 76263764 evicted : 118968
Trace computed : 4700000 2021-11-21 19:31:57.382642 10001400079 50385598 8918544 fail : 613 sz added : 77810427 sz_removed : 77810473 evicted : 121564
Trace computed : 4800000 2021-11-21 19:32:24.457335 10001401878 50394051 9113004 fail : 626 sz added : 79436733 sz_removed : 79434980 evicted : 124166
Trace computed : 4900000 2021-11-21 19:32:51.555333 10001401591 50402626 9307472 fail : 646 sz added : 81089253 sz_removed : 81087787 evicted : 126744
Trace computed : 5000000 2021-11-21 19:33:18.872770 10001399923 50410715 9502096 fail : 658 sz added : 82770446 sz_removed : 82770648 evicted : 129480
Trace computed : 5100000 2021-11-21 19:33:46.140478 10001400428 50418876 9697161 fail : 675 sz added : 84468408 sz_removed : 84468105 evicted : 132132
Trace computed : 5200000 2021-11-21 19:34:13.192294 10001399930 50427759 9891754 fail : 699 sz added : 86224255 sz_removed : 86224450 evicted : 134728
Trace computed : 5300000 2021-11-21 19:34:40.860390 10001397874 50435193 10087019 fail : 716 sz added : 87720524 sz_removed : 87722775 evicted : 137231
Trace computed : 5400000 2021-11-21 19:35:08.037226 10001400662 50442739 10282224 fail : 731 sz added : 89300741 sz_removed : 89300204 evicted : 139891
Trace computed : 5500000 2021-11-21 19:35:35.353593 10001399892 50451314 10476941 fail : 750 sz added : 90950213 sz_removed : 90950446 evicted : 142518
Trace computed : 5600000 2021-11-21 19:36:02.758601 10001400755 50459319 10670540 fail : 765 sz added : 92574476 sz_removed : 92573846 evicted : 145175
Trace computed : 5700000 2021-11-21 19:36:29.783831 10001399872 50467356 10864070 fail : 785 sz added : 94237488 sz_removed : 94237741 evicted : 147847
Trace computed : 5800000 2021-11-21 19:36:57.300262 10001397698 50475828 11057257 fail : 803 sz added : 95816156 sz_removed : 95818583 evicted : 150478
Trace computed : 5900000 2021-11-21 19:37:24.858249 10001399625 50482824 11251731 fail : 814 sz added : 97388576 sz_removed : 97389076 evicted : 153014
Trace computed : 6000000 2021-11-21 19:37:52.268887 10001418292 50491506 11446659 fail : 822 sz added : 99068800 sz_removed : 99050633 evicted : 155615
Trace computed : 6100000 2021-11-21 19:38:19.297360 10001398143 50499303 11640194 fail : 831 sz added : 100583514 sz_removed : 100585496 evicted : 158138
Trace computed : 6200000 2021-11-21 19:38:47.452931 10001400146 50507086 11834750 fail : 849 sz added : 102125565 sz_removed : 102125544 evicted : 160706
Trace computed : 6300000 2021-11-21 19:39:14.410549 10001401061 50515466 12028931 fail : 869 sz added : 103772306 sz_removed : 103771370 evicted : 163266
Trace computed : 6400000 2021-11-21 19:39:41.637711 10001400031 50523020 12222346 fail : 881 sz added : 105301817 sz_removed : 105301911 evicted : 165906
Trace computed : 6500000 2021-11-21 19:40:09.815311 10001403836 50531414 12415163 fail : 892 sz added : 106857150 sz_removed : 106853439 evicted : 168360
Trace computed : 6600000 2021-11-21 19:40:37.194070 10001401449 50539814 12607445 fail : 902 sz added : 108517291 sz_removed : 108515967 evicted : 170916
Trace computed : 6700000 2021-11-21 19:41:05.091493 10001396875 50546735 12800518 fail : 914 sz added : 110072696 sz_removed : 110075946 evicted : 173545
Trace computed : 6800000 2021-11-21 19:41:32.383813 10001400239 50554040 12993309 fail : 921 sz added : 111661315 sz_removed : 111661201 evicted : 176214
Trace computed : 6900000 2021-11-21 19:42:00.028097 10001400802 50562027 13186372 fail : 943 sz added : 113145927 sz_removed : 113145250 evicted : 178797
Trace computed : 7000000 2021-11-21 19:42:27.207584 10001400348 50569231 13379097 fail : 962 sz added : 114648548 sz_removed : 114648325 evicted : 181429
Trace computed : 7100000 2021-11-21 19:42:54.446802 10001402241 50577310 13572884 fail : 973 sz added : 116299593 sz_removed : 116297477 evicted : 183991
Trace computed : 7200000 2021-11-21 19:43:21.962025 10001402321 50585531 13766357 fail : 995 sz added : 117937445 sz_removed : 117935249 evicted : 186594
Trace computed : 7300000 2021-11-21 19:43:49.248098 10001399674 50593056 13959751 fail : 1009 sz added : 119544954 sz_removed : 119545405 evicted : 189225
Trace computed : 7400000 2021-11-21 19:44:16.876609 10001401511 50601401 14154398 fail : 1024 sz added : 121110986 sz_removed : 121109600 evicted : 191864
Trace computed : 7500000 2021-11-21 19:44:44.460060 10001400988 50608586 14348570 fail : 1045 sz added : 122623574 sz_removed : 122622711 evicted : 194508
Trace computed : 7600000 2021-11-21 19:45:12.328403 10001400843 50616376 14543661 fail : 1064 sz added : 124242971 sz_removed : 124242253 evicted : 197146
Trace computed : 7700000 2021-11-21 19:45:39.839449 10001420288 50623971 14739337 fail : 1075 sz added : 125754221 sz_removed : 125734058 evicted : 199804
Trace computed : 7800000 2021-11-21 19:46:07.621973 10001402039 50632302 14934815 fail : 1095 sz added : 127339418 sz_removed : 127337504 evicted : 202429
Trace computed : 7900000 2021-11-21 19:46:35.280963 10001399179 50640400 15130085 fail : 1107 sz added : 128981018 sz_removed : 128981964 evicted : 205043
Trace computed : 8000000 2021-11-21 19:47:02.595261 10001399973 50648716 15325509 fail : 1124 sz added : 130575745 sz_removed : 130575897 evicted : 207668
Trace computed : 8100000 2021-11-21 19:47:30.045126 10001400799 50656840 15520945 fail : 1133 sz added : 132203313 sz_removed : 132202639 evicted : 210228
Trace computed : 8200000 2021-11-21 19:47:58.493630 10001400702 50664994 15716977 fail : 1147 sz added : 133783638 sz_removed : 133783061 evicted : 212814
Trace computed : 8300000 2021-11-21 19:48:25.847571 10001400085 50673188 15912222 fail : 1163 sz added : 135418958 sz_removed : 135418998 evicted : 215415
Trace computed : 8400000 2021-11-21 19:48:53.700869 10001399942 50681019 16107856 fail : 1173 sz added : 136973383 sz_removed : 136973566 evicted : 217986
Trace computed : 8500000 2021-11-21 19:49:21.866479 10001404420 50688440 16302931 fail : 1186 sz added : 138531062 sz_removed : 138526767 evicted : 220654
Trace computed : 8600000 2021-11-21 19:49:49.368274 10001402549 50696569 16498438 fail : 1197 sz added : 140145352 sz_removed : 140142928 evicted : 223255
Trace computed : 8700000 2021-11-21 19:50:18.107888 10001401109 50704713 16694252 fail : 1207 sz added : 141720954 sz_removed : 141719970 evicted : 225789
Trace computed : 8800000 2021-11-21 19:50:46.572757 10001399947 50712313 16890601 fail : 1222 sz added : 143191660 sz_removed : 143191838 evicted : 228356
Trace computed : 8900000 2021-11-21 19:51:14.568983 10001403177 50720029 17085535 fail : 1228 sz added : 144754539 sz_removed : 144751487 evicted : 230986
Trace computed : 9000000 2021-11-21 19:51:42.880686 10001399611 50727254 17281089 fail : 1242 sz added : 146226687 sz_removed : 146227201 evicted : 233500
Trace computed : 9100000 2021-11-21 19:52:11.253030 10001401103 50735340 17476361 fail : 1255 sz added : 147803072 sz_removed : 147802094 evicted : 236106
Trace computed : 9200000 2021-11-21 19:52:39.162653 10001401768 50743405 17672450 fail : 1272 sz added : 149358396 sz_removed : 149356753 evicted : 238725
Trace computed : 9300000 2021-11-21 19:53:07.213662 10001399666 50751440 17869388 fail : 1290 sz added : 150952940 sz_removed : 150953399 evicted : 241250
Trace computed : 9400000 2021-11-21 19:53:35.516407 10001400659 50759137 18065291 fail : 1302 sz added : 152494844 sz_removed : 152494310 evicted : 243850
Trace computed : 9500000 2021-11-21 19:54:03.382293 10001397027 50766971 18262525 fail : 1312 sz added : 154105401 sz_removed : 154108499 evicted : 246384
Trace computed : 9600000 2021-11-21 19:54:31.850772 10001400099 50775538 18460260 fail : 1326 sz added : 155746515 sz_removed : 155746541 evicted : 249035
Trace computed : 9700000 2021-11-21 19:54:59.829358 10001400562 50783531 18658266 fail : 1334 sz added : 157296007 sz_removed : 157295570 evicted : 251679
Trace computed : 9800000 2021-11-21 19:55:27.672678 10001400042 50791335 18854392 fail : 1350 sz added : 158836639 sz_removed : 158836722 evicted : 254154
Trace computed : 9900000 2021-11-21 19:55:55.654083 10001399961 50799652 19050465 fail : 1365 sz added : 160529450 sz_removed : 160529614 evicted : 256825
Trace computed : 10000000 2021-11-21 19:56:24.111271 10001400167 50808348 19246213 fail : 1379 sz added : 162223016 sz_removed : 162222974 evicted : 259458
